vti_encoding:SR|utf8-nl
2008.08.03 23:13 B G:\\WEB SITE details\\4 My Webs currently used one 4\\Dog's folder\\Big b\\_vti_cnf\\Thumbs.db --> ftp.kmomocha.com /www/Dog's folder/Big b/_vti_cnf Thumbs.db
vti_timelastmodified:TR|03 Aug 2008 17:45:12 -0000
vti_extenderversion:SR|4.0.2.6513
2009.02.04 10:03 B G:
2009.02.04 11:49 B G:
2009.05.28 14:32 B G:\WEB SITE details\5 Web site  currently used one 5\Dog's folder\Big b\_vti_cnf\Big 13.jpg --> ftp.kmomocha.com /www/Dog's folder/Big b/_vti_cnf Big 13.jpg
2009.05.28 14:32 B G:\WEB SITE details\5 Web site  currently used one 5\Dog's folder\Big b\_vti_cnf\Big 23.jpg --> ftp.kmomocha.com /www/Dog's folder/Big b/_vti_cnf Big 23.jpg
2009.05.28 14:32 B G:\WEB SITE details\5 Web site  currently used one 5\Dog's folder\Big b\_vti_cnf\Big b 8.jpg --> ftp.kmomocha.com /www/Dog's folder/Big b/_vti_cnf Big b 8.jpg
2009.05.28 14:32 B G:\WEB SITE details\5 Web site  currently used one 5\Dog's folder\Big b\_vti_cnf\Big b1.jpg --> ftp.kmomocha.com /www/Dog's folder/Big b/_vti_cnf Big b1.jpg
2009.05.28 14:32 B G:\WEB SITE details\5 Web site  currently used one 5\Dog's folder\Big b\_vti_cnf\Big b10.jpg --> ftp.kmomocha.com /www/Dog's folder/Big b/_vti_cnf Big b10.jpg
2009.05.28 14:32 B G:\WEB SITE details\5 Web site  currently used one 5\Dog's folder\Big b\_vti_cnf\Big b11.jpg --> ftp.kmomocha.com /www/Dog's folder/Big b/_vti_cnf Big b11.jpg
2009.05.28 14:32 B G:\WEB SITE details\5 Web site  currently used one 5\Dog's folder\Big b\_vti_cnf\Big b12.jpg --> ftp.kmomocha.com /www/Dog's folder/Big b/_vti_cnf Big b12.jpg
2009.05.28 14:33 B G:\WEB SITE details\5 Web site  currently used one 5\Dog's folder\Big b\_vti_cnf\Big b15.jpg --> ftp.kmomocha.com /www/Dog's folder/Big b/_vti_cnf Big b15.jpg
2009.05.28 14:33 B G:\WEB SITE details\5 Web site  currently used one 5\Dog's folder\Big b\_vti_cnf\Big b17.jpg --> ftp.kmomocha.com /www/Dog's folder/Big b/_vti_cnf Big b17.jpg
2009.05.28 14:33 B G:\WEB SITE details\5 Web site  currently used one 5\Dog's folder\Big b\_vti_cnf\Big b18.jpg --> ftp.kmomocha.com /www/Dog's folder/Big b/_vti_cnf Big b18.jpg
2009.05.28 14:33 B G:\WEB SITE details\5 Web site  currently used one 5\Dog's folder\Big b\_vti_cnf\Big b19.jpg --> ftp.kmomocha.com /www/Dog's folder/Big b/_vti_cnf Big b19.jpg
2009.05.28 14:33 B G:\WEB SITE details\5 Web site  currently used one 5\Dog's folder\Big b\_vti_cnf\Big b2.jpg --> ftp.kmomocha.com /www/Dog's folder/Big b/_vti_cnf Big b2.jpg
2009.05.28 14:33 B G:\WEB SITE details\5 Web site  currently used one 5\Dog's folder\Big b\_vti_cnf\Big b20.jpg --> ftp.kmomocha.com /www/Dog's folder/Big b/_vti_cnf Big b20.jpg
2009.05.28 14:33 B G:\WEB SITE details\5 Web site  currently used one 5\Dog's folder\Big b\_vti_cnf\Big b21.jpg --> ftp.kmomocha.com /www/Dog's folder/Big b/_vti_cnf Big b21.jpg
2009.05.28 14:33 B G:\WEB SITE details\5 Web site  currently used one 5\Dog's folder\Big b\_vti_cnf\Big b22.jpg --> ftp.kmomocha.com /www/Dog's folder/Big b/_vti_cnf Big b22.jpg
2009.05.28 14:33 B G:\WEB SITE details\5 Web site  currently used one 5\Dog's folder\Big b\_vti_cnf\Big b24.jpg --> ftp.kmomocha.com /www/Dog's folder/Big b/_vti_cnf Big b24.jpg
2009.05.28 14:33 B G:\WEB SITE details\5 Web site  currently used one 5\Dog's folder\Big b\_vti_cnf\Big b25.jpg --> ftp.kmomocha.com /www/Dog's folder/Big b/_vti_cnf Big b25.jpg
2009.05.28 14:33 B G:\WEB SITE details\5 Web site  currently used one 5\Dog's folder\Big b\_vti_cnf\Big b26.jpg --> ftp.kmomocha.com /www/Dog's folder/Big b/_vti_cnf Big b26.jpg
2009.05.28 14:33 B G:\WEB SITE details\5 Web site  currently used one 5\Dog's folder\Big b\_vti_cnf\Big b27.jpg --> ftp.kmomocha.com /www/Dog's folder/Big b/_vti_cnf Big b27.jpg
2009.05.28 14:33 B G:\WEB SITE details\5 Web site  currently used one 5\Dog's folder\Big b\_vti_cnf\Big b28.jpg --> ftp.kmomocha.com /www/Dog's folder/Big b/_vti_cnf Big b28.jpg
2009.05.28 14:33 B G:\WEB SITE details\5 Web site  currently used one 5\Dog's folder\Big b\_vti_cnf\Big b29.jpg --> ftp.kmomocha.com /www/Dog's folder/Big b/_vti_cnf Big b29.jpg
2009.05.28 14:33 B G:\WEB SITE details\5 Web site  currently used one 5\Dog's folder\Big b\_vti_cnf\Big b3.jpg --> ftp.kmomocha.com /www/Dog's folder/Big b/_vti_cnf Big b3.jpg
2009.05.28 14:33 B G:\WEB SITE details\5 Web site  currently used one 5\Dog's folder\Big b\_vti_cnf\Big b30.jpg --> ftp.kmomocha.com /www/Dog's folder/Big b/_vti_cnf Big b30.jpg
2009.05.28 14:33 B G:\WEB SITE details\5 Web site  currently used one 5\Dog's folder\Big b\_vti_cnf\Big b31.jpg --> ftp.kmomocha.com /www/Dog's folder/Big b/_vti_cnf Big b31.jpg
2009.05.28 14:33 B G:\WEB SITE details\5 Web site  currently used one 5\Dog's folder\Big b\_vti_cnf\Big b32.jpg --> ftp.kmomocha.com /www/Dog's folder/Big b/_vti_cnf Big b32.jpg
2009.05.28 14:33 B G:\WEB SITE details\5 Web site  currently used one 5\Dog's folder\Big b\_vti_cnf\Big b33.jpg --> ftp.kmomocha.com /www/Dog's folder/Big b/_vti_cnf Big b33.jpg
2009.05.28 14:33 B G:\WEB SITE details\5 Web site  currently used one 5\Dog's folder\Big b\_vti_cnf\Big b34.jpg --> ftp.kmomocha.com /www/Dog's folder/Big b/_vti_cnf Big b34.jpg
2009.05.28 14:33 B G:\WEB SITE details\5 Web site  currently used one 5\Dog's folder\Big b\_vti_cnf\Big b35.jpg --> ftp.kmomocha.com /www/Dog's folder/Big b/_vti_cnf Big b35.jpg
2009.05.28 14:33 B G:\WEB SITE details\5 Web site  currently used one 5\Dog's folder\Big b\_vti_cnf\Big b36.jpg --> ftp.kmomocha.com /www/Dog's folder/Big b/_vti_cnf Big b36.jpg
2009.05.28 14:33 B G:\WEB SITE details\5 Web site  currently used one 5\Dog's folder\Big b\_vti_cnf\Big b37.jpg --> ftp.kmomocha.com /www/Dog's folder/Big b/_vti_cnf Big b37.jpg
2009.05.28 14:33 B G:\WEB SITE details\5 Web site  currently used one 5\Dog's folder\Big b\_vti_cnf\Big b38.jpg --> ftp.kmomocha.com /www/Dog's folder/Big b/_vti_cnf Big b38.jpg
2009.05.28 14:33 B G:\WEB SITE details\5 Web site  currently used one 5\Dog's folder\Big b\_vti_cnf\Big b39.jpg --> ftp.kmomocha.com /www/Dog's folder/Big b/_vti_cnf Big b39.jpg
2009.05.28 14:33 B G:\WEB SITE details\5 Web site  currently used one 5\Dog's folder\Big b\_vti_cnf\Big b4.jpg --> ftp.kmomocha.com /www/Dog's folder/Big b/_vti_cnf Big b4.jpg
2009.05.28 14:33 B G:\WEB SITE details\5 Web site  currently used one 5\Dog's folder\Big b\_vti_cnf\Big b40.jpg --> ftp.kmomocha.com /www/Dog's folder/Big b/_vti_cnf Big b40.jpg
2009.05.28 14:33 B G:\WEB SITE details\5 Web site  currently used one 5\Dog's folder\Big b\_vti_cnf\Big b5.jpg --> ftp.kmomocha.com /www/Dog's folder/Big b/_vti_cnf Big b5.jpg
2009.05.28 14:33 B G:\WEB SITE details\5 Web site  currently used one 5\Dog's folder\Big b\_vti_cnf\Big b6.jpg --> ftp.kmomocha.com /www/Dog's folder/Big b/_vti_cnf Big b6.jpg
2009.05.28 14:33 B G:\WEB SITE details\5 Web site  currently used one 5\Dog's folder\Big b\_vti_cnf\Big b7.jpg --> ftp.kmomocha.com /www/Dog's folder/Big b/_vti_cnf Big b7.jpg
2009.05.28 14:33 B G:\WEB SITE details\5 Web site  currently used one 5\Dog's folder\Big b\_vti_cnf\Big b9.jpg --> ftp.kmomocha.com /www/Dog's folder/Big b/_vti_cnf Big b9.jpg
2009.05.28 14:33 B G:\WEB SITE details\5 Web site  currently used one 5\Dog's folder\Big b\_vti_cnf\Big_b14.jpg --> ftp.kmomocha.com /www/Dog's folder/Big b/_vti_cnf Big_b14.jpg
2009.05.28 14:33 B G:\WEB SITE details\5 Web site  currently used one 5\Dog's folder\Big b\_vti_cnf\Thumbs.db --> ftp.kmomocha.com /www/Dog's folder/Big b/_vti_cnf Thumbs.db
2009.05.28 14:33 B G:\WEB SITE details\5 Web site  currently used one 5\Dog's folder\Big b\_vti_cnf\WS_FTP.LOG --> ftp.kmomocha.com /www/Dog's folder/Big b/_vti_cnf WS_FTP.LOG
