2008.07.29 09:22 B G:\WEB SITE details\4 My Webs currently used one 4\Dog's folder\GD.gif --> ftp.kmomocha.com /Dog's folder GD.gif
2008.07.29 09:22 B G:\WEB SITE details\4 My Webs currently used one 4\Dog's folder\GD1.jpg --> ftp.kmomocha.com /Dog's folder GD1.jpg
2008.07.29 09:22 B G:\WEB SITE details\4 My Webs currently used one 4\Dog's folder\GD2.jpg --> ftp.kmomocha.com /Dog's folder GD2.jpg
2008.07.29 09:22 B G:\WEB SITE details\4 My Webs currently used one 4\Dog's folder\GD3.jpg --> ftp.kmomocha.com /Dog's folder GD3.jpg
2008.07.29 09:22 B G:\WEB SITE details\4 My Webs currently used one 4\Dog's folder\GD4.jpg --> ftp.kmomocha.com /Dog's folder GD4.jpg
2008.07.29 09:22 B G:\WEB SITE details\4 My Webs currently used one 4\Dog's folder\GD5.jpg --> ftp.kmomocha.com /Dog's folder GD5.jpg
2008.07.29 09:22 B G:\WEB SITE details\4 My Webs currently used one 4\Dog's folder\GD6.jpg --> ftp.kmomocha.com /Dog's folder GD6.jpg
2008.07.29 09:22 B G:\WEB SITE details\4 My Webs currently used one 4\Dog's folder\GD7.jpg --> ftp.kmomocha.com /Dog's folder GD7.jpg
2008.07.29 09:22 B G:\WEB SITE details\4 My Webs currently used one 4\Dog's folder\Thumbs.db --> ftp.kmomocha.com /Dog's folder Thumbs.db
2008.07.29 09:32 B G:\WEB SITE details\4 My Webs currently used one 4\Dog's folder\GD.gif <-- Ipswitch /Dog's folder GD.gif
2008.07.29 09:32 B G:\WEB SITE details\4 My Webs currently used one 4\Dog's folder\GD1.jpg <-- Ipswitch /Dog's folder GD1.jpg
2008.07.29 09:32 B G:\WEB SITE details\4 My Webs currently used one 4\Dog's folder\GD2.jpg <-- Ipswitch /Dog's folder GD2.jpg
2008.07.29 09:32 B G:\WEB SITE details\4 My Webs currently used one 4\Dog's folder\GD3.jpg <-- Ipswitch /Dog's folder GD3.jpg
2008.07.29 09:32 B G:\WEB SITE details\4 My Webs currently used one 4\Dog's folder\GD4.jpg <-- Ipswitch /Dog's folder GD4.jpg
2008.07.29 09:32 B G:\WEB SITE details\4 My Webs currently used one 4\Dog's folder\GD5.jpg <-- Ipswitch /Dog's folder GD5.jpg
2008.07.29 09:32 B G:\WEB SITE details\4 My Webs currently used one 4\Dog's folder\GD6.jpg <-- Ipswitch /Dog's folder GD6.jpg
2008.07.29 09:33 B G:\WEB SITE details\4 My Webs currently used one 4\Dog's folder\GD7.jpg <-- Ipswitch /Dog's folder GD7.jpg
2008.07.29 09:40 B G:\WEB SITE details\4 My Webs currently used one 4\Dog's folder\GD.gif --> ftp.kmomocha.com /www/Dog's folder GD.gif
2008.07.29 09:40 B G:\WEB SITE details\4 My Webs currently used one 4\Dog's folder\GD1.jpg --> ftp.kmomocha.com /www/Dog's folder GD1.jpg
2008.07.29 09:40 B G:\WEB SITE details\4 My Webs currently used one 4\Dog's folder\GD2.jpg --> ftp.kmomocha.com /www/Dog's folder GD2.jpg
2008.07.29 09:40 B G:\WEB SITE details\4 My Webs currently used one 4\Dog's folder\GD3.jpg --> ftp.kmomocha.com /www/Dog's folder GD3.jpg
2008.07.29 09:40 B G:\WEB SITE details\4 My Webs currently used one 4\Dog's folder\GD4.jpg --> ftp.kmomocha.com /www/Dog's folder GD4.jpg
2008.07.29 09:40 B G:\WEB SITE details\4 My Webs currently used one 4\Dog's folder\GD5.jpg --> ftp.kmomocha.com /www/Dog's folder GD5.jpg
2008.07.29 09:40 B G:\WEB SITE details\4 My Webs currently used one 4\Dog's folder\GD6.jpg --> ftp.kmomocha.com /www/Dog's folder GD6.jpg
2008.07.29 09:40 B G:\WEB SITE details\4 My Webs currently used one 4\Dog's folder\GD7.jpg --> ftp.kmomocha.com /www/Dog's folder GD7.jpg
2008.07.29 09:40 B G:\WEB SITE details\4 My Webs currently used one 4\Dog's folder\Thumbs.db --> ftp.kmomocha.com /www/Dog's folder Thumbs.db
2008.07.29 09:40 B G:\WEB SITE details\4 My Webs currently used one 4\Dog's folder\WS_FTP.LOG --> ftp.kmomocha.com /www/Dog's folder WS_FTP.LOG
2008.07.29 12:00 B G:\WEB SITE details\4 My Webs currently used one 4\Dog's folder\Thumbs.db --> ftp.kmomocha.com /www/Dog's folder Thumbs.db
2008.07.29 12:00 B G:\WEB SITE details\4 My Webs currently used one 4\Dog's folder\WS_FTP.LOG --> ftp.kmomocha.com /www/Dog's folder WS_FTP.LOG
2008.07.29 22:10 B G:\WEB SITE details\4 My Webs currently used one 4\Dog's folder\c4.jpg --> ftp.kmomocha.com /www/Dog's folder c4.jpg
2008.07.29 22:10 B G:\WEB SITE details\4 My Webs currently used one 4\Dog's folder\GD10.jpg --> ftp.kmomocha.com /www/Dog's folder GD10.jpg
2008.07.29 22:10 B G:\WEB SITE details\4 My Webs currently used one 4\Dog's folder\GD11.jpg --> ftp.kmomocha.com /www/Dog's folder GD11.jpg
2008.07.29 22:10 B G:\WEB SITE details\4 My Webs currently used one 4\Dog's folder\GD2.jpg --> ftp.kmomocha.com /www/Dog's folder GD2.jpg
2008.07.29 22:10 B G:\WEB SITE details\4 My Webs currently used one 4\Dog's folder\GD3.jpg --> ftp.kmomocha.com /www/Dog's folder GD3.jpg
2008.07.29 22:11 B G:\WEB SITE details\4 My Webs currently used one 4\Dog's folder\GD4.jpg --> ftp.kmomocha.com /www/Dog's folder GD4.jpg
2008.07.29 22:11 B G:\WEB SITE details\4 My Webs currently used one 4\Dog's folder\GD5.jpg --> ftp.kmomocha.com /www/Dog's folder GD5.jpg
2008.07.29 22:11 B G:\WEB SITE details\4 My Webs currently used one 4\Dog's folder\GD6.jpg --> ftp.kmomocha.com /www/Dog's folder GD6.jpg
2008.07.29 22:11 B G:\WEB SITE details\4 My Webs currently used one 4\Dog's folder\GD7.jpg --> ftp.kmomocha.com /www/Dog's folder GD7.jpg
2008.07.29 22:11 B G:\WEB SITE details\4 My Webs currently used one 4\Dog's folder\GD8.jpg --> ftp.kmomocha.com /www/Dog's folder GD8.jpg
2008.07.29 22:11 B G:\WEB SITE details\4 My Webs currently used one 4\Dog's folder\GD9.jpg --> ftp.kmomocha.com /www/Dog's folder GD9.jpg
2008.07.29 22:15 B G:\WEB SITE details\4 My Webs currently used one 4\Dog's folder\Rani video.wmv --> ftp.kmomocha.com /www/Dog's folder Rani video.wmv
2008.07.29 22:15 B G:\WEB SITE details\4 My Webs currently used one 4\Dog's folder\Thumbs.db --> ftp.kmomocha.com /www/Dog's folder Thumbs.db
2008.07.29 22:15 B G:\WEB SITE details\4 My Webs currently used one 4\Dog's folder\WS_FTP.LOG --> ftp.kmomocha.com /www/Dog's folder WS_FTP.LOG
2008.07.30 03:42 B G:\WEB SITE details\4 My Webs currently used one 4\Dog's folder\C1.jpg --> ftp.kmomocha.com /www/Dog's folder C1.jpg
2008.07.30 03:42 B G:\WEB SITE details\4 My Webs currently used one 4\Dog's folder\C2.jpg --> ftp.kmomocha.com /www/Dog's folder C2.jpg
2008.07.30 03:42 B G:\WEB SITE details\4 My Webs currently used one 4\Dog's folder\C3.jpg --> ftp.kmomocha.com /www/Dog's folder C3.jpg
2008.07.30 03:42 B G:\WEB SITE details\4 My Webs currently used one 4\Dog's folder\c4.gif --> ftp.kmomocha.com /www/Dog's folder c4.gif
2008.07.30 03:42 B G:\WEB SITE details\4 My Webs currently used one 4\Dog's folder\c4.jpg --> ftp.kmomocha.com /www/Dog's folder c4.jpg
2008.07.30 03:42 B G:\WEB SITE details\4 My Webs currently used one 4\Dog's folder\C5.jpg --> ftp.kmomocha.com /www/Dog's folder C5.jpg
2008.07.30 03:42 B G:\WEB SITE details\4 My Webs currently used one 4\Dog's folder\C6.jpg --> ftp.kmomocha.com /www/Dog's folder C6.jpg
2008.07.30 03:42 B G:\WEB SITE details\4 My Webs currently used one 4\Dog's folder\C7.jpg --> ftp.kmomocha.com /www/Dog's folder C7.jpg
2008.07.30 03:42 B G:\WEB SITE details\4 My Webs currently used one 4\Dog's folder\C8.jpg --> ftp.kmomocha.com /www/Dog's folder C8.jpg
2008.07.30 03:42 B G:\WEB SITE details\4 My Webs currently used one 4\Dog's folder\GD10.jpg --> ftp.kmomocha.com /www/Dog's folder GD10.jpg
2008.07.30 03:42 B G:\WEB SITE details\4 My Webs currently used one 4\Dog's folder\GD11.jpg --> ftp.kmomocha.com /www/Dog's folder GD11.jpg
2008.07.30 03:42 B G:\WEB SITE details\4 My Webs currently used one 4\Dog's folder\GD2.jpg --> ftp.kmomocha.com /www/Dog's folder GD2.jpg
2008.07.30 03:42 B G:\WEB SITE details\4 My Webs currently used one 4\Dog's folder\GD3.jpg --> ftp.kmomocha.com /www/Dog's folder GD3.jpg
2008.07.30 03:42 B G:\WEB SITE details\4 My Webs currently used one 4\Dog's folder\GD4.jpg --> ftp.kmomocha.com /www/Dog's folder GD4.jpg
2008.07.30 03:42 B G:\WEB SITE details\4 My Webs currently used one 4\Dog's folder\GD5.jpg --> ftp.kmomocha.com /www/Dog's folder GD5.jpg
2008.07.30 03:42 B G:\WEB SITE details\4 My Webs currently used one 4\Dog's folder\GD6.jpg --> ftp.kmomocha.com /www/Dog's folder GD6.jpg
2008.07.30 03:42 B G:\WEB SITE details\4 My Webs currently used one 4\Dog's folder\GD7.jpg --> ftp.kmomocha.com /www/Dog's folder GD7.jpg
2008.07.30 03:42 B G:\WEB SITE details\4 My Webs currently used one 4\Dog's folder\GD8.jpg --> ftp.kmomocha.com /www/Dog's folder GD8.jpg
2008.07.30 03:42 B G:\WEB SITE details\4 My Webs currently used one 4\Dog's folder\GD9.jpg --> ftp.kmomocha.com /www/Dog's folder GD9.jpg
2008.07.30 03:44 B G:\WEB SITE details\4 My Webs currently used one 4\Dog's folder\Rani video.wmv --> ftp.kmomocha.com /www/Dog's folder Rani video.wmv
2008.07.30 03:44 B G:\WEB SITE details\4 My Webs currently used one 4\Dog's folder\Thumbs.db --> ftp.kmomocha.com /www/Dog's folder Thumbs.db
2008.07.30 03:44 B G:\WEB SITE details\4 My Webs currently used one 4\Dog's folder\WS_FTP.LOG --> ftp.kmomocha.com /www/Dog's folder WS_FTP.LOG
2008.08.01 20:59 B G:\WEB SITE details\4 My Webs currently used one 4\Dog's folder\C1.jpg --> ftp.kmomocha.com /www/Dog's folder C1.jpg
2008.08.01 20:59 B G:\WEB SITE details\4 My Webs currently used one 4\Dog's folder\C2.jpg --> ftp.kmomocha.com /www/Dog's folder C2.jpg
2008.08.01 20:59 B G:\WEB SITE details\4 My Webs currently used one 4\Dog's folder\C3.jpg --> ftp.kmomocha.com /www/Dog's folder C3.jpg
2008.08.01 20:59 B G:\WEB SITE details\4 My Webs currently used one 4\Dog's folder\c4.gif --> ftp.kmomocha.com /www/Dog's folder c4.gif
2008.08.01 20:59 B G:\WEB SITE details\4 My Webs currently used one 4\Dog's folder\c4.jpg --> ftp.kmomocha.com /www/Dog's folder c4.jpg
2008.08.01 20:59 B G:\WEB SITE details\4 My Webs currently used one 4\Dog's folder\C5.jpg --> ftp.kmomocha.com /www/Dog's folder C5.jpg
2008.08.01 20:59 B G:\WEB SITE details\4 My Webs currently used one 4\Dog's folder\C6.jpg --> ftp.kmomocha.com /www/Dog's folder C6.jpg
2008.08.01 20:59 B G:\WEB SITE details\4 My Webs currently used one 4\Dog's folder\C7.jpg --> ftp.kmomocha.com /www/Dog's folder C7.jpg
2008.08.01 20:59 B G:\WEB SITE details\4 My Webs currently used one 4\Dog's folder\C8.jpg --> ftp.kmomocha.com /www/Dog's folder C8.jpg
2008.08.01 20:59 B G:\WEB SITE details\4 My Webs currently used one 4\Dog's folder\GD10.jpg --> ftp.kmomocha.com /www/Dog's folder GD10.jpg
2008.08.01 20:59 B G:\WEB SITE details\4 My Webs currently used one 4\Dog's folder\GD11.jpg --> ftp.kmomocha.com /www/Dog's folder GD11.jpg
2008.08.01 20:59 B G:\WEB SITE details\4 My Webs currently used one 4\Dog's folder\GD2.jpg --> ftp.kmomocha.com /www/Dog's folder GD2.jpg
2008.08.01 20:59 B G:\WEB SITE details\4 My Webs currently used one 4\Dog's folder\GD3.jpg --> ftp.kmomocha.com /www/Dog's folder GD3.jpg
2008.08.01 20:59 B G:\WEB SITE details\4 My Webs currently used one 4\Dog's folder\GD4.jpg --> ftp.kmomocha.com /www/Dog's folder GD4.jpg
2008.08.01 20:59 B G:\WEB SITE details\4 My Webs currently used one 4\Dog's folder\GD5.jpg --> ftp.kmomocha.com /www/Dog's folder GD5.jpg
2008.08.01 20:59 B G:\WEB SITE details\4 My Webs currently used one 4\Dog's folder\GD6.jpg --> ftp.kmomocha.com /www/Dog's folder GD6.jpg
2008.08.01 20:59 B G:\WEB SITE details\4 My Webs currently used one 4\Dog's folder\GD7.jpg --> ftp.kmomocha.com /www/Dog's folder GD7.jpg
2008.08.01 20:59 B G:\WEB SITE details\4 My Webs currently used one 4\Dog's folder\GD8.jpg --> ftp.kmomocha.com /www/Dog's folder GD8.jpg
2008.08.01 20:59 B G:\WEB SITE details\4 My Webs currently used one 4\Dog's folder\GD9.jpg --> ftp.kmomocha.com /www/Dog's folder GD9.jpg
2008.08.01 21:00 B G:\WEB SITE details\4 My Webs currently used one 4\Dog's folder\p1.jpg --> ftp.kmomocha.com /www/Dog's folder p1.jpg
2008.08.01 21:00 B G:\WEB SITE details\4 My Webs currently used one 4\Dog's folder\p2.jpg --> ftp.kmomocha.com /www/Dog's folder p2.jpg
2008.08.01 21:00 B G:\WEB SITE details\4 My Webs currently used one 4\Dog's folder\p3.jpg --> ftp.kmomocha.com /www/Dog's folder p3.jpg
2008.08.01 21:00 B G:\WEB SITE details\4 My Webs currently used one 4\Dog's folder\p4.jpg --> ftp.kmomocha.com /www/Dog's folder p4.jpg
2008.08.01 21:01 B G:\WEB SITE details\4 My Webs currently used one 4\Dog's folder\Rani video.wmv --> ftp.kmomocha.com /www/Dog's folder Rani video.wmv
2008.08.01 21:01 B G:\WEB SITE details\4 My Webs currently used one 4\Dog's folder\Thumbs.db --> ftp.kmomocha.com /www/Dog's folder Thumbs.db
2008.08.01 21:01 B G:\WEB SITE details\4 My Webs currently used one 4\Dog's folder\WS_FTP.LOG --> ftp.kmomocha.com /www/Dog's folder WS_FTP.LOG
2008.08.07 11:37 B G:\WEB SITE details\4 My Webs currently used one 4\Dog's folder\pupy.gif --> ftp.kmomocha.com /www/Dog's folder pupy.gif
2009.02.04 11:50 B G:\WEB SITE details\4 My Webs currently used one 4\Dog's folder\pupy.gif --> 69.93.185.18 /www/4 My Webs currently used one 4/Dog's folder pupy.gif
2009.02.04 11:52 B G:\WEB SITE details\4 My Webs currently used one 4\Dog's folder\Rani video.wmv --> 69.93.185.18 /www/4 My Webs currently used one 4/Dog's folder Rani video.wmv
2009.02.04 11:52 B G:\WEB SITE details\4 My Webs currently used one 4\Dog's folder\Thumbs.db --> 69.93.185.18 /www/4 My Webs currently used one 4/Dog's folder Thumbs.db
2009.02.04 11:52 B G:\WEB SITE details\4 My Webs currently used one 4\Dog's folder\WS_FTP.LOG --> 69.93.185.18 /www/4 My Webs currently used one 4/Dog's folder WS_FTP.LOG
2009.05.28 14:34 B G:\WEB SITE details\5 Web site  currently used one 5\Dog's folder\pupy.gif --> ftp.kmomocha.com /www/Dog's folder pupy.gif
2009.05.28 14:34 B G:\WEB SITE details\5 Web site  currently used one 5\Dog's folder\Thumbs.db --> ftp.kmomocha.com /www/Dog's folder Thumbs.db
2009.05.28 14:34 B G:\WEB SITE details\5 Web site  currently used one 5\Dog's folder\WS_FTP.LOG --> ftp.kmomocha.com /www/Dog's folder WS_FTP.LOG
