2007.03.04 01:10 B E:\WEB SITE details\Web site with video(Currently used)\My Webs\_vti_pvt\service.lck --> ftp.kmomocha.com /www/_vti_pvt service.lck
2007.03.04 01:10 B E:\WEB SITE details\Web site with video(Currently used)\My Webs\_vti_pvt\doctodep.btr --> ftp.kmomocha.com /www/_vti_pvt doctodep.btr
2007.03.04 01:10 B E:\WEB SITE details\Web site with video(Currently used)\My Webs\_vti_pvt\deptodoc.btr --> ftp.kmomocha.com /www/_vti_pvt deptodoc.btr
2007.03.04 01:10 B E:\WEB SITE details\Web site with video(Currently used)\My Webs\_vti_pvt\linkinfo.cnf --> ftp.kmomocha.com /www/_vti_pvt linkinfo.cnf
2007.03.04 01:10 B E:\WEB SITE details\Web site with video(Currently used)\My Webs\_vti_pvt\services.cnf --> ftp.kmomocha.com /www/_vti_pvt services.cnf
2007.03.04 01:10 B E:\WEB SITE details\Web site with video(Currently used)\My Webs\_vti_pvt\bots.cnf --> ftp.kmomocha.com /www/_vti_pvt bots.cnf
2007.03.04 01:10 B E:\WEB SITE details\Web site with video(Currently used)\My Webs\_vti_pvt\botinfs.cnf --> ftp.kmomocha.com /www/_vti_pvt botinfs.cnf
2007.03.07 09:02 B I:\My Webs\_vti_pvt\deptodoc.btr --> ftp.kmomocha.com /www/_vti_pvt deptodoc.btr
2007.03.07 09:02 B I:\My Webs\_vti_pvt\doctodep.btr --> ftp.kmomocha.com /www/_vti_pvt doctodep.btr
2007.03.07 09:02 B I:\My Webs\_vti_pvt\linkinfo.cnf --> ftp.kmomocha.com /www/_vti_pvt linkinfo.cnf
2007.03.07 09:02 B I:\My Webs\_vti_pvt\service.cnf --> ftp.kmomocha.com /www/_vti_pvt service.cnf
2007.03.07 09:03 B I:\My Webs\_vti_pvt\service.lck --> ftp.kmomocha.com /www/_vti_pvt service.lck
2007.03.07 09:03 B I:\My Webs\_vti_pvt\writeto.cnf --> ftp.kmomocha.com /www/_vti_pvt writeto.cnf
2007.03.07 09:03 B I:\My Webs\_vti_pvt\WS_FTP.LOG --> ftp.kmomocha.com /www/_vti_pvt WS_FTP.LOG
2007.03.10 00:30 B I:\My Webs\_vti_pvt\deptodoc.btr --> ftp.kmomocha.com /www/_vti_pvt deptodoc.btr
2007.03.10 00:30 B I:\My Webs\_vti_pvt\doctodep.btr --> ftp.kmomocha.com /www/_vti_pvt doctodep.btr
2007.03.10 00:30 B I:\My Webs\_vti_pvt\linkinfo.cnf --> ftp.kmomocha.com /www/_vti_pvt linkinfo.cnf
2007.03.10 00:30 B I:\My Webs\_vti_pvt\service.lck --> ftp.kmomocha.com /www/_vti_pvt service.lck
2007.03.10 00:30 B I:\My Webs\_vti_pvt\WS_FTP.LOG --> ftp.kmomocha.com /www/_vti_pvt WS_FTP.LOG
2007.03.10 22:31 B I:\My Webs\_vti_pvt\deptodoc.btr --> ftp.kmomocha.com /www/_vti_pvt deptodoc.btr
2007.03.10 22:31 B I:\My Webs\_vti_pvt\doctodep.btr --> ftp.kmomocha.com /www/_vti_pvt doctodep.btr
2007.03.10 22:31 B I:\My Webs\_vti_pvt\linkinfo.cnf --> ftp.kmomocha.com /www/_vti_pvt linkinfo.cnf
2007.03.10 22:31 B I:\My Webs\_vti_pvt\service.lck --> ftp.kmomocha.com /www/_vti_pvt service.lck
2007.03.10 22:31 B I:\My Webs\_vti_pvt\WS_FTP.LOG --> ftp.kmomocha.com /www/_vti_pvt WS_FTP.LOG
2007.03.13 14:43 B I:\My Webs\_vti_pvt\deptodoc.btr --> ftp.kmomocha.com /www/_vti_pvt deptodoc.btr
2007.03.13 14:43 B I:\My Webs\_vti_pvt\doctodep.btr --> ftp.kmomocha.com /www/_vti_pvt doctodep.btr
2007.03.13 14:43 B I:\My Webs\_vti_pvt\linkinfo.cnf --> ftp.kmomocha.com /www/_vti_pvt linkinfo.cnf
2007.03.13 14:43 B I:\My Webs\_vti_pvt\service.lck --> ftp.kmomocha.com /www/_vti_pvt service.lck
2007.03.13 14:43 B I:\My Webs\_vti_pvt\WS_FTP.LOG --> ftp.kmomocha.com /www/_vti_pvt WS_FTP.LOG
2007.03.13 15:09 B I:\My Webs\_vti_pvt\deptodoc.btr --> ftp.kmomocha.com /www/_vti_pvt deptodoc.btr
2007.03.13 15:09 B I:\My Webs\_vti_pvt\doctodep.btr --> ftp.kmomocha.com /www/_vti_pvt doctodep.btr
2007.03.13 15:09 B I:\My Webs\_vti_pvt\linkinfo.cnf --> ftp.kmomocha.com /www/_vti_pvt linkinfo.cnf
2007.03.13 15:09 B I:\My Webs\_vti_pvt\service.lck --> ftp.kmomocha.com /www/_vti_pvt service.lck
2007.03.13 15:09 B I:\My Webs\_vti_pvt\WS_FTP.LOG --> ftp.kmomocha.com /www/_vti_pvt WS_FTP.LOG
2007.03.13 16:54 B I:\My Webs\_vti_pvt\deptodoc.btr --> ftp.kmomocha.com /www/_vti_pvt deptodoc.btr
2007.03.13 16:54 B I:\My Webs\_vti_pvt\doctodep.btr --> ftp.kmomocha.com /www/_vti_pvt doctodep.btr
2007.03.13 16:54 B I:\My Webs\_vti_pvt\linkinfo.cnf --> ftp.kmomocha.com /www/_vti_pvt linkinfo.cnf
2007.03.13 16:54 B I:\My Webs\_vti_pvt\service.lck --> ftp.kmomocha.com /www/_vti_pvt service.lck
2007.03.13 16:55 B I:\My Webs\_vti_pvt\WS_FTP.LOG --> ftp.kmomocha.com /www/_vti_pvt WS_FTP.LOG
2007.03.26 11:48 B I:\My Webs2\_vti_pvt\deptodoc.btr --> ftp.kmomocha.com /www/_vti_pvt deptodoc.btr
2007.03.26 11:48 B I:\My Webs2\_vti_pvt\doctodep.btr --> ftp.kmomocha.com /www/_vti_pvt doctodep.btr
2007.03.26 11:48 B I:\My Webs2\_vti_pvt\linkinfo.cnf --> ftp.kmomocha.com /www/_vti_pvt linkinfo.cnf
2007.03.26 11:48 B I:\My Webs2\_vti_pvt\service.lck --> ftp.kmomocha.com /www/_vti_pvt service.lck
2007.03.26 11:48 B I:\My Webs2\_vti_pvt\WS_FTP.LOG --> ftp.kmomocha.com /www/_vti_pvt WS_FTP.LOG
2007.03.26 12:12 B I:\My Webs2\_vti_pvt\deptodoc.btr --> ftp.kmomocha.com /www/_vti_pvt deptodoc.btr
2007.03.26 12:12 B I:\My Webs2\_vti_pvt\doctodep.btr --> ftp.kmomocha.com /www/_vti_pvt doctodep.btr
2007.03.26 12:12 B I:\My Webs2\_vti_pvt\linkinfo.cnf --> ftp.kmomocha.com /www/_vti_pvt linkinfo.cnf
2007.03.26 12:12 B I:\My Webs2\_vti_pvt\service.lck --> ftp.kmomocha.com /www/_vti_pvt service.lck
2007.03.26 12:12 B I:\My Webs2\_vti_pvt\WS_FTP.LOG --> ftp.kmomocha.com /www/_vti_pvt WS_FTP.LOG
2007.03.27 16:11 B I:\My Webs\_vti_pvt\deptodoc.btr --> ftp.kmomocha.com /www/_vti_pvt deptodoc.btr
2007.03.27 16:11 B I:\My Webs\_vti_pvt\doctodep.btr --> ftp.kmomocha.com /www/_vti_pvt doctodep.btr
2007.03.27 16:11 B I:\My Webs\_vti_pvt\linkinfo.cnf --> ftp.kmomocha.com /www/_vti_pvt linkinfo.cnf
2007.03.27 16:12 B I:\My Webs\_vti_pvt\service.lck --> ftp.kmomocha.com /www/_vti_pvt service.lck
2007.03.27 16:12 B I:\My Webs\_vti_pvt\WS_FTP.LOG --> ftp.kmomocha.com /www/_vti_pvt WS_FTP.LOG
2007.03.27 16:47 B I:\My Webs\_vti_pvt\service.lck --> ftp.kmomocha.com /www/_vti_pvt service.lck
2007.03.27 16:47 B I:\My Webs\_vti_pvt\WS_FTP.LOG --> ftp.kmomocha.com /www/_vti_pvt WS_FTP.LOG
2008.07.30 23:06 B G:\WEB SITE details\4 My Webs currently used one 4\_vti_pvt\deptodoc.btr --> ftp.kmomocha.com /www/_vti_pvt deptodoc.btr
2008.07.30 23:07 B G:\WEB SITE details\4 My Webs currently used one 4\_vti_pvt\doctodep.btr --> ftp.kmomocha.com /www/_vti_pvt doctodep.btr
2008.07.30 23:07 B G:\WEB SITE details\4 My Webs currently used one 4\_vti_pvt\linkinfo.cnf --> ftp.kmomocha.com /www/_vti_pvt linkinfo.cnf
2008.07.30 23:07 B G:\WEB SITE details\4 My Webs currently used one 4\_vti_pvt\service.cnf --> ftp.kmomocha.com /www/_vti_pvt service.cnf
2008.07.30 23:07 B G:\WEB SITE details\4 My Webs currently used one 4\_vti_pvt\service.lck --> ftp.kmomocha.com /www/_vti_pvt service.lck
2008.07.30 23:07 B G:\WEB SITE details\4 My Webs currently used one 4\_vti_pvt\writeto.cnf --> ftp.kmomocha.com /www/_vti_pvt writeto.cnf
2008.07.30 23:07 B G:\WEB SITE details\4 My Webs currently used one 4\_vti_pvt\WS_FTP.LOG --> ftp.kmomocha.com /www/_vti_pvt WS_FTP.LOG
2009.02.04 09:58 B G:\WEB SITE details\4 My Webs currently used one 4\_vti_pvt\botinfs.cnf --> 69.93.185.18 /www/4 My Webs currently used one 4/_vti_pvt botinfs.cnf
2009.02.04 09:58 B G:\WEB SITE details\4 My Webs currently used one 4\_vti_pvt\bots.cnf --> 69.93.185.18 /www/4 My Webs currently used one 4/_vti_pvt bots.cnf
2009.02.04 09:58 B G:\WEB SITE details\4 My Webs currently used one 4\_vti_pvt\deptodoc.btr --> 69.93.185.18 /www/4 My Webs currently used one 4/_vti_pvt deptodoc.btr
2009.02.04 09:58 B G:\WEB SITE details\4 My Webs currently used one 4\_vti_pvt\doctodep.btr --> 69.93.185.18 /www/4 My Webs currently used one 4/_vti_pvt doctodep.btr
2009.02.04 09:58 B G:\WEB SITE details\4 My Webs currently used one 4\_vti_pvt\linkinfo.cnf --> 69.93.185.18 /www/4 My Webs currently used one 4/_vti_pvt linkinfo.cnf
2009.02.04 09:58 B G:\WEB SITE details\4 My Webs currently used one 4\_vti_pvt\service.cnf --> 69.93.185.18 /www/4 My Webs currently used one 4/_vti_pvt service.cnf
2009.02.04 09:59 B G:\WEB SITE details\4 My Webs currently used one 4\_vti_pvt\service.lck --> 69.93.185.18 /www/4 My Webs currently used one 4/_vti_pvt service.lck
2009.02.04 09:59 B G:\WEB SITE details\4 My Webs currently used one 4\_vti_pvt\services.cnf --> 69.93.185.18 /www/4 My Webs currently used one 4/_vti_pvt services.cnf
2009.02.04 09:59 B G:\WEB SITE details\4 My Webs currently used one 4\_vti_pvt\structure.cnf --> 69.93.185.18 /www/4 My Webs currently used one 4/_vti_pvt structure.cnf
2009.02.04 09:59 B G:\WEB SITE details\4 My Webs currently used one 4\_vti_pvt\writeto.cnf --> 69.93.185.18 /www/4 My Webs currently used one 4/_vti_pvt writeto.cnf
2009.02.04 09:59 B G:\WEB SITE details\4 My Webs currently used one 4\_vti_pvt\WS_FTP.LOG --> 69.93.185.18 /www/4 My Webs currently used one 4/_vti_pvt WS_FTP.LOG
2009.02.04 11:36 B G:\WEB SITE details\4 My Webs currently used one 4\_vti_pvt\WS_FTP.LOG --> 69.93.185.18 /www/4 My Webs currently used one 4/_vti_pvt WS_FTP.LOG
2009.02.04 11:48 B G:\WEB SITE details\4 My Webs currently used one 4\_vti_pvt\WS_FTP.LOG --> 69.93.185.18 /www/4 My Webs currently used one 4/_vti_pvt WS_FTP.LOG
2009.05.28 14:30 B G:\WEB SITE details\5 Web site  currently used one 5\_vti_pvt\deptodoc.btr --> ftp.kmomocha.com /www/_vti_pvt deptodoc.btr
2009.05.28 14:30 B G:\WEB SITE details\5 Web site  currently used one 5\_vti_pvt\doctodep.btr --> ftp.kmomocha.com /www/_vti_pvt doctodep.btr
2009.05.28 14:30 B G:\WEB SITE details\5 Web site  currently used one 5\_vti_pvt\linkinfo.cnf --> ftp.kmomocha.com /www/_vti_pvt linkinfo.cnf
2009.05.28 14:30 B G:\WEB SITE details\5 Web site  currently used one 5\_vti_pvt\service.lck --> ftp.kmomocha.com /www/_vti_pvt service.lck
2009.05.28 14:30 B G:\WEB SITE details\5 Web site  currently used one 5\_vti_pvt\WS_FTP.LOG --> ftp.kmomocha.com /www/_vti_pvt WS_FTP.LOG
