2007.03.23 15:31 B I:\My Webs2\Photo 2\Partial hand\1.jpg --> ftp.kmomocha.com /www/Photo 2/Partial hand 1.jpg
2007.03.23 15:31 B I:\My Webs2\Photo 2\Partial hand\10.jpg --> ftp.kmomocha.com /www/Photo 2/Partial hand 10.jpg
2007.03.23 15:31 B I:\My Webs2\Photo 2\Partial hand\12.jpg --> ftp.kmomocha.com /www/Photo 2/Partial hand 12.jpg
2007.03.23 15:31 B I:\My Webs2\Photo 2\Partial hand\3.jpg --> ftp.kmomocha.com /www/Photo 2/Partial hand 3.jpg
2007.03.23 15:31 B I:\My Webs2\Photo 2\Partial hand\3v (1).jpg --> ftp.kmomocha.com /www/Photo 2/Partial hand 3v (1).jpg
2007.03.23 15:31 B I:\My Webs2\Photo 2\Partial hand\3v.jpg --> ftp.kmomocha.com /www/Photo 2/Partial hand 3v.jpg
2007.03.23 15:31 B I:\My Webs2\Photo 2\Partial hand\6.jpg --> ftp.kmomocha.com /www/Photo 2/Partial hand 6.jpg
2007.03.23 15:32 B I:\My Webs2\Photo 2\Partial hand\8.jpg --> ftp.kmomocha.com /www/Photo 2/Partial hand 8.jpg
2007.03.23 15:32 B I:\My Webs2\Photo 2\Partial hand\9.jpg --> ftp.kmomocha.com /www/Photo 2/Partial hand 9.jpg
2007.03.23 15:32 B I:\My Webs2\Photo 2\Partial hand\9a.jpg --> ftp.kmomocha.com /www/Photo 2/Partial hand 9a.jpg
2007.03.23 15:32 B I:\My Webs2\Photo 2\Partial hand\AE.jpg --> ftp.kmomocha.com /www/Photo 2/Partial hand AE.jpg
2007.03.23 15:33 B I:\My Webs2\Photo 2\Partial hand\Ahand.jpg --> ftp.kmomocha.com /www/Photo 2/Partial hand Ahand.jpg
2007.03.23 15:33 B I:\My Webs2\Photo 2\Partial hand\B10.jpg --> ftp.kmomocha.com /www/Photo 2/Partial hand B10.jpg
2007.03.23 15:33 B I:\My Webs2\Photo 2\Partial hand\B11.jpg --> ftp.kmomocha.com /www/Photo 2/Partial hand B11.jpg
2007.03.23 15:33 B I:\My Webs2\Photo 2\Partial hand\B12.jpg --> ftp.kmomocha.com /www/Photo 2/Partial hand B12.jpg
2007.03.23 15:33 B I:\My Webs2\Photo 2\Partial hand\B13.jpg --> ftp.kmomocha.com /www/Photo 2/Partial hand B13.jpg
2007.03.23 15:33 B I:\My Webs2\Photo 2\Partial hand\B14.jpg --> ftp.kmomocha.com /www/Photo 2/Partial hand B14.jpg
2007.03.23 15:33 B I:\My Webs2\Photo 2\Partial hand\B15.jpg --> ftp.kmomocha.com /www/Photo 2/Partial hand B15.jpg
2007.03.23 15:33 B I:\My Webs2\Photo 2\Partial hand\B16.jpg --> ftp.kmomocha.com /www/Photo 2/Partial hand B16.jpg
2007.03.23 15:33 B I:\My Webs2\Photo 2\Partial hand\B17.jpg --> ftp.kmomocha.com /www/Photo 2/Partial hand B17.jpg
2007.03.23 15:33 B I:\My Webs2\Photo 2\Partial hand\B6.jpg --> ftp.kmomocha.com /www/Photo 2/Partial hand B6.jpg
2007.03.23 15:33 B I:\My Webs2\Photo 2\Partial hand\B7.jpg --> ftp.kmomocha.com /www/Photo 2/Partial hand B7.jpg
2007.03.23 15:33 B I:\My Webs2\Photo 2\Partial hand\B8.jpg --> ftp.kmomocha.com /www/Photo 2/Partial hand B8.jpg
2007.03.23 15:33 B I:\My Webs2\Photo 2\Partial hand\B9.jpg --> ftp.kmomocha.com /www/Photo 2/Partial hand B9.jpg
2007.03.23 15:33 B I:\My Webs2\Photo 2\Partial hand\img0052.jpg --> ftp.kmomocha.com /www/Photo 2/Partial hand img0052.jpg
2007.03.23 15:33 B I:\My Webs2\Photo 2\Partial hand\img0053.jpg --> ftp.kmomocha.com /www/Photo 2/Partial hand img0053.jpg
2007.03.23 15:34 B I:\My Webs2\Photo 2\Partial hand\img0055.jpg --> ftp.kmomocha.com /www/Photo 2/Partial hand img0055.jpg
2007.03.23 15:34 B I:\My Webs2\Photo 2\Partial hand\img0056.jpg --> ftp.kmomocha.com /www/Photo 2/Partial hand img0056.jpg
2007.03.23 15:34 B I:\My Webs2\Photo 2\Partial hand\img0063.jpg --> ftp.kmomocha.com /www/Photo 2/Partial hand img0063.jpg
2007.03.23 15:34 B I:\My Webs2\Photo 2\Partial hand\img0064.jpg --> ftp.kmomocha.com /www/Photo 2/Partial hand img0064.jpg
2007.03.23 15:34 B I:\My Webs2\Photo 2\Partial hand\img0073.jpg --> ftp.kmomocha.com /www/Photo 2/Partial hand img0073.jpg
2007.03.23 15:34 B I:\My Webs2\Photo 2\Partial hand\img0074.jpg --> ftp.kmomocha.com /www/Photo 2/Partial hand img0074.jpg
2007.03.23 15:34 B I:\My Webs2\Photo 2\Partial hand\img0081.jpg --> ftp.kmomocha.com /www/Photo 2/Partial hand img0081.jpg
2007.03.23 15:34 B I:\My Webs2\Photo 2\Partial hand\img0082.jpg --> ftp.kmomocha.com /www/Photo 2/Partial hand img0082.jpg
2007.03.23 15:34 B I:\My Webs2\Photo 2\Partial hand\m1.jpg --> ftp.kmomocha.com /www/Photo 2/Partial hand m1.jpg
2007.03.23 15:34 B I:\My Webs2\Photo 2\Partial hand\Thumbs.db --> ftp.kmomocha.com /www/Photo 2/Partial hand Thumbs.db
2007.03.23 15:34 B I:\My Webs2\Photo 2\Partial hand\TotalHandProsthesisAfterFitting.jpg --> ftp.kmomocha.com /www/Photo 2/Partial hand TotalHandProsthesisAfterFitting.jpg
2007.03.23 15:34 B I:\My Webs2\Photo 2\Partial hand\TotalHandProsthesisBeforeFitting.jpg --> ftp.kmomocha.com /www/Photo 2/Partial hand TotalHandProsthesisBeforeFitting.jpg
2007.03.26 12:29 B I:\My Webs2\Photo 2\Partial hand\1.jpg --> ftp.kmomocha.com /www/Photo 2/Partial hand 1.jpg
2007.03.26 12:29 B I:\My Webs2\Photo 2\Partial hand\10.jpg --> ftp.kmomocha.com /www/Photo 2/Partial hand 10.jpg
2007.03.26 12:29 B I:\My Webs2\Photo 2\Partial hand\12.jpg --> ftp.kmomocha.com /www/Photo 2/Partial hand 12.jpg
2007.03.26 12:29 B I:\My Webs2\Photo 2\Partial hand\3.jpg --> ftp.kmomocha.com /www/Photo 2/Partial hand 3.jpg
2007.03.26 12:29 B I:\My Webs2\Photo 2\Partial hand\3v (1).jpg --> ftp.kmomocha.com /www/Photo 2/Partial hand 3v (1).jpg
2007.03.26 12:29 B I:\My Webs2\Photo 2\Partial hand\3v.jpg --> ftp.kmomocha.com /www/Photo 2/Partial hand 3v.jpg
2007.03.26 12:29 B I:\My Webs2\Photo 2\Partial hand\6.jpg --> ftp.kmomocha.com /www/Photo 2/Partial hand 6.jpg
2007.03.26 12:30 B I:\My Webs2\Photo 2\Partial hand\8.jpg --> ftp.kmomocha.com /www/Photo 2/Partial hand 8.jpg
2007.03.26 12:30 B I:\My Webs2\Photo 2\Partial hand\9.jpg --> ftp.kmomocha.com /www/Photo 2/Partial hand 9.jpg
2007.03.26 12:30 B I:\My Webs2\Photo 2\Partial hand\9a.jpg --> ftp.kmomocha.com /www/Photo 2/Partial hand 9a.jpg
2007.03.26 12:30 B I:\My Webs2\Photo 2\Partial hand\AE.jpg --> ftp.kmomocha.com /www/Photo 2/Partial hand AE.jpg
2007.03.26 12:31 B I:\My Webs2\Photo 2\Partial hand\Ahand.jpg --> ftp.kmomocha.com /www/Photo 2/Partial hand Ahand.jpg
2007.03.26 12:31 B I:\My Webs2\Photo 2\Partial hand\B10.jpg --> ftp.kmomocha.com /www/Photo 2/Partial hand B10.jpg
2007.03.26 12:31 B I:\My Webs2\Photo 2\Partial hand\B11.jpg --> ftp.kmomocha.com /www/Photo 2/Partial hand B11.jpg
2007.03.26 12:31 B I:\My Webs2\Photo 2\Partial hand\B12.jpg --> ftp.kmomocha.com /www/Photo 2/Partial hand B12.jpg
2007.03.26 12:31 B I:\My Webs2\Photo 2\Partial hand\B13.jpg --> ftp.kmomocha.com /www/Photo 2/Partial hand B13.jpg
2007.03.26 12:31 B I:\My Webs2\Photo 2\Partial hand\B14.jpg --> ftp.kmomocha.com /www/Photo 2/Partial hand B14.jpg
2007.03.26 12:31 B I:\My Webs2\Photo 2\Partial hand\B15.jpg --> ftp.kmomocha.com /www/Photo 2/Partial hand B15.jpg
2007.03.26 12:31 B I:\My Webs2\Photo 2\Partial hand\B16.jpg --> ftp.kmomocha.com /www/Photo 2/Partial hand B16.jpg
2007.03.26 12:31 B I:\My Webs2\Photo 2\Partial hand\B17.jpg --> ftp.kmomocha.com /www/Photo 2/Partial hand B17.jpg
2007.03.26 12:31 B I:\My Webs2\Photo 2\Partial hand\B6.jpg --> ftp.kmomocha.com /www/Photo 2/Partial hand B6.jpg
2007.03.26 12:31 B I:\My Webs2\Photo 2\Partial hand\B7.jpg --> ftp.kmomocha.com /www/Photo 2/Partial hand B7.jpg
2007.03.26 12:31 B I:\My Webs2\Photo 2\Partial hand\B8.jpg --> ftp.kmomocha.com /www/Photo 2/Partial hand B8.jpg
2007.03.26 12:31 B I:\My Webs2\Photo 2\Partial hand\B9.jpg --> ftp.kmomocha.com /www/Photo 2/Partial hand B9.jpg
2007.03.26 12:31 B I:\My Webs2\Photo 2\Partial hand\img0052.jpg --> ftp.kmomocha.com /www/Photo 2/Partial hand img0052.jpg
2007.03.26 12:31 B I:\My Webs2\Photo 2\Partial hand\img0053.jpg --> ftp.kmomocha.com /www/Photo 2/Partial hand img0053.jpg
2007.03.26 12:31 B I:\My Webs2\Photo 2\Partial hand\img0055.jpg --> ftp.kmomocha.com /www/Photo 2/Partial hand img0055.jpg
2007.03.26 12:31 B I:\My Webs2\Photo 2\Partial hand\img0056.jpg --> ftp.kmomocha.com /www/Photo 2/Partial hand img0056.jpg
2007.03.26 12:32 B I:\My Webs2\Photo 2\Partial hand\img0063.jpg --> ftp.kmomocha.com /www/Photo 2/Partial hand img0063.jpg
2007.03.26 12:32 B I:\My Webs2\Photo 2\Partial hand\img0064.jpg --> ftp.kmomocha.com /www/Photo 2/Partial hand img0064.jpg
2007.03.26 12:32 B I:\My Webs2\Photo 2\Partial hand\img0073.jpg --> ftp.kmomocha.com /www/Photo 2/Partial hand img0073.jpg
2007.03.26 12:32 B I:\My Webs2\Photo 2\Partial hand\img0074.jpg --> ftp.kmomocha.com /www/Photo 2/Partial hand img0074.jpg
2007.03.26 12:32 B I:\My Webs2\Photo 2\Partial hand\img0081.jpg --> ftp.kmomocha.com /www/Photo 2/Partial hand img0081.jpg
2007.03.26 12:32 B I:\My Webs2\Photo 2\Partial hand\img0082.jpg --> ftp.kmomocha.com /www/Photo 2/Partial hand img0082.jpg
2007.03.26 12:32 B I:\My Webs2\Photo 2\Partial hand\m1.jpg --> ftp.kmomocha.com /www/Photo 2/Partial hand m1.jpg
2007.03.26 12:32 B I:\My Webs2\Photo 2\Partial hand\Thumbs.db --> ftp.kmomocha.com /www/Photo 2/Partial hand Thumbs.db
2007.03.26 12:32 B I:\My Webs2\Photo 2\Partial hand\toppronat.gif --> ftp.kmomocha.com /www/Photo 2/Partial hand toppronat.gif
2007.03.26 12:32 B I:\My Webs2\Photo 2\Partial hand\TotalHandProsthesisAfterFitting.jpg --> ftp.kmomocha.com /www/Photo 2/Partial hand TotalHandProsthesisAfterFitting.jpg
2007.03.26 12:32 B I:\My Webs2\Photo 2\Partial hand\TotalHandProsthesisBeforeFitting.jpg --> ftp.kmomocha.com /www/Photo 2/Partial hand TotalHandProsthesisBeforeFitting.jpg
2007.03.26 12:32 B I:\My Webs2\Photo 2\Partial hand\WS_FTP.LOG --> ftp.kmomocha.com /www/Photo 2/Partial hand WS_FTP.LOG
2007.03.27 19:23 B I:\My Webs\Photo 2\Partial hand\1.jpg --> ftp.kmomocha.com /www/Photo 2/Partial hand 1.jpg
2007.03.27 19:23 B I:\My Webs\Photo 2\Partial hand\10.jpg --> ftp.kmomocha.com /www/Photo 2/Partial hand 10.jpg
2007.03.27 19:23 B I:\My Webs\Photo 2\Partial hand\12.jpg --> ftp.kmomocha.com /www/Photo 2/Partial hand 12.jpg
2007.03.27 19:23 B I:\My Webs\Photo 2\Partial hand\3.jpg --> ftp.kmomocha.com /www/Photo 2/Partial hand 3.jpg
2007.03.27 19:23 B I:\My Webs\Photo 2\Partial hand\3v (1).jpg --> ftp.kmomocha.com /www/Photo 2/Partial hand 3v (1).jpg
2007.03.27 19:23 B I:\My Webs\Photo 2\Partial hand\3v.jpg --> ftp.kmomocha.com /www/Photo 2/Partial hand 3v.jpg
2007.03.27 19:23 B I:\My Webs\Photo 2\Partial hand\6.jpg --> ftp.kmomocha.com /www/Photo 2/Partial hand 6.jpg
2007.03.27 19:23 B I:\My Webs\Photo 2\Partial hand\8.jpg --> ftp.kmomocha.com /www/Photo 2/Partial hand 8.jpg
2007.03.27 19:23 B I:\My Webs\Photo 2\Partial hand\9.jpg --> ftp.kmomocha.com /www/Photo 2/Partial hand 9.jpg
2007.03.27 19:24 B I:\My Webs\Photo 2\Partial hand\9a.jpg --> ftp.kmomocha.com /www/Photo 2/Partial hand 9a.jpg
2007.03.27 19:24 B I:\My Webs\Photo 2\Partial hand\AE.jpg --> ftp.kmomocha.com /www/Photo 2/Partial hand AE.jpg
2007.03.27 19:25 B I:\My Webs\Photo 2\Partial hand\Ahand.jpg --> ftp.kmomocha.com /www/Photo 2/Partial hand Ahand.jpg
2007.03.27 19:25 B I:\My Webs\Photo 2\Partial hand\ankle1.gif --> ftp.kmomocha.com /www/Photo 2/Partial hand ankle1.gif
2007.03.27 19:25 B I:\My Webs\Photo 2\Partial hand\ankle2.gif --> ftp.kmomocha.com /www/Photo 2/Partial hand ankle2.gif
2007.03.27 19:25 B I:\My Webs\Photo 2\Partial hand\ankle3.gif --> ftp.kmomocha.com /www/Photo 2/Partial hand ankle3.gif
2007.03.27 19:25 B I:\My Webs\Photo 2\Partial hand\ankle4.gif --> ftp.kmomocha.com /www/Photo 2/Partial hand ankle4.gif
2007.03.27 19:25 B I:\My Webs\Photo 2\Partial hand\ankle5.gif --> ftp.kmomocha.com /www/Photo 2/Partial hand ankle5.gif
2007.03.27 19:25 B I:\My Webs\Photo 2\Partial hand\ankle6.gif --> ftp.kmomocha.com /www/Photo 2/Partial hand ankle6.gif
2007.03.27 19:25 B I:\My Webs\Photo 2\Partial hand\artery_lower_body1.gif --> ftp.kmomocha.com /www/Photo 2/Partial hand artery_lower_body1.gif
2007.03.27 19:25 B I:\My Webs\Photo 2\Partial hand\B10.jpg --> ftp.kmomocha.com /www/Photo 2/Partial hand B10.jpg
2007.03.27 19:25 B I:\My Webs\Photo 2\Partial hand\B11.jpg --> ftp.kmomocha.com /www/Photo 2/Partial hand B11.jpg
2007.03.27 19:25 B I:\My Webs\Photo 2\Partial hand\B12.jpg --> ftp.kmomocha.com /www/Photo 2/Partial hand B12.jpg
2007.03.27 19:25 B I:\My Webs\Photo 2\Partial hand\B13.jpg --> ftp.kmomocha.com /www/Photo 2/Partial hand B13.jpg
2007.03.27 19:25 B I:\My Webs\Photo 2\Partial hand\B14.jpg --> ftp.kmomocha.com /www/Photo 2/Partial hand B14.jpg
2007.03.27 19:25 B I:\My Webs\Photo 2\Partial hand\B15.jpg --> ftp.kmomocha.com /www/Photo 2/Partial hand B15.jpg
2007.03.27 19:25 B I:\My Webs\Photo 2\Partial hand\B16.jpg --> ftp.kmomocha.com /www/Photo 2/Partial hand B16.jpg
2007.03.27 19:25 B I:\My Webs\Photo 2\Partial hand\B17.jpg --> ftp.kmomocha.com /www/Photo 2/Partial hand B17.jpg
2007.03.27 19:25 B I:\My Webs\Photo 2\Partial hand\B6.jpg --> ftp.kmomocha.com /www/Photo 2/Partial hand B6.jpg
2007.03.27 19:25 B I:\My Webs\Photo 2\Partial hand\B7.jpg --> ftp.kmomocha.com /www/Photo 2/Partial hand B7.jpg
2007.03.27 19:25 B I:\My Webs\Photo 2\Partial hand\B8.jpg --> ftp.kmomocha.com /www/Photo 2/Partial hand B8.jpg
2007.03.27 19:25 B I:\My Webs\Photo 2\Partial hand\B9.jpg --> ftp.kmomocha.com /www/Photo 2/Partial hand B9.jpg
2007.03.27 19:25 B I:\My Webs\Photo 2\Partial hand\chestartery1.gif --> ftp.kmomocha.com /www/Photo 2/Partial hand chestartery1.gif
2007.03.27 19:25 B I:\My Webs\Photo 2\Partial hand\eye1.gif --> ftp.kmomocha.com /www/Photo 2/Partial hand eye1.gif
2007.03.27 19:25 B I:\My Webs\Photo 2\Partial hand\eye2.gif --> ftp.kmomocha.com /www/Photo 2/Partial hand eye2.gif
2007.03.27 19:25 B I:\My Webs\Photo 2\Partial hand\eye3.gif --> ftp.kmomocha.com /www/Photo 2/Partial hand eye3.gif
2007.03.27 19:25 B I:\My Webs\Photo 2\Partial hand\eye4.gif --> ftp.kmomocha.com /www/Photo 2/Partial hand eye4.gif
2007.03.27 19:25 B I:\My Webs\Photo 2\Partial hand\eye5.gif --> ftp.kmomocha.com /www/Photo 2/Partial hand eye5.gif
2007.03.27 19:26 B I:\My Webs\Photo 2\Partial hand\eye6.gif --> ftp.kmomocha.com /www/Photo 2/Partial hand eye6.gif
2007.03.27 19:26 B I:\My Webs\Photo 2\Partial hand\foot1.gif --> ftp.kmomocha.com /www/Photo 2/Partial hand foot1.gif
2007.03.27 19:26 B I:\My Webs\Photo 2\Partial hand\foot2.gif --> ftp.kmomocha.com /www/Photo 2/Partial hand foot2.gif
2007.03.27 19:26 B I:\My Webs\Photo 2\Partial hand\foot3.gif --> ftp.kmomocha.com /www/Photo 2/Partial hand foot3.gif
2007.03.27 19:26 B I:\My Webs\Photo 2\Partial hand\foot4.gif --> ftp.kmomocha.com /www/Photo 2/Partial hand foot4.gif
2007.03.27 19:26 B I:\My Webs\Photo 2\Partial hand\foot5.gif --> ftp.kmomocha.com /www/Photo 2/Partial hand foot5.gif
2007.03.27 19:26 B I:\My Webs\Photo 2\Partial hand\foot6.gif --> ftp.kmomocha.com /www/Photo 2/Partial hand foot6.gif
2007.03.27 19:26 B I:\My Webs\Photo 2\Partial hand\footartery1.gif --> ftp.kmomocha.com /www/Photo 2/Partial hand footartery1.gif
2007.03.27 19:26 B I:\My Webs\Photo 2\Partial hand\full_skeleton.gif --> ftp.kmomocha.com /www/Photo 2/Partial hand full_skeleton.gif
2007.03.27 19:26 B I:\My Webs\Photo 2\Partial hand\img0052.jpg --> ftp.kmomocha.com /www/Photo 2/Partial hand img0052.jpg
2007.03.27 19:26 B I:\My Webs\Photo 2\Partial hand\img0053.jpg --> ftp.kmomocha.com /www/Photo 2/Partial hand img0053.jpg
2007.03.27 19:26 B I:\My Webs\Photo 2\Partial hand\img0055.jpg --> ftp.kmomocha.com /www/Photo 2/Partial hand img0055.jpg
2007.03.27 19:26 B I:\My Webs\Photo 2\Partial hand\img0056.jpg --> ftp.kmomocha.com /www/Photo 2/Partial hand img0056.jpg
2007.03.27 19:26 B I:\My Webs\Photo 2\Partial hand\img0063.jpg --> ftp.kmomocha.com /www/Photo 2/Partial hand img0063.jpg
2007.03.27 19:26 B I:\My Webs\Photo 2\Partial hand\img0064.jpg --> ftp.kmomocha.com /www/Photo 2/Partial hand img0064.jpg
2007.03.27 19:26 B I:\My Webs\Photo 2\Partial hand\img0073.jpg --> ftp.kmomocha.com /www/Photo 2/Partial hand img0073.jpg
2007.03.27 19:26 B I:\My Webs\Photo 2\Partial hand\img0074.jpg --> ftp.kmomocha.com /www/Photo 2/Partial hand img0074.jpg
2007.03.27 19:26 B I:\My Webs\Photo 2\Partial hand\img0081.jpg --> ftp.kmomocha.com /www/Photo 2/Partial hand img0081.jpg
2007.03.27 19:26 B I:\My Webs\Photo 2\Partial hand\img0082.jpg --> ftp.kmomocha.com /www/Photo 2/Partial hand img0082.jpg
2007.03.27 19:26 B I:\My Webs\Photo 2\Partial hand\kidney1.gif --> ftp.kmomocha.com /www/Photo 2/Partial hand kidney1.gif
2007.03.27 19:26 B I:\My Webs\Photo 2\Partial hand\kidney2.gif --> ftp.kmomocha.com /www/Photo 2/Partial hand kidney2.gif
2007.03.27 19:26 B I:\My Webs\Photo 2\Partial hand\kidney4.gif --> ftp.kmomocha.com /www/Photo 2/Partial hand kidney4.gif
2007.03.27 19:26 B I:\My Webs\Photo 2\Partial hand\knee1.gif --> ftp.kmomocha.com /www/Photo 2/Partial hand knee1.gif
2007.03.27 19:26 B I:\My Webs\Photo 2\Partial hand\knee2.gif --> ftp.kmomocha.com /www/Photo 2/Partial hand knee2.gif
2007.03.27 19:26 B I:\My Webs\Photo 2\Partial hand\knee3.gif --> ftp.kmomocha.com /www/Photo 2/Partial hand knee3.gif
2007.03.27 19:26 B I:\My Webs\Photo 2\Partial hand\knee4.gif --> ftp.kmomocha.com /www/Photo 2/Partial hand knee4.gif
2007.03.27 19:27 B I:\My Webs\Photo 2\Partial hand\knee5.gif --> ftp.kmomocha.com /www/Photo 2/Partial hand knee5.gif
2007.03.27 19:27 B I:\My Webs\Photo 2\Partial hand\knee6.gif --> ftp.kmomocha.com /www/Photo 2/Partial hand knee6.gif
2007.03.27 19:27 B I:\My Webs\Photo 2\Partial hand\kneeartery2.gif --> ftp.kmomocha.com /www/Photo 2/Partial hand kneeartery2.gif
2007.03.27 19:27 B I:\My Webs\Photo 2\Partial hand\leg1.gif --> ftp.kmomocha.com /www/Photo 2/Partial hand leg1.gif
2007.03.27 19:27 B I:\My Webs\Photo 2\Partial hand\leg2.gif --> ftp.kmomocha.com /www/Photo 2/Partial hand leg2.gif
2007.03.27 19:27 B I:\My Webs\Photo 2\Partial hand\leg3.gif --> ftp.kmomocha.com /www/Photo 2/Partial hand leg3.gif
2007.03.27 19:27 B I:\My Webs\Photo 2\Partial hand\leg4.gif --> ftp.kmomocha.com /www/Photo 2/Partial hand leg4.gif
2007.03.27 19:27 B I:\My Webs\Photo 2\Partial hand\leg5.gif --> ftp.kmomocha.com /www/Photo 2/Partial hand leg5.gif
2007.03.27 19:27 B I:\My Webs\Photo 2\Partial hand\leg6.gif --> ftp.kmomocha.com /www/Photo 2/Partial hand leg6.gif
2007.03.27 19:27 B I:\My Webs\Photo 2\Partial hand\legartery1.gif --> ftp.kmomocha.com /www/Photo 2/Partial hand legartery1.gif
2007.03.27 19:27 B I:\My Webs\Photo 2\Partial hand\lung1.gif --> ftp.kmomocha.com /www/Photo 2/Partial hand lung1.gif
2007.03.27 19:27 B I:\My Webs\Photo 2\Partial hand\lung2.gif --> ftp.kmomocha.com /www/Photo 2/Partial hand lung2.gif
2007.03.27 19:27 B I:\My Webs\Photo 2\Partial hand\lung3.gif --> ftp.kmomocha.com /www/Photo 2/Partial hand lung3.gif
2007.03.27 19:27 B I:\My Webs\Photo 2\Partial hand\m1.jpg --> ftp.kmomocha.com /www/Photo 2/Partial hand m1.jpg
2007.03.27 19:27 B I:\My Webs\Photo 2\Partial hand\skeleton1.gif --> ftp.kmomocha.com /www/Photo 2/Partial hand skeleton1.gif
2007.03.27 19:27 B I:\My Webs\Photo 2\Partial hand\skeleton2.gif --> ftp.kmomocha.com /www/Photo 2/Partial hand skeleton2.gif
2007.03.27 19:27 B I:\My Webs\Photo 2\Partial hand\skull1.gif --> ftp.kmomocha.com /www/Photo 2/Partial hand skull1.gif
2007.03.27 19:27 B I:\My Webs\Photo 2\Partial hand\skull3.gif --> ftp.kmomocha.com /www/Photo 2/Partial hand skull3.gif
2007.03.27 19:27 B I:\My Webs\Photo 2\Partial hand\skull4.gif --> ftp.kmomocha.com /www/Photo 2/Partial hand skull4.gif
2007.03.27 19:27 B I:\My Webs\Photo 2\Partial hand\spacer.gif --> ftp.kmomocha.com /www/Photo 2/Partial hand spacer.gif
2007.03.27 19:27 B I:\My Webs\Photo 2\Partial hand\spine1.gif --> ftp.kmomocha.com /www/Photo 2/Partial hand spine1.gif
2007.03.27 19:27 B I:\My Webs\Photo 2\Partial hand\spine2.gif --> ftp.kmomocha.com /www/Photo 2/Partial hand spine2.gif
2007.03.27 19:27 B I:\My Webs\Photo 2\Partial hand\spine3.gif --> ftp.kmomocha.com /www/Photo 2/Partial hand spine3.gif
2007.03.27 19:28 B I:\My Webs\Photo 2\Partial hand\spine4.gif --> ftp.kmomocha.com /www/Photo 2/Partial hand spine4.gif
2007.03.27 19:28 B I:\My Webs\Photo 2\Partial hand\spine5.gif --> ftp.kmomocha.com /www/Photo 2/Partial hand spine5.gif
2007.03.27 19:28 B I:\My Webs\Photo 2\Partial hand\spine6.gif --> ftp.kmomocha.com /www/Photo 2/Partial hand spine6.gif
2007.03.27 19:29 B I:\My Webs\Photo 2\Partial hand\Thumbs.db --> ftp.kmomocha.com /www/Photo 2/Partial hand Thumbs.db
2007.03.27 19:29 B I:\My Webs\Photo 2\Partial hand\toppronat.gif --> ftp.kmomocha.com /www/Photo 2/Partial hand toppronat.gif
2007.03.27 19:29 B I:\My Webs\Photo 2\Partial hand\TotalHandProsthesisAfterFitting.jpg --> ftp.kmomocha.com /www/Photo 2/Partial hand TotalHandProsthesisAfterFitting.jpg
2007.03.27 19:29 B I:\My Webs\Photo 2\Partial hand\TotalHandProsthesisBeforeFitting.jpg --> ftp.kmomocha.com /www/Photo 2/Partial hand TotalHandProsthesisBeforeFitting.jpg
2007.03.27 19:29 B I:\My Webs\Photo 2\Partial hand\upper_artery.gif --> ftp.kmomocha.com /www/Photo 2/Partial hand upper_artery.gif
2007.03.27 19:29 B I:\My Webs\Photo 2\Partial hand\urinary1.gif --> ftp.kmomocha.com /www/Photo 2/Partial hand urinary1.gif
2007.03.27 19:29 B I:\My Webs\Photo 2\Partial hand\urinary2.gif --> ftp.kmomocha.com /www/Photo 2/Partial hand urinary2.gif
2007.03.27 19:29 B I:\My Webs\Photo 2\Partial hand\urinary3.gif --> ftp.kmomocha.com /www/Photo 2/Partial hand urinary3.gif
2007.03.27 19:29 B I:\My Webs\Photo 2\Partial hand\WS_FTP.LOG --> ftp.kmomocha.com /www/Photo 2/Partial hand WS_FTP.LOG
2007.03.27 20:33 B I:\My Webs\Photo 2\Partial hand\1.jpg --> ftp.kmomocha.com /www/Photo 2/Partial hand/Partial hand 1.jpg
2007.03.27 20:33 B I:\My Webs\Photo 2\Partial hand\10.jpg --> ftp.kmomocha.com /www/Photo 2/Partial hand/Partial hand 10.jpg
2007.03.27 20:33 B I:\My Webs\Photo 2\Partial hand\12.jpg --> ftp.kmomocha.com /www/Photo 2/Partial hand/Partial hand 12.jpg
2007.03.27 20:33 B I:\My Webs\Photo 2\Partial hand\3.jpg --> ftp.kmomocha.com /www/Photo 2/Partial hand/Partial hand 3.jpg
2007.03.27 20:33 B I:\My Webs\Photo 2\Partial hand\3v (1).jpg --> ftp.kmomocha.com /www/Photo 2/Partial hand/Partial hand 3v (1).jpg
2007.03.27 20:33 B I:\My Webs\Photo 2\Partial hand\3v.jpg --> ftp.kmomocha.com /www/Photo 2/Partial hand/Partial hand 3v.jpg
2007.03.27 20:33 B I:\My Webs\Photo 2\Partial hand\6.jpg --> ftp.kmomocha.com /www/Photo 2/Partial hand/Partial hand 6.jpg
2007.03.27 20:33 B I:\My Webs\Photo 2\Partial hand\8.jpg --> ftp.kmomocha.com /www/Photo 2/Partial hand/Partial hand 8.jpg
2007.03.27 20:33 B I:\My Webs\Photo 2\Partial hand\9.jpg --> ftp.kmomocha.com /www/Photo 2/Partial hand/Partial hand 9.jpg
2007.03.27 20:33 B I:\My Webs\Photo 2\Partial hand\9a.jpg --> ftp.kmomocha.com /www/Photo 2/Partial hand/Partial hand 9a.jpg
2007.03.27 20:33 B I:\My Webs\Photo 2\Partial hand\AE.jpg --> ftp.kmomocha.com /www/Photo 2/Partial hand/Partial hand AE.jpg
2007.03.27 20:34 B I:\My Webs\Photo 2\Partial hand\Ahand.jpg --> ftp.kmomocha.com /www/Photo 2/Partial hand/Partial hand Ahand.jpg
2007.03.27 20:34 B I:\My Webs\Photo 2\Partial hand\B10.jpg --> ftp.kmomocha.com /www/Photo 2/Partial hand/Partial hand B10.jpg
2007.03.27 20:34 B I:\My Webs\Photo 2\Partial hand\B11.jpg --> ftp.kmomocha.com /www/Photo 2/Partial hand/Partial hand B11.jpg
2007.03.27 20:34 B I:\My Webs\Photo 2\Partial hand\B12.jpg --> ftp.kmomocha.com /www/Photo 2/Partial hand/Partial hand B12.jpg
2007.03.27 20:34 B I:\My Webs\Photo 2\Partial hand\B13.jpg --> ftp.kmomocha.com /www/Photo 2/Partial hand/Partial hand B13.jpg
2007.03.27 20:34 B I:\My Webs\Photo 2\Partial hand\B14.jpg --> ftp.kmomocha.com /www/Photo 2/Partial hand/Partial hand B14.jpg
2007.03.27 20:34 B I:\My Webs\Photo 2\Partial hand\B15.jpg --> ftp.kmomocha.com /www/Photo 2/Partial hand/Partial hand B15.jpg
2007.03.27 20:34 B I:\My Webs\Photo 2\Partial hand\B16.jpg --> ftp.kmomocha.com /www/Photo 2/Partial hand/Partial hand B16.jpg
2007.03.27 20:34 B I:\My Webs\Photo 2\Partial hand\B17.jpg --> ftp.kmomocha.com /www/Photo 2/Partial hand/Partial hand B17.jpg
2007.03.27 20:34 B I:\My Webs\Photo 2\Partial hand\B6.jpg --> ftp.kmomocha.com /www/Photo 2/Partial hand/Partial hand B6.jpg
2007.03.27 20:35 B I:\My Webs\Photo 2\Partial hand\B7.jpg --> ftp.kmomocha.com /www/Photo 2/Partial hand/Partial hand B7.jpg
2007.03.27 20:35 B I:\My Webs\Photo 2\Partial hand\B8.jpg --> ftp.kmomocha.com /www/Photo 2/Partial hand/Partial hand B8.jpg
2007.03.27 20:35 B I:\My Webs\Photo 2\Partial hand\B9.jpg --> ftp.kmomocha.com /www/Photo 2/Partial hand/Partial hand B9.jpg
2007.03.27 20:35 B I:\My Webs\Photo 2\Partial hand\img0052.jpg --> ftp.kmomocha.com /www/Photo 2/Partial hand/Partial hand img0052.jpg
2007.03.27 20:35 B I:\My Webs\Photo 2\Partial hand\img0053.jpg --> ftp.kmomocha.com /www/Photo 2/Partial hand/Partial hand img0053.jpg
2007.03.27 20:35 B I:\My Webs\Photo 2\Partial hand\img0055.jpg --> ftp.kmomocha.com /www/Photo 2/Partial hand/Partial hand img0055.jpg
2007.03.27 20:35 B I:\My Webs\Photo 2\Partial hand\img0056.jpg --> ftp.kmomocha.com /www/Photo 2/Partial hand/Partial hand img0056.jpg
2007.03.27 20:35 B I:\My Webs\Photo 2\Partial hand\img0063.jpg --> ftp.kmomocha.com /www/Photo 2/Partial hand/Partial hand img0063.jpg
2007.03.27 20:35 B I:\My Webs\Photo 2\Partial hand\img0064.jpg --> ftp.kmomocha.com /www/Photo 2/Partial hand/Partial hand img0064.jpg
2007.03.27 20:35 B I:\My Webs\Photo 2\Partial hand\img0073.jpg --> ftp.kmomocha.com /www/Photo 2/Partial hand/Partial hand img0073.jpg
2007.03.27 20:35 B I:\My Webs\Photo 2\Partial hand\img0074.jpg --> ftp.kmomocha.com /www/Photo 2/Partial hand/Partial hand img0074.jpg
2007.03.27 20:35 B I:\My Webs\Photo 2\Partial hand\img0081.jpg --> ftp.kmomocha.com /www/Photo 2/Partial hand/Partial hand img0081.jpg
2007.03.27 20:35 B I:\My Webs\Photo 2\Partial hand\img0082.jpg --> ftp.kmomocha.com /www/Photo 2/Partial hand/Partial hand img0082.jpg
2007.03.27 20:35 B I:\My Webs\Photo 2\Partial hand\m1.jpg --> ftp.kmomocha.com /www/Photo 2/Partial hand/Partial hand m1.jpg
2007.03.27 20:36 B I:\My Webs\Photo 2\Partial hand\Thumbs.db --> ftp.kmomocha.com /www/Photo 2/Partial hand/Partial hand Thumbs.db
2007.03.27 20:36 B I:\My Webs\Photo 2\Partial hand\TotalHandProsthesisAfterFitting.jpg --> ftp.kmomocha.com /www/Photo 2/Partial hand/Partial hand TotalHandProsthesisAfterFitting.jpg
2007.03.27 20:36 B I:\My Webs\Photo 2\Partial hand\TotalHandProsthesisBeforeFitting.jpg --> ftp.kmomocha.com /www/Photo 2/Partial hand/Partial hand TotalHandProsthesisBeforeFitting.jpg
2007.03.27 20:37 B I:\My Webs\Photo 2\Partial hand\WS_FTP.LOG --> ftp.kmomocha.com /www/Photo 2/Partial hand/Partial hand WS_FTP.LOG
2007.03.27 20:57 B I:\My Webs\Photo 2\Partial hand\1.jpg --> ftp.kmomocha.com /www/Photo 2/Partial hand 1.jpg
2007.03.27 20:57 B I:\My Webs\Photo 2\Partial hand\10.jpg --> ftp.kmomocha.com /www/Photo 2/Partial hand 10.jpg
2007.03.27 20:57 B I:\My Webs\Photo 2\Partial hand\12.jpg --> ftp.kmomocha.com /www/Photo 2/Partial hand 12.jpg
2007.03.27 20:57 B I:\My Webs\Photo 2\Partial hand\3.jpg --> ftp.kmomocha.com /www/Photo 2/Partial hand 3.jpg
2007.03.27 20:57 B I:\My Webs\Photo 2\Partial hand\3v (1).jpg --> ftp.kmomocha.com /www/Photo 2/Partial hand 3v (1).jpg
2007.03.27 20:57 B I:\My Webs\Photo 2\Partial hand\3v.jpg --> ftp.kmomocha.com /www/Photo 2/Partial hand 3v.jpg
2007.03.27 20:57 B I:\My Webs\Photo 2\Partial hand\6.jpg --> ftp.kmomocha.com /www/Photo 2/Partial hand 6.jpg
2007.03.27 20:57 B I:\My Webs\Photo 2\Partial hand\8.jpg --> ftp.kmomocha.com /www/Photo 2/Partial hand 8.jpg
2007.03.27 20:57 B I:\My Webs\Photo 2\Partial hand\9.jpg --> ftp.kmomocha.com /www/Photo 2/Partial hand 9.jpg
2007.03.27 20:57 B I:\My Webs\Photo 2\Partial hand\9a.jpg --> ftp.kmomocha.com /www/Photo 2/Partial hand 9a.jpg
2007.03.27 20:58 B I:\My Webs\Photo 2\Partial hand\AE.jpg --> ftp.kmomocha.com /www/Photo 2/Partial hand AE.jpg
2007.03.27 20:58 B I:\My Webs\Photo 2\Partial hand\Ahand.jpg --> ftp.kmomocha.com /www/Photo 2/Partial hand Ahand.jpg
2007.03.27 20:58 B I:\My Webs\Photo 2\Partial hand\B10.jpg --> ftp.kmomocha.com /www/Photo 2/Partial hand B10.jpg
2007.03.27 20:58 B I:\My Webs\Photo 2\Partial hand\B11.jpg --> ftp.kmomocha.com /www/Photo 2/Partial hand B11.jpg
2007.03.27 20:59 B I:\My Webs\Photo 2\Partial hand\B12.jpg --> ftp.kmomocha.com /www/Photo 2/Partial hand B12.jpg
2007.03.27 20:59 B I:\My Webs\Photo 2\Partial hand\B13.jpg --> ftp.kmomocha.com /www/Photo 2/Partial hand B13.jpg
2007.03.27 20:59 B I:\My Webs\Photo 2\Partial hand\B14.jpg --> ftp.kmomocha.com /www/Photo 2/Partial hand B14.jpg
2007.03.27 20:59 B I:\My Webs\Photo 2\Partial hand\B15.jpg --> ftp.kmomocha.com /www/Photo 2/Partial hand B15.jpg
2007.03.27 20:59 B I:\My Webs\Photo 2\Partial hand\B16.jpg --> ftp.kmomocha.com /www/Photo 2/Partial hand B16.jpg
2007.03.27 20:59 B I:\My Webs\Photo 2\Partial hand\B17.jpg --> ftp.kmomocha.com /www/Photo 2/Partial hand B17.jpg
2007.03.27 20:59 B I:\My Webs\Photo 2\Partial hand\B6.jpg --> ftp.kmomocha.com /www/Photo 2/Partial hand B6.jpg
2007.03.27 20:59 B I:\My Webs\Photo 2\Partial hand\B7.jpg --> ftp.kmomocha.com /www/Photo 2/Partial hand B7.jpg
2007.03.27 20:59 B I:\My Webs\Photo 2\Partial hand\B8.jpg --> ftp.kmomocha.com /www/Photo 2/Partial hand B8.jpg
2007.03.27 20:59 B I:\My Webs\Photo 2\Partial hand\B9.jpg --> ftp.kmomocha.com /www/Photo 2/Partial hand B9.jpg
2007.03.27 20:59 B I:\My Webs\Photo 2\Partial hand\img0052.jpg --> ftp.kmomocha.com /www/Photo 2/Partial hand img0052.jpg
2007.03.27 20:59 B I:\My Webs\Photo 2\Partial hand\img0053.jpg --> ftp.kmomocha.com /www/Photo 2/Partial hand img0053.jpg
2007.03.27 20:59 B I:\My Webs\Photo 2\Partial hand\img0055.jpg --> ftp.kmomocha.com /www/Photo 2/Partial hand img0055.jpg
2007.03.27 20:59 B I:\My Webs\Photo 2\Partial hand\img0056.jpg --> ftp.kmomocha.com /www/Photo 2/Partial hand img0056.jpg
2007.03.27 20:59 B I:\My Webs\Photo 2\Partial hand\img0063.jpg --> ftp.kmomocha.com /www/Photo 2/Partial hand img0063.jpg
2007.03.27 20:59 B I:\My Webs\Photo 2\Partial hand\img0064.jpg --> ftp.kmomocha.com /www/Photo 2/Partial hand img0064.jpg
2007.03.27 20:59 B I:\My Webs\Photo 2\Partial hand\img0073.jpg --> ftp.kmomocha.com /www/Photo 2/Partial hand img0073.jpg
2007.03.27 20:59 B I:\My Webs\Photo 2\Partial hand\img0074.jpg --> ftp.kmomocha.com /www/Photo 2/Partial hand img0074.jpg
2007.03.27 20:59 B I:\My Webs\Photo 2\Partial hand\img0081.jpg --> ftp.kmomocha.com /www/Photo 2/Partial hand img0081.jpg
2007.03.27 20:59 B I:\My Webs\Photo 2\Partial hand\img0082.jpg --> ftp.kmomocha.com /www/Photo 2/Partial hand img0082.jpg
2007.03.27 20:59 B I:\My Webs\Photo 2\Partial hand\m1.jpg --> ftp.kmomocha.com /www/Photo 2/Partial hand m1.jpg
2007.03.27 21:01 B I:\My Webs\Photo 2\Partial hand\Thumbs.db --> ftp.kmomocha.com /www/Photo 2/Partial hand Thumbs.db
2007.03.27 21:01 B I:\My Webs\Photo 2\Partial hand\TotalHandProsthesisAfterFitting.jpg --> ftp.kmomocha.com /www/Photo 2/Partial hand TotalHandProsthesisAfterFitting.jpg
2007.03.27 21:01 B I:\My Webs\Photo 2\Partial hand\TotalHandProsthesisBeforeFitting.jpg --> ftp.kmomocha.com /www/Photo 2/Partial hand TotalHandProsthesisBeforeFitting.jpg
2007.03.27 21:01 B I:\My Webs\Photo 2\Partial hand\WS_FTP.LOG --> ftp.kmomocha.com /www/Photo 2/Partial hand WS_FTP.LOG
2009.02.04 12:03 B G:\WEB SITE details\4 My Webs currently used one 4\Photo 2\Partial hand\1.jpg --> 69.93.185.18 /www/4 My Webs currently used one 4/Photo 2/Partial hand 1.jpg
2009.02.04 12:03 B G:\WEB SITE details\4 My Webs currently used one 4\Photo 2\Partial hand\10.jpg --> 69.93.185.18 /www/4 My Webs currently used one 4/Photo 2/Partial hand 10.jpg
2009.02.04 12:03 B G:\WEB SITE details\4 My Webs currently used one 4\Photo 2\Partial hand\12.jpg --> 69.93.185.18 /www/4 My Webs currently used one 4/Photo 2/Partial hand 12.jpg
2009.02.04 12:03 B G:\WEB SITE details\4 My Webs currently used one 4\Photo 2\Partial hand\3.jpg --> 69.93.185.18 /www/4 My Webs currently used one 4/Photo 2/Partial hand 3.jpg
2009.02.04 12:03 B G:\WEB SITE details\4 My Webs currently used one 4\Photo 2\Partial hand\3v (1).jpg --> 69.93.185.18 /www/4 My Webs currently used one 4/Photo 2/Partial hand 3v (1).jpg
2009.02.04 12:03 B G:\WEB SITE details\4 My Webs currently used one 4\Photo 2\Partial hand\3v.jpg --> 69.93.185.18 /www/4 My Webs currently used one 4/Photo 2/Partial hand 3v.jpg
2009.02.04 12:03 B G:\WEB SITE details\4 My Webs currently used one 4\Photo 2\Partial hand\6.jpg --> 69.93.185.18 /www/4 My Webs currently used one 4/Photo 2/Partial hand 6.jpg
2009.02.04 12:03 B G:\WEB SITE details\4 My Webs currently used one 4\Photo 2\Partial hand\8.jpg --> 69.93.185.18 /www/4 My Webs currently used one 4/Photo 2/Partial hand 8.jpg
2009.02.04 12:03 B G:\WEB SITE details\4 My Webs currently used one 4\Photo 2\Partial hand\9.jpg --> 69.93.185.18 /www/4 My Webs currently used one 4/Photo 2/Partial hand 9.jpg
2009.02.04 12:03 B G:\WEB SITE details\4 My Webs currently used one 4\Photo 2\Partial hand\9a.jpg --> 69.93.185.18 /www/4 My Webs currently used one 4/Photo 2/Partial hand 9a.jpg
2009.02.04 12:03 B G:\WEB SITE details\4 My Webs currently used one 4\Photo 2\Partial hand\AE.jpg --> 69.93.185.18 /www/4 My Webs currently used one 4/Photo 2/Partial hand AE.jpg
2009.02.04 12:03 B G:\WEB SITE details\4 My Webs currently used one 4\Photo 2\Partial hand\Ahand.jpg --> 69.93.185.18 /www/4 My Webs currently used one 4/Photo 2/Partial hand Ahand.jpg
2009.02.04 12:03 B G:\WEB SITE details\4 My Webs currently used one 4\Photo 2\Partial hand\B10.jpg --> 69.93.185.18 /www/4 My Webs currently used one 4/Photo 2/Partial hand B10.jpg
2009.02.04 12:03 B G:\WEB SITE details\4 My Webs currently used one 4\Photo 2\Partial hand\B11.jpg --> 69.93.185.18 /www/4 My Webs currently used one 4/Photo 2/Partial hand B11.jpg
2009.02.04 12:03 B G:\WEB SITE details\4 My Webs currently used one 4\Photo 2\Partial hand\B12.jpg --> 69.93.185.18 /www/4 My Webs currently used one 4/Photo 2/Partial hand B12.jpg
2009.02.04 12:04 B G:\WEB SITE details\4 My Webs currently used one 4\Photo 2\Partial hand\B13.jpg --> 69.93.185.18 /www/4 My Webs currently used one 4/Photo 2/Partial hand B13.jpg
2009.02.04 12:04 B G:\WEB SITE details\4 My Webs currently used one 4\Photo 2\Partial hand\B14.jpg --> 69.93.185.18 /www/4 My Webs currently used one 4/Photo 2/Partial hand B14.jpg
2009.02.04 12:04 B G:\WEB SITE details\4 My Webs currently used one 4\Photo 2\Partial hand\B15.jpg --> 69.93.185.18 /www/4 My Webs currently used one 4/Photo 2/Partial hand B15.jpg
2009.02.04 12:04 B G:\WEB SITE details\4 My Webs currently used one 4\Photo 2\Partial hand\B16.jpg --> 69.93.185.18 /www/4 My Webs currently used one 4/Photo 2/Partial hand B16.jpg
2009.02.04 12:04 B G:\WEB SITE details\4 My Webs currently used one 4\Photo 2\Partial hand\B17.jpg --> 69.93.185.18 /www/4 My Webs currently used one 4/Photo 2/Partial hand B17.jpg
2009.02.04 12:04 B G:\WEB SITE details\4 My Webs currently used one 4\Photo 2\Partial hand\B6.jpg --> 69.93.185.18 /www/4 My Webs currently used one 4/Photo 2/Partial hand B6.jpg
2009.02.04 12:04 B G:\WEB SITE details\4 My Webs currently used one 4\Photo 2\Partial hand\B7.jpg --> 69.93.185.18 /www/4 My Webs currently used one 4/Photo 2/Partial hand B7.jpg
2009.02.04 12:04 B G:\WEB SITE details\4 My Webs currently used one 4\Photo 2\Partial hand\B8.jpg --> 69.93.185.18 /www/4 My Webs currently used one 4/Photo 2/Partial hand B8.jpg
2009.02.04 12:04 B G:\WEB SITE details\4 My Webs currently used one 4\Photo 2\Partial hand\B9.jpg --> 69.93.185.18 /www/4 My Webs currently used one 4/Photo 2/Partial hand B9.jpg
2009.02.04 12:04 B G:\WEB SITE details\4 My Webs currently used one 4\Photo 2\Partial hand\img0052.jpg --> 69.93.185.18 /www/4 My Webs currently used one 4/Photo 2/Partial hand img0052.jpg
2009.02.04 12:04 B G:\WEB SITE details\4 My Webs currently used one 4\Photo 2\Partial hand\img0053.jpg --> 69.93.185.18 /www/4 My Webs currently used one 4/Photo 2/Partial hand img0053.jpg
2009.02.04 12:04 B G:\WEB SITE details\4 My Webs currently used one 4\Photo 2\Partial hand\img0055.jpg --> 69.93.185.18 /www/4 My Webs currently used one 4/Photo 2/Partial hand img0055.jpg
2009.02.04 12:04 B G:\WEB SITE details\4 My Webs currently used one 4\Photo 2\Partial hand\img0056.jpg --> 69.93.185.18 /www/4 My Webs currently used one 4/Photo 2/Partial hand img0056.jpg
2009.02.04 12:04 B G:\WEB SITE details\4 My Webs currently used one 4\Photo 2\Partial hand\img0063.jpg --> 69.93.185.18 /www/4 My Webs currently used one 4/Photo 2/Partial hand img0063.jpg
2009.02.04 12:04 B G:\WEB SITE details\4 My Webs currently used one 4\Photo 2\Partial hand\img0064.jpg --> 69.93.185.18 /www/4 My Webs currently used one 4/Photo 2/Partial hand img0064.jpg
2009.02.04 12:04 B G:\WEB SITE details\4 My Webs currently used one 4\Photo 2\Partial hand\img0073.jpg --> 69.93.185.18 /www/4 My Webs currently used one 4/Photo 2/Partial hand img0073.jpg
2009.02.04 12:04 B G:\WEB SITE details\4 My Webs currently used one 4\Photo 2\Partial hand\img0074.jpg --> 69.93.185.18 /www/4 My Webs currently used one 4/Photo 2/Partial hand img0074.jpg
2009.02.04 12:04 B G:\WEB SITE details\4 My Webs currently used one 4\Photo 2\Partial hand\img0081.jpg --> 69.93.185.18 /www/4 My Webs currently used one 4/Photo 2/Partial hand img0081.jpg
2009.02.04 12:04 B G:\WEB SITE details\4 My Webs currently used one 4\Photo 2\Partial hand\img0082.jpg --> 69.93.185.18 /www/4 My Webs currently used one 4/Photo 2/Partial hand img0082.jpg
2009.02.04 12:04 B G:\WEB SITE details\4 My Webs currently used one 4\Photo 2\Partial hand\m1.jpg --> 69.93.185.18 /www/4 My Webs currently used one 4/Photo 2/Partial hand m1.jpg
2009.02.04 12:04 B G:\WEB SITE details\4 My Webs currently used one 4\Photo 2\Partial hand\Thumbs.db --> 69.93.185.18 /www/4 My Webs currently used one 4/Photo 2/Partial hand Thumbs.db
2009.02.04 12:04 B G:\WEB SITE details\4 My Webs currently used one 4\Photo 2\Partial hand\TotalHandProsthesisAfterFitting.jpg --> 69.93.185.18 /www/4 My Webs currently used one 4/Photo 2/Partial hand TotalHandProsthesisAfterFitting.jpg
2009.02.04 12:04 B G:\WEB SITE details\4 My Webs currently used one 4\Photo 2\Partial hand\TotalHandProsthesisBeforeFitting.jpg --> 69.93.185.18 /www/4 My Webs currently used one 4/Photo 2/Partial hand TotalHandProsthesisBeforeFitting.jpg
2009.02.04 12:04 B G:\WEB SITE details\4 My Webs currently used one 4\Photo 2\Partial hand\WS_FTP.LOG --> 69.93.185.18 /www/4 My Webs currently used one 4/Photo 2/Partial hand WS_FTP.LOG
2009.05.28 14:41 B G:\WEB SITE details\5 Web site  currently used one 5\Photo 2\Partial hand\Thumbs.db --> ftp.kmomocha.com /www/Photo 2/Partial hand Thumbs.db
2009.05.28 14:41 B G:\WEB SITE details\5 Web site  currently used one 5\Photo 2\Partial hand\WS_FTP.LOG --> ftp.kmomocha.com /www/Photo 2/Partial hand WS_FTP.LOG
