vti_encoding:SR|utf8-nl
2007.03.23 15:31 B I:\\My Webs2\\Photo 2\\Partial hand\\_vti_cnf\\TotalHandProsthesisBeforeFitting.jpg --> ftp.kmomocha.com /www/Photo 2/Partial hand/_vti_cnf TotalHandProsthesisBeforeFitting.jpg
vti_timelastmodified:TR|23 Mar 2007 10:04:55 -0000
vti_extenderversion:SR|4.0.2.6513
2007.03.26 12:29 B I:
2007.03.27 17:11 B I:\My Webs\Photo 2\Partial hand\_vti_cnf\1.jpg --> ftp.kmomocha.com /www/Photo 2/Partial hand/_vti_cnf 1.jpg
2007.03.27 17:11 B I:\My Webs\Photo 2\Partial hand\_vti_cnf\10.jpg --> ftp.kmomocha.com /www/Photo 2/Partial hand/_vti_cnf 10.jpg
2007.03.27 17:11 B I:\My Webs\Photo 2\Partial hand\_vti_cnf\12.jpg --> ftp.kmomocha.com /www/Photo 2/Partial hand/_vti_cnf 12.jpg
2007.03.27 17:11 B I:\My Webs\Photo 2\Partial hand\_vti_cnf\3.jpg --> ftp.kmomocha.com /www/Photo 2/Partial hand/_vti_cnf 3.jpg
2007.03.27 17:11 B I:\My Webs\Photo 2\Partial hand\_vti_cnf\3v (1).jpg --> ftp.kmomocha.com /www/Photo 2/Partial hand/_vti_cnf 3v (1).jpg
2007.03.27 17:11 B I:\My Webs\Photo 2\Partial hand\_vti_cnf\3v.jpg --> ftp.kmomocha.com /www/Photo 2/Partial hand/_vti_cnf 3v.jpg
2007.03.27 17:11 B I:\My Webs\Photo 2\Partial hand\_vti_cnf\6.jpg --> ftp.kmomocha.com /www/Photo 2/Partial hand/_vti_cnf 6.jpg
2007.03.27 17:11 B I:\My Webs\Photo 2\Partial hand\_vti_cnf\8.jpg --> ftp.kmomocha.com /www/Photo 2/Partial hand/_vti_cnf 8.jpg
2007.03.27 17:11 B I:\My Webs\Photo 2\Partial hand\_vti_cnf\9.jpg --> ftp.kmomocha.com /www/Photo 2/Partial hand/_vti_cnf 9.jpg
2007.03.27 17:11 B I:\My Webs\Photo 2\Partial hand\_vti_cnf\9a.jpg --> ftp.kmomocha.com /www/Photo 2/Partial hand/_vti_cnf 9a.jpg
2007.03.27 17:11 B I:\My Webs\Photo 2\Partial hand\_vti_cnf\AE.jpg --> ftp.kmomocha.com /www/Photo 2/Partial hand/_vti_cnf AE.jpg
2007.03.27 17:11 B I:\My Webs\Photo 2\Partial hand\_vti_cnf\Ahand.jpg --> ftp.kmomocha.com /www/Photo 2/Partial hand/_vti_cnf Ahand.jpg
2007.03.27 17:13 B I:\My Webs\Photo 2\Partial hand\_vti_cnf\ankle1.gif --> ftp.kmomocha.com /www/Photo 2/Partial hand/_vti_cnf ankle1.gif
2007.03.27 17:13 B I:\My Webs\Photo 2\Partial hand\_vti_cnf\ankle2.gif --> ftp.kmomocha.com /www/Photo 2/Partial hand/_vti_cnf ankle2.gif
2007.03.27 17:13 B I:\My Webs\Photo 2\Partial hand\_vti_cnf\ankle3.gif --> ftp.kmomocha.com /www/Photo 2/Partial hand/_vti_cnf ankle3.gif
2007.03.27 17:13 B I:\My Webs\Photo 2\Partial hand\_vti_cnf\ankle4.gif --> ftp.kmomocha.com /www/Photo 2/Partial hand/_vti_cnf ankle4.gif
2007.03.27 17:13 B I:\My Webs\Photo 2\Partial hand\_vti_cnf\ankle5.gif --> ftp.kmomocha.com /www/Photo 2/Partial hand/_vti_cnf ankle5.gif
2007.03.27 17:13 B I:\My Webs\Photo 2\Partial hand\_vti_cnf\ankle6.gif --> ftp.kmomocha.com /www/Photo 2/Partial hand/_vti_cnf ankle6.gif
2007.03.27 17:13 B I:\My Webs\Photo 2\Partial hand\_vti_cnf\artery_lower_body1.gif --> ftp.kmomocha.com /www/Photo 2/Partial hand/_vti_cnf artery_lower_body1.gif
2007.03.27 17:14 B I:\My Webs\Photo 2\Partial hand\_vti_cnf\B10.jpg --> ftp.kmomocha.com /www/Photo 2/Partial hand/_vti_cnf B10.jpg
2007.03.27 17:14 B I:\My Webs\Photo 2\Partial hand\_vti_cnf\B11.jpg --> ftp.kmomocha.com /www/Photo 2/Partial hand/_vti_cnf B11.jpg
2007.03.27 17:14 B I:\My Webs\Photo 2\Partial hand\_vti_cnf\B12.jpg --> ftp.kmomocha.com /www/Photo 2/Partial hand/_vti_cnf B12.jpg
2007.03.27 17:14 B I:\My Webs\Photo 2\Partial hand\_vti_cnf\B13.jpg --> ftp.kmomocha.com /www/Photo 2/Partial hand/_vti_cnf B13.jpg
2007.03.27 17:14 B I:\My Webs\Photo 2\Partial hand\_vti_cnf\B14.jpg --> ftp.kmomocha.com /www/Photo 2/Partial hand/_vti_cnf B14.jpg
2007.03.27 17:15 B I:\My Webs\Photo 2\Partial hand\_vti_cnf\B15.jpg --> ftp.kmomocha.com /www/Photo 2/Partial hand/_vti_cnf B15.jpg
2007.03.27 17:15 B I:\My Webs\Photo 2\Partial hand\_vti_cnf\B16.jpg --> ftp.kmomocha.com /www/Photo 2/Partial hand/_vti_cnf B16.jpg
2007.03.27 17:16 B I:\My Webs\Photo 2\Partial hand\_vti_cnf\B17.jpg --> ftp.kmomocha.com /www/Photo 2/Partial hand/_vti_cnf B17.jpg
2007.03.27 17:16 B I:\My Webs\Photo 2\Partial hand\_vti_cnf\B6.jpg --> ftp.kmomocha.com /www/Photo 2/Partial hand/_vti_cnf B6.jpg
2007.03.27 17:16 B I:\My Webs\Photo 2\Partial hand\_vti_cnf\B7.jpg --> ftp.kmomocha.com /www/Photo 2/Partial hand/_vti_cnf B7.jpg
2007.03.27 17:16 B I:\My Webs\Photo 2\Partial hand\_vti_cnf\B8.jpg --> ftp.kmomocha.com /www/Photo 2/Partial hand/_vti_cnf B8.jpg
2007.03.27 17:17 B I:\My Webs\Photo 2\Partial hand\_vti_cnf\B9.jpg --> ftp.kmomocha.com /www/Photo 2/Partial hand/_vti_cnf B9.jpg
2007.03.27 17:17 B I:\My Webs\Photo 2\Partial hand\_vti_cnf\chestartery1.gif --> ftp.kmomocha.com /www/Photo 2/Partial hand/_vti_cnf chestartery1.gif
2007.03.27 17:17 B I:\My Webs\Photo 2\Partial hand\_vti_cnf\eye1.gif --> ftp.kmomocha.com /www/Photo 2/Partial hand/_vti_cnf eye1.gif
2007.03.27 17:18 B I:\My Webs\Photo 2\Partial hand\_vti_cnf\eye2.gif --> ftp.kmomocha.com /www/Photo 2/Partial hand/_vti_cnf eye2.gif
2007.03.27 17:18 B I:\My Webs\Photo 2\Partial hand\_vti_cnf\eye3.gif --> ftp.kmomocha.com /www/Photo 2/Partial hand/_vti_cnf eye3.gif
2007.03.27 17:18 B I:\My Webs\Photo 2\Partial hand\_vti_cnf\eye4.gif --> ftp.kmomocha.com /www/Photo 2/Partial hand/_vti_cnf eye4.gif
2007.03.27 17:18 B I:\My Webs\Photo 2\Partial hand\_vti_cnf\eye5.gif --> ftp.kmomocha.com /www/Photo 2/Partial hand/_vti_cnf eye5.gif
2007.03.27 17:18 B I:\My Webs\Photo 2\Partial hand\_vti_cnf\eye6.gif --> ftp.kmomocha.com /www/Photo 2/Partial hand/_vti_cnf eye6.gif
2007.03.27 17:18 B I:\My Webs\Photo 2\Partial hand\_vti_cnf\foot1.gif --> ftp.kmomocha.com /www/Photo 2/Partial hand/_vti_cnf foot1.gif
2007.03.27 17:18 B I:\My Webs\Photo 2\Partial hand\_vti_cnf\foot2.gif --> ftp.kmomocha.com /www/Photo 2/Partial hand/_vti_cnf foot2.gif
2007.03.27 17:18 B I:\My Webs\Photo 2\Partial hand\_vti_cnf\foot3.gif --> ftp.kmomocha.com /www/Photo 2/Partial hand/_vti_cnf foot3.gif
2007.03.27 17:18 B I:\My Webs\Photo 2\Partial hand\_vti_cnf\foot4.gif --> ftp.kmomocha.com /www/Photo 2/Partial hand/_vti_cnf foot4.gif
2007.03.27 17:18 B I:\My Webs\Photo 2\Partial hand\_vti_cnf\foot5.gif --> ftp.kmomocha.com /www/Photo 2/Partial hand/_vti_cnf foot5.gif
2007.03.27 17:18 B I:\My Webs\Photo 2\Partial hand\_vti_cnf\foot6.gif --> ftp.kmomocha.com /www/Photo 2/Partial hand/_vti_cnf foot6.gif
2007.03.27 17:19 B I:\My Webs\Photo 2\Partial hand\_vti_cnf\footartery1.gif --> ftp.kmomocha.com /www/Photo 2/Partial hand/_vti_cnf footartery1.gif
2007.03.27 17:19 B I:\My Webs\Photo 2\Partial hand\_vti_cnf\full_skeleton.gif --> ftp.kmomocha.com /www/Photo 2/Partial hand/_vti_cnf full_skeleton.gif
2007.03.27 17:19 B I:\My Webs\Photo 2\Partial hand\_vti_cnf\img0052.jpg --> ftp.kmomocha.com /www/Photo 2/Partial hand/_vti_cnf img0052.jpg
2007.03.27 17:19 B I:\My Webs\Photo 2\Partial hand\_vti_cnf\img0053.jpg --> ftp.kmomocha.com /www/Photo 2/Partial hand/_vti_cnf img0053.jpg
2007.03.27 17:19 B I:\My Webs\Photo 2\Partial hand\_vti_cnf\img0055.jpg --> ftp.kmomocha.com /www/Photo 2/Partial hand/_vti_cnf img0055.jpg
2007.03.27 17:19 B I:\My Webs\Photo 2\Partial hand\_vti_cnf\img0056.jpg --> ftp.kmomocha.com /www/Photo 2/Partial hand/_vti_cnf img0056.jpg
2007.03.27 17:19 B I:\My Webs\Photo 2\Partial hand\_vti_cnf\img0063.jpg --> ftp.kmomocha.com /www/Photo 2/Partial hand/_vti_cnf img0063.jpg
2007.03.27 17:19 B I:\My Webs\Photo 2\Partial hand\_vti_cnf\img0064.jpg --> ftp.kmomocha.com /www/Photo 2/Partial hand/_vti_cnf img0064.jpg
2007.03.27 17:20 B I:\My Webs\Photo 2\Partial hand\_vti_cnf\img0073.jpg --> ftp.kmomocha.com /www/Photo 2/Partial hand/_vti_cnf img0073.jpg
2007.03.27 17:20 B I:\My Webs\Photo 2\Partial hand\_vti_cnf\img0074.jpg --> ftp.kmomocha.com /www/Photo 2/Partial hand/_vti_cnf img0074.jpg
2007.03.27 17:20 B I:\My Webs\Photo 2\Partial hand\_vti_cnf\img0081.jpg --> ftp.kmomocha.com /www/Photo 2/Partial hand/_vti_cnf img0081.jpg
2007.03.27 17:20 B I:\My Webs\Photo 2\Partial hand\_vti_cnf\img0082.jpg --> ftp.kmomocha.com /www/Photo 2/Partial hand/_vti_cnf img0082.jpg
2007.03.27 17:20 B I:\My Webs\Photo 2\Partial hand\_vti_cnf\kidney1.gif --> ftp.kmomocha.com /www/Photo 2/Partial hand/_vti_cnf kidney1.gif
2007.03.27 17:20 B I:\My Webs\Photo 2\Partial hand\_vti_cnf\kidney2.gif --> ftp.kmomocha.com /www/Photo 2/Partial hand/_vti_cnf kidney2.gif
2007.03.27 17:21 B I:\My Webs\Photo 2\Partial hand\_vti_cnf\kidney4.gif --> ftp.kmomocha.com /www/Photo 2/Partial hand/_vti_cnf kidney4.gif
2007.03.27 19:22 B I:\My Webs\Photo 2\Partial hand\_vti_cnf\knee1.gif --> ftp.kmomocha.com /www/Photo 2/Partial hand/_vti_cnf knee1.gif
2007.03.27 19:22 B I:\My Webs\Photo 2\Partial hand\_vti_cnf\knee2.gif --> ftp.kmomocha.com /www/Photo 2/Partial hand/_vti_cnf knee2.gif
2007.03.27 19:22 B I:\My Webs\Photo 2\Partial hand\_vti_cnf\knee3.gif --> ftp.kmomocha.com /www/Photo 2/Partial hand/_vti_cnf knee3.gif
2007.03.27 19:22 B I:\My Webs\Photo 2\Partial hand\_vti_cnf\knee4.gif --> ftp.kmomocha.com /www/Photo 2/Partial hand/_vti_cnf knee4.gif
2007.03.27 19:22 B I:\My Webs\Photo 2\Partial hand\_vti_cnf\knee5.gif --> ftp.kmomocha.com /www/Photo 2/Partial hand/_vti_cnf knee5.gif
2007.03.27 19:22 B I:\My Webs\Photo 2\Partial hand\_vti_cnf\knee6.gif --> ftp.kmomocha.com /www/Photo 2/Partial hand/_vti_cnf knee6.gif
2007.03.27 19:22 B I:\My Webs\Photo 2\Partial hand\_vti_cnf\kneeartery2.gif --> ftp.kmomocha.com /www/Photo 2/Partial hand/_vti_cnf kneeartery2.gif
2007.03.27 19:22 B I:\My Webs\Photo 2\Partial hand\_vti_cnf\leg1.gif --> ftp.kmomocha.com /www/Photo 2/Partial hand/_vti_cnf leg1.gif
2007.03.27 19:22 B I:\My Webs\Photo 2\Partial hand\_vti_cnf\leg2.gif --> ftp.kmomocha.com /www/Photo 2/Partial hand/_vti_cnf leg2.gif
2007.03.27 19:22 B I:\My Webs\Photo 2\Partial hand\_vti_cnf\leg3.gif --> ftp.kmomocha.com /www/Photo 2/Partial hand/_vti_cnf leg3.gif
2007.03.27 19:22 B I:\My Webs\Photo 2\Partial hand\_vti_cnf\leg4.gif --> ftp.kmomocha.com /www/Photo 2/Partial hand/_vti_cnf leg4.gif
2007.03.27 19:22 B I:\My Webs\Photo 2\Partial hand\_vti_cnf\leg5.gif --> ftp.kmomocha.com /www/Photo 2/Partial hand/_vti_cnf leg5.gif
2007.03.27 19:22 B I:\My Webs\Photo 2\Partial hand\_vti_cnf\leg6.gif --> ftp.kmomocha.com /www/Photo 2/Partial hand/_vti_cnf leg6.gif
2007.03.27 19:22 B I:\My Webs\Photo 2\Partial hand\_vti_cnf\legartery1.gif --> ftp.kmomocha.com /www/Photo 2/Partial hand/_vti_cnf legartery1.gif
2007.03.27 19:22 B I:\My Webs\Photo 2\Partial hand\_vti_cnf\lung1.gif --> ftp.kmomocha.com /www/Photo 2/Partial hand/_vti_cnf lung1.gif
2007.03.27 19:22 B I:\My Webs\Photo 2\Partial hand\_vti_cnf\lung2.gif --> ftp.kmomocha.com /www/Photo 2/Partial hand/_vti_cnf lung2.gif
2007.03.27 19:22 B I:\My Webs\Photo 2\Partial hand\_vti_cnf\lung3.gif --> ftp.kmomocha.com /www/Photo 2/Partial hand/_vti_cnf lung3.gif
2007.03.27 19:22 B I:\My Webs\Photo 2\Partial hand\_vti_cnf\m1.jpg --> ftp.kmomocha.com /www/Photo 2/Partial hand/_vti_cnf m1.jpg
2007.03.27 19:22 B I:\My Webs\Photo 2\Partial hand\_vti_cnf\skeleton1.gif --> ftp.kmomocha.com /www/Photo 2/Partial hand/_vti_cnf skeleton1.gif
2007.03.27 19:22 B I:\My Webs\Photo 2\Partial hand\_vti_cnf\skeleton2.gif --> ftp.kmomocha.com /www/Photo 2/Partial hand/_vti_cnf skeleton2.gif
2007.03.27 19:22 B I:\My Webs\Photo 2\Partial hand\_vti_cnf\skull1.gif --> ftp.kmomocha.com /www/Photo 2/Partial hand/_vti_cnf skull1.gif
2007.03.27 19:22 B I:\My Webs\Photo 2\Partial hand\_vti_cnf\skull3.gif --> ftp.kmomocha.com /www/Photo 2/Partial hand/_vti_cnf skull3.gif
2007.03.27 19:22 B I:\My Webs\Photo 2\Partial hand\_vti_cnf\skull4.gif --> ftp.kmomocha.com /www/Photo 2/Partial hand/_vti_cnf skull4.gif
2007.03.27 19:22 B I:\My Webs\Photo 2\Partial hand\_vti_cnf\spacer.gif --> ftp.kmomocha.com /www/Photo 2/Partial hand/_vti_cnf spacer.gif
2007.03.27 19:22 B I:\My Webs\Photo 2\Partial hand\_vti_cnf\spine1.gif --> ftp.kmomocha.com /www/Photo 2/Partial hand/_vti_cnf spine1.gif
2007.03.27 19:22 B I:\My Webs\Photo 2\Partial hand\_vti_cnf\spine2.gif --> ftp.kmomocha.com /www/Photo 2/Partial hand/_vti_cnf spine2.gif
2007.03.27 19:22 B I:\My Webs\Photo 2\Partial hand\_vti_cnf\spine3.gif --> ftp.kmomocha.com /www/Photo 2/Partial hand/_vti_cnf spine3.gif
2007.03.27 19:22 B I:\My Webs\Photo 2\Partial hand\_vti_cnf\spine4.gif --> ftp.kmomocha.com /www/Photo 2/Partial hand/_vti_cnf spine4.gif
2007.03.27 19:22 B I:\My Webs\Photo 2\Partial hand\_vti_cnf\spine5.gif --> ftp.kmomocha.com /www/Photo 2/Partial hand/_vti_cnf spine5.gif
2007.03.27 19:22 B I:\My Webs\Photo 2\Partial hand\_vti_cnf\spine6.gif --> ftp.kmomocha.com /www/Photo 2/Partial hand/_vti_cnf spine6.gif
2007.03.27 19:22 B I:\My Webs\Photo 2\Partial hand\_vti_cnf\Thumbs.db --> ftp.kmomocha.com /www/Photo 2/Partial hand/_vti_cnf Thumbs.db
2007.03.27 19:22 B I:\My Webs\Photo 2\Partial hand\_vti_cnf\toppronat.gif --> ftp.kmomocha.com /www/Photo 2/Partial hand/_vti_cnf toppronat.gif
2007.03.27 19:22 B I:\My Webs\Photo 2\Partial hand\_vti_cnf\TotalHandProsthesisAfterFitting.jpg --> ftp.kmomocha.com /www/Photo 2/Partial hand/_vti_cnf TotalHandProsthesisAfterFitting.jpg
2007.03.27 19:22 B I:\My Webs\Photo 2\Partial hand\_vti_cnf\TotalHandProsthesisBeforeFitting.jpg --> ftp.kmomocha.com /www/Photo 2/Partial hand/_vti_cnf TotalHandProsthesisBeforeFitting.jpg
2007.03.27 19:23 B I:\My Webs\Photo 2\Partial hand\_vti_cnf\upper_artery.gif --> ftp.kmomocha.com /www/Photo 2/Partial hand/_vti_cnf upper_artery.gif
2007.03.27 19:23 B I:\My Webs\Photo 2\Partial hand\_vti_cnf\urinary1.gif --> ftp.kmomocha.com /www/Photo 2/Partial hand/_vti_cnf urinary1.gif
2007.03.27 19:23 B I:\My Webs\Photo 2\Partial hand\_vti_cnf\urinary2.gif --> ftp.kmomocha.com /www/Photo 2/Partial hand/_vti_cnf urinary2.gif
2007.03.27 19:23 B I:\My Webs\Photo 2\Partial hand\_vti_cnf\urinary3.gif --> ftp.kmomocha.com /www/Photo 2/Partial hand/_vti_cnf urinary3.gif
2007.03.27 19:23 B I:\My Webs\Photo 2\Partial hand\_vti_cnf\WS_FTP.LOG --> ftp.kmomocha.com /www/Photo 2/Partial hand/_vti_cnf WS_FTP.LOG
2007.03.27 20:30 B I:\My Webs\Photo 2\Partial hand\_vti_cnf\1.jpg --> ftp.kmomocha.com /www/Photo 2/Partial hand/Partial hand/_vti_cnf 1.jpg
2007.03.27 20:30 B I:\My Webs\Photo 2\Partial hand\_vti_cnf\10.jpg --> ftp.kmomocha.com /www/Photo 2/Partial hand/Partial hand/_vti_cnf 10.jpg
2007.03.27 20:30 B I:\My Webs\Photo 2\Partial hand\_vti_cnf\12.jpg --> ftp.kmomocha.com /www/Photo 2/Partial hand/Partial hand/_vti_cnf 12.jpg
2007.03.27 20:30 B I:\My Webs\Photo 2\Partial hand\_vti_cnf\3.jpg --> ftp.kmomocha.com /www/Photo 2/Partial hand/Partial hand/_vti_cnf 3.jpg
2007.03.27 20:30 B I:\My Webs\Photo 2\Partial hand\_vti_cnf\3v (1).jpg --> ftp.kmomocha.com /www/Photo 2/Partial hand/Partial hand/_vti_cnf 3v (1).jpg
2007.03.27 20:30 B I:\My Webs\Photo 2\Partial hand\_vti_cnf\3v.jpg --> ftp.kmomocha.com /www/Photo 2/Partial hand/Partial hand/_vti_cnf 3v.jpg
2007.03.27 20:30 B I:\My Webs\Photo 2\Partial hand\_vti_cnf\6.jpg --> ftp.kmomocha.com /www/Photo 2/Partial hand/Partial hand/_vti_cnf 6.jpg
2007.03.27 20:30 B I:\My Webs\Photo 2\Partial hand\_vti_cnf\8.jpg --> ftp.kmomocha.com /www/Photo 2/Partial hand/Partial hand/_vti_cnf 8.jpg
2007.03.27 20:30 B I:\My Webs\Photo 2\Partial hand\_vti_cnf\9.jpg --> ftp.kmomocha.com /www/Photo 2/Partial hand/Partial hand/_vti_cnf 9.jpg
2007.03.27 20:30 B I:\My Webs\Photo 2\Partial hand\_vti_cnf\9a.jpg --> ftp.kmomocha.com /www/Photo 2/Partial hand/Partial hand/_vti_cnf 9a.jpg
2007.03.27 20:30 B I:\My Webs\Photo 2\Partial hand\_vti_cnf\AE.jpg --> ftp.kmomocha.com /www/Photo 2/Partial hand/Partial hand/_vti_cnf AE.jpg
2007.03.27 20:30 B I:\My Webs\Photo 2\Partial hand\_vti_cnf\Ahand.jpg --> ftp.kmomocha.com /www/Photo 2/Partial hand/Partial hand/_vti_cnf Ahand.jpg
2007.03.27 20:30 B I:\My Webs\Photo 2\Partial hand\_vti_cnf\ankle1.gif --> ftp.kmomocha.com /www/Photo 2/Partial hand/Partial hand/_vti_cnf ankle1.gif
2007.03.27 20:30 B I:\My Webs\Photo 2\Partial hand\_vti_cnf\ankle2.gif --> ftp.kmomocha.com /www/Photo 2/Partial hand/Partial hand/_vti_cnf ankle2.gif
2007.03.27 20:30 B I:\My Webs\Photo 2\Partial hand\_vti_cnf\ankle3.gif --> ftp.kmomocha.com /www/Photo 2/Partial hand/Partial hand/_vti_cnf ankle3.gif
2007.03.27 20:30 B I:\My Webs\Photo 2\Partial hand\_vti_cnf\ankle4.gif --> ftp.kmomocha.com /www/Photo 2/Partial hand/Partial hand/_vti_cnf ankle4.gif
2007.03.27 20:30 B I:\My Webs\Photo 2\Partial hand\_vti_cnf\ankle5.gif --> ftp.kmomocha.com /www/Photo 2/Partial hand/Partial hand/_vti_cnf ankle5.gif
2007.03.27 20:30 B I:\My Webs\Photo 2\Partial hand\_vti_cnf\ankle6.gif --> ftp.kmomocha.com /www/Photo 2/Partial hand/Partial hand/_vti_cnf ankle6.gif
2007.03.27 20:30 B I:\My Webs\Photo 2\Partial hand\_vti_cnf\artery_lower_body1.gif --> ftp.kmomocha.com /www/Photo 2/Partial hand/Partial hand/_vti_cnf artery_lower_body1.gif
2007.03.27 20:30 B I:\My Webs\Photo 2\Partial hand\_vti_cnf\B10.jpg --> ftp.kmomocha.com /www/Photo 2/Partial hand/Partial hand/_vti_cnf B10.jpg
2007.03.27 20:30 B I:\My Webs\Photo 2\Partial hand\_vti_cnf\B11.jpg --> ftp.kmomocha.com /www/Photo 2/Partial hand/Partial hand/_vti_cnf B11.jpg
2007.03.27 20:30 B I:\My Webs\Photo 2\Partial hand\_vti_cnf\B12.jpg --> ftp.kmomocha.com /www/Photo 2/Partial hand/Partial hand/_vti_cnf B12.jpg
2007.03.27 20:30 B I:\My Webs\Photo 2\Partial hand\_vti_cnf\B13.jpg --> ftp.kmomocha.com /www/Photo 2/Partial hand/Partial hand/_vti_cnf B13.jpg
2007.03.27 20:30 B I:\My Webs\Photo 2\Partial hand\_vti_cnf\B14.jpg --> ftp.kmomocha.com /www/Photo 2/Partial hand/Partial hand/_vti_cnf B14.jpg
2007.03.27 20:30 B I:\My Webs\Photo 2\Partial hand\_vti_cnf\B15.jpg --> ftp.kmomocha.com /www/Photo 2/Partial hand/Partial hand/_vti_cnf B15.jpg
2007.03.27 20:30 B I:\My Webs\Photo 2\Partial hand\_vti_cnf\B16.jpg --> ftp.kmomocha.com /www/Photo 2/Partial hand/Partial hand/_vti_cnf B16.jpg
2007.03.27 20:30 B I:\My Webs\Photo 2\Partial hand\_vti_cnf\B17.jpg --> ftp.kmomocha.com /www/Photo 2/Partial hand/Partial hand/_vti_cnf B17.jpg
2007.03.27 20:30 B I:\My Webs\Photo 2\Partial hand\_vti_cnf\B6.jpg --> ftp.kmomocha.com /www/Photo 2/Partial hand/Partial hand/_vti_cnf B6.jpg
2007.03.27 20:30 B I:\My Webs\Photo 2\Partial hand\_vti_cnf\B7.jpg --> ftp.kmomocha.com /www/Photo 2/Partial hand/Partial hand/_vti_cnf B7.jpg
2007.03.27 20:30 B I:\My Webs\Photo 2\Partial hand\_vti_cnf\B8.jpg --> ftp.kmomocha.com /www/Photo 2/Partial hand/Partial hand/_vti_cnf B8.jpg
2007.03.27 20:30 B I:\My Webs\Photo 2\Partial hand\_vti_cnf\B9.jpg --> ftp.kmomocha.com /www/Photo 2/Partial hand/Partial hand/_vti_cnf B9.jpg
2007.03.27 20:30 B I:\My Webs\Photo 2\Partial hand\_vti_cnf\chestartery1.gif --> ftp.kmomocha.com /www/Photo 2/Partial hand/Partial hand/_vti_cnf chestartery1.gif
2007.03.27 20:31 B I:\My Webs\Photo 2\Partial hand\_vti_cnf\eye1.gif --> ftp.kmomocha.com /www/Photo 2/Partial hand/Partial hand/_vti_cnf eye1.gif
2007.03.27 20:31 B I:\My Webs\Photo 2\Partial hand\_vti_cnf\eye2.gif --> ftp.kmomocha.com /www/Photo 2/Partial hand/Partial hand/_vti_cnf eye2.gif
2007.03.27 20:31 B I:\My Webs\Photo 2\Partial hand\_vti_cnf\eye3.gif --> ftp.kmomocha.com /www/Photo 2/Partial hand/Partial hand/_vti_cnf eye3.gif
2007.03.27 20:31 B I:\My Webs\Photo 2\Partial hand\_vti_cnf\eye4.gif --> ftp.kmomocha.com /www/Photo 2/Partial hand/Partial hand/_vti_cnf eye4.gif
2007.03.27 20:31 B I:\My Webs\Photo 2\Partial hand\_vti_cnf\eye5.gif --> ftp.kmomocha.com /www/Photo 2/Partial hand/Partial hand/_vti_cnf eye5.gif
2007.03.27 20:31 B I:\My Webs\Photo 2\Partial hand\_vti_cnf\eye6.gif --> ftp.kmomocha.com /www/Photo 2/Partial hand/Partial hand/_vti_cnf eye6.gif
2007.03.27 20:31 B I:\My Webs\Photo 2\Partial hand\_vti_cnf\foot1.gif --> ftp.kmomocha.com /www/Photo 2/Partial hand/Partial hand/_vti_cnf foot1.gif
2007.03.27 20:31 B I:\My Webs\Photo 2\Partial hand\_vti_cnf\foot2.gif --> ftp.kmomocha.com /www/Photo 2/Partial hand/Partial hand/_vti_cnf foot2.gif
2007.03.27 20:31 B I:\My Webs\Photo 2\Partial hand\_vti_cnf\foot3.gif --> ftp.kmomocha.com /www/Photo 2/Partial hand/Partial hand/_vti_cnf foot3.gif
2007.03.27 20:31 B I:\My Webs\Photo 2\Partial hand\_vti_cnf\foot4.gif --> ftp.kmomocha.com /www/Photo 2/Partial hand/Partial hand/_vti_cnf foot4.gif
2007.03.27 20:31 B I:\My Webs\Photo 2\Partial hand\_vti_cnf\foot5.gif --> ftp.kmomocha.com /www/Photo 2/Partial hand/Partial hand/_vti_cnf foot5.gif
2007.03.27 20:31 B I:\My Webs\Photo 2\Partial hand\_vti_cnf\foot6.gif --> ftp.kmomocha.com /www/Photo 2/Partial hand/Partial hand/_vti_cnf foot6.gif
2007.03.27 20:31 B I:\My Webs\Photo 2\Partial hand\_vti_cnf\footartery1.gif --> ftp.kmomocha.com /www/Photo 2/Partial hand/Partial hand/_vti_cnf footartery1.gif
2007.03.27 20:31 B I:\My Webs\Photo 2\Partial hand\_vti_cnf\full_skeleton.gif --> ftp.kmomocha.com /www/Photo 2/Partial hand/Partial hand/_vti_cnf full_skeleton.gif
2007.03.27 20:31 B I:\My Webs\Photo 2\Partial hand\_vti_cnf\img0052.jpg --> ftp.kmomocha.com /www/Photo 2/Partial hand/Partial hand/_vti_cnf img0052.jpg
2007.03.27 20:31 B I:\My Webs\Photo 2\Partial hand\_vti_cnf\img0053.jpg --> ftp.kmomocha.com /www/Photo 2/Partial hand/Partial hand/_vti_cnf img0053.jpg
2007.03.27 20:31 B I:\My Webs\Photo 2\Partial hand\_vti_cnf\img0055.jpg --> ftp.kmomocha.com /www/Photo 2/Partial hand/Partial hand/_vti_cnf img0055.jpg
2007.03.27 20:31 B I:\My Webs\Photo 2\Partial hand\_vti_cnf\img0056.jpg --> ftp.kmomocha.com /www/Photo 2/Partial hand/Partial hand/_vti_cnf img0056.jpg
2007.03.27 20:31 B I:\My Webs\Photo 2\Partial hand\_vti_cnf\img0063.jpg --> ftp.kmomocha.com /www/Photo 2/Partial hand/Partial hand/_vti_cnf img0063.jpg
2007.03.27 20:31 B I:\My Webs\Photo 2\Partial hand\_vti_cnf\img0064.jpg --> ftp.kmomocha.com /www/Photo 2/Partial hand/Partial hand/_vti_cnf img0064.jpg
2007.03.27 20:31 B I:\My Webs\Photo 2\Partial hand\_vti_cnf\img0073.jpg --> ftp.kmomocha.com /www/Photo 2/Partial hand/Partial hand/_vti_cnf img0073.jpg
2007.03.27 20:31 B I:\My Webs\Photo 2\Partial hand\_vti_cnf\img0074.jpg --> ftp.kmomocha.com /www/Photo 2/Partial hand/Partial hand/_vti_cnf img0074.jpg
2007.03.27 20:31 B I:\My Webs\Photo 2\Partial hand\_vti_cnf\img0081.jpg --> ftp.kmomocha.com /www/Photo 2/Partial hand/Partial hand/_vti_cnf img0081.jpg
2007.03.27 20:31 B I:\My Webs\Photo 2\Partial hand\_vti_cnf\img0082.jpg --> ftp.kmomocha.com /www/Photo 2/Partial hand/Partial hand/_vti_cnf img0082.jpg
2007.03.27 20:31 B I:\My Webs\Photo 2\Partial hand\_vti_cnf\kidney1.gif --> ftp.kmomocha.com /www/Photo 2/Partial hand/Partial hand/_vti_cnf kidney1.gif
2007.03.27 20:31 B I:\My Webs\Photo 2\Partial hand\_vti_cnf\kidney2.gif --> ftp.kmomocha.com /www/Photo 2/Partial hand/Partial hand/_vti_cnf kidney2.gif
2007.03.27 20:31 B I:\My Webs\Photo 2\Partial hand\_vti_cnf\kidney4.gif --> ftp.kmomocha.com /www/Photo 2/Partial hand/Partial hand/_vti_cnf kidney4.gif
2007.03.27 20:31 B I:\My Webs\Photo 2\Partial hand\_vti_cnf\knee1.gif --> ftp.kmomocha.com /www/Photo 2/Partial hand/Partial hand/_vti_cnf knee1.gif
2007.03.27 20:31 B I:\My Webs\Photo 2\Partial hand\_vti_cnf\knee2.gif --> ftp.kmomocha.com /www/Photo 2/Partial hand/Partial hand/_vti_cnf knee2.gif
2007.03.27 20:31 B I:\My Webs\Photo 2\Partial hand\_vti_cnf\knee3.gif --> ftp.kmomocha.com /www/Photo 2/Partial hand/Partial hand/_vti_cnf knee3.gif
2007.03.27 20:31 B I:\My Webs\Photo 2\Partial hand\_vti_cnf\knee4.gif --> ftp.kmomocha.com /www/Photo 2/Partial hand/Partial hand/_vti_cnf knee4.gif
2007.03.27 20:31 B I:\My Webs\Photo 2\Partial hand\_vti_cnf\knee5.gif --> ftp.kmomocha.com /www/Photo 2/Partial hand/Partial hand/_vti_cnf knee5.gif
2007.03.27 20:31 B I:\My Webs\Photo 2\Partial hand\_vti_cnf\knee6.gif --> ftp.kmomocha.com /www/Photo 2/Partial hand/Partial hand/_vti_cnf knee6.gif
2007.03.27 20:31 B I:\My Webs\Photo 2\Partial hand\_vti_cnf\kneeartery2.gif --> ftp.kmomocha.com /www/Photo 2/Partial hand/Partial hand/_vti_cnf kneeartery2.gif
2007.03.27 20:32 B I:\My Webs\Photo 2\Partial hand\_vti_cnf\leg1.gif --> ftp.kmomocha.com /www/Photo 2/Partial hand/Partial hand/_vti_cnf leg1.gif
2007.03.27 20:32 B I:\My Webs\Photo 2\Partial hand\_vti_cnf\leg2.gif --> ftp.kmomocha.com /www/Photo 2/Partial hand/Partial hand/_vti_cnf leg2.gif
2007.03.27 20:32 B I:\My Webs\Photo 2\Partial hand\_vti_cnf\leg3.gif --> ftp.kmomocha.com /www/Photo 2/Partial hand/Partial hand/_vti_cnf leg3.gif
2007.03.27 20:32 B I:\My Webs\Photo 2\Partial hand\_vti_cnf\leg4.gif --> ftp.kmomocha.com /www/Photo 2/Partial hand/Partial hand/_vti_cnf leg4.gif
2007.03.27 20:32 B I:\My Webs\Photo 2\Partial hand\_vti_cnf\leg5.gif --> ftp.kmomocha.com /www/Photo 2/Partial hand/Partial hand/_vti_cnf leg5.gif
2007.03.27 20:32 B I:\My Webs\Photo 2\Partial hand\_vti_cnf\leg6.gif --> ftp.kmomocha.com /www/Photo 2/Partial hand/Partial hand/_vti_cnf leg6.gif
2007.03.27 20:32 B I:\My Webs\Photo 2\Partial hand\_vti_cnf\legartery1.gif --> ftp.kmomocha.com /www/Photo 2/Partial hand/Partial hand/_vti_cnf legartery1.gif
2007.03.27 20:32 B I:\My Webs\Photo 2\Partial hand\_vti_cnf\lung1.gif --> ftp.kmomocha.com /www/Photo 2/Partial hand/Partial hand/_vti_cnf lung1.gif
2007.03.27 20:32 B I:\My Webs\Photo 2\Partial hand\_vti_cnf\lung2.gif --> ftp.kmomocha.com /www/Photo 2/Partial hand/Partial hand/_vti_cnf lung2.gif
2007.03.27 20:32 B I:\My Webs\Photo 2\Partial hand\_vti_cnf\lung3.gif --> ftp.kmomocha.com /www/Photo 2/Partial hand/Partial hand/_vti_cnf lung3.gif
2007.03.27 20:32 B I:\My Webs\Photo 2\Partial hand\_vti_cnf\m1.jpg --> ftp.kmomocha.com /www/Photo 2/Partial hand/Partial hand/_vti_cnf m1.jpg
2007.03.27 20:32 B I:\My Webs\Photo 2\Partial hand\_vti_cnf\skeleton1.gif --> ftp.kmomocha.com /www/Photo 2/Partial hand/Partial hand/_vti_cnf skeleton1.gif
2007.03.27 20:32 B I:\My Webs\Photo 2\Partial hand\_vti_cnf\skeleton2.gif --> ftp.kmomocha.com /www/Photo 2/Partial hand/Partial hand/_vti_cnf skeleton2.gif
2007.03.27 20:32 B I:\My Webs\Photo 2\Partial hand\_vti_cnf\skull1.gif --> ftp.kmomocha.com /www/Photo 2/Partial hand/Partial hand/_vti_cnf skull1.gif
2007.03.27 20:32 B I:\My Webs\Photo 2\Partial hand\_vti_cnf\skull3.gif --> ftp.kmomocha.com /www/Photo 2/Partial hand/Partial hand/_vti_cnf skull3.gif
2007.03.27 20:32 B I:\My Webs\Photo 2\Partial hand\_vti_cnf\skull4.gif --> ftp.kmomocha.com /www/Photo 2/Partial hand/Partial hand/_vti_cnf skull4.gif
2007.03.27 20:32 B I:\My Webs\Photo 2\Partial hand\_vti_cnf\spacer.gif --> ftp.kmomocha.com /www/Photo 2/Partial hand/Partial hand/_vti_cnf spacer.gif
2007.03.27 20:32 B I:\My Webs\Photo 2\Partial hand\_vti_cnf\spine1.gif --> ftp.kmomocha.com /www/Photo 2/Partial hand/Partial hand/_vti_cnf spine1.gif
2007.03.27 20:32 B I:\My Webs\Photo 2\Partial hand\_vti_cnf\spine2.gif --> ftp.kmomocha.com /www/Photo 2/Partial hand/Partial hand/_vti_cnf spine2.gif
2007.03.27 20:32 B I:\My Webs\Photo 2\Partial hand\_vti_cnf\spine3.gif --> ftp.kmomocha.com /www/Photo 2/Partial hand/Partial hand/_vti_cnf spine3.gif
2007.03.27 20:32 B I:\My Webs\Photo 2\Partial hand\_vti_cnf\spine4.gif --> ftp.kmomocha.com /www/Photo 2/Partial hand/Partial hand/_vti_cnf spine4.gif
2007.03.27 20:32 B I:\My Webs\Photo 2\Partial hand\_vti_cnf\spine5.gif --> ftp.kmomocha.com /www/Photo 2/Partial hand/Partial hand/_vti_cnf spine5.gif
2007.03.27 20:32 B I:\My Webs\Photo 2\Partial hand\_vti_cnf\spine6.gif --> ftp.kmomocha.com /www/Photo 2/Partial hand/Partial hand/_vti_cnf spine6.gif
2007.03.27 20:32 B I:\My Webs\Photo 2\Partial hand\_vti_cnf\Thumbs.db --> ftp.kmomocha.com /www/Photo 2/Partial hand/Partial hand/_vti_cnf Thumbs.db
2007.03.27 20:32 B I:\My Webs\Photo 2\Partial hand\_vti_cnf\toppronat.gif --> ftp.kmomocha.com /www/Photo 2/Partial hand/Partial hand/_vti_cnf toppronat.gif
2007.03.27 20:32 B I:\My Webs\Photo 2\Partial hand\_vti_cnf\TotalHandProsthesisAfterFitting.jpg --> ftp.kmomocha.com /www/Photo 2/Partial hand/Partial hand/_vti_cnf TotalHandProsthesisAfterFitting.jpg
2007.03.27 20:32 B I:\My Webs\Photo 2\Partial hand\_vti_cnf\TotalHandProsthesisBeforeFitting.jpg --> ftp.kmomocha.com /www/Photo 2/Partial hand/Partial hand/_vti_cnf TotalHandProsthesisBeforeFitting.jpg
2007.03.27 20:32 B I:\My Webs\Photo 2\Partial hand\_vti_cnf\upper_artery.gif --> ftp.kmomocha.com /www/Photo 2/Partial hand/Partial hand/_vti_cnf upper_artery.gif
2007.03.27 20:32 B I:\My Webs\Photo 2\Partial hand\_vti_cnf\urinary1.gif --> ftp.kmomocha.com /www/Photo 2/Partial hand/Partial hand/_vti_cnf urinary1.gif
2007.03.27 20:32 B I:\My Webs\Photo 2\Partial hand\_vti_cnf\urinary2.gif --> ftp.kmomocha.com /www/Photo 2/Partial hand/Partial hand/_vti_cnf urinary2.gif
2007.03.27 20:32 B I:\My Webs\Photo 2\Partial hand\_vti_cnf\urinary3.gif --> ftp.kmomocha.com /www/Photo 2/Partial hand/Partial hand/_vti_cnf urinary3.gif
2007.03.27 20:32 B I:\My Webs\Photo 2\Partial hand\_vti_cnf\WS_FTP.LOG --> ftp.kmomocha.com /www/Photo 2/Partial hand/Partial hand/_vti_cnf WS_FTP.LOG
2007.03.27 20:52 B I:\My Webs\Photo 2\Partial hand\_vti_cnf\1.jpg --> ftp.kmomocha.com /www/Photo 2/Partial hand/_vti_cnf 1.jpg
2007.03.27 20:52 B I:\My Webs\Photo 2\Partial hand\_vti_cnf\10.jpg --> ftp.kmomocha.com /www/Photo 2/Partial hand/_vti_cnf 10.jpg
2007.03.27 20:52 B I:\My Webs\Photo 2\Partial hand\_vti_cnf\12.jpg --> ftp.kmomocha.com /www/Photo 2/Partial hand/_vti_cnf 12.jpg
2007.03.27 20:52 B I:\My Webs\Photo 2\Partial hand\_vti_cnf\3.jpg --> ftp.kmomocha.com /www/Photo 2/Partial hand/_vti_cnf 3.jpg
2007.03.27 20:52 B I:\My Webs\Photo 2\Partial hand\_vti_cnf\3v (1).jpg --> ftp.kmomocha.com /www/Photo 2/Partial hand/_vti_cnf 3v (1).jpg
2007.03.27 20:53 B I:\My Webs\Photo 2\Partial hand\_vti_cnf\3v.jpg --> ftp.kmomocha.com /www/Photo 2/Partial hand/_vti_cnf 3v.jpg
2007.03.27 20:53 B I:\My Webs\Photo 2\Partial hand\_vti_cnf\6.jpg --> ftp.kmomocha.com /www/Photo 2/Partial hand/_vti_cnf 6.jpg
2007.03.27 20:53 B I:\My Webs\Photo 2\Partial hand\_vti_cnf\8.jpg --> ftp.kmomocha.com /www/Photo 2/Partial hand/_vti_cnf 8.jpg
2007.03.27 20:53 B I:\My Webs\Photo 2\Partial hand\_vti_cnf\9.jpg --> ftp.kmomocha.com /www/Photo 2/Partial hand/_vti_cnf 9.jpg
2007.03.27 20:53 B I:\My Webs\Photo 2\Partial hand\_vti_cnf\9a.jpg --> ftp.kmomocha.com /www/Photo 2/Partial hand/_vti_cnf 9a.jpg
2007.03.27 20:53 B I:\My Webs\Photo 2\Partial hand\_vti_cnf\AE.jpg --> ftp.kmomocha.com /www/Photo 2/Partial hand/_vti_cnf AE.jpg
2007.03.27 20:53 B I:\My Webs\Photo 2\Partial hand\_vti_cnf\Ahand.jpg --> ftp.kmomocha.com /www/Photo 2/Partial hand/_vti_cnf Ahand.jpg
2007.03.27 20:53 B I:\My Webs\Photo 2\Partial hand\_vti_cnf\ankle1.gif --> ftp.kmomocha.com /www/Photo 2/Partial hand/_vti_cnf ankle1.gif
2007.03.27 20:53 B I:\My Webs\Photo 2\Partial hand\_vti_cnf\ankle2.gif --> ftp.kmomocha.com /www/Photo 2/Partial hand/_vti_cnf ankle2.gif
2007.03.27 20:53 B I:\My Webs\Photo 2\Partial hand\_vti_cnf\ankle3.gif --> ftp.kmomocha.com /www/Photo 2/Partial hand/_vti_cnf ankle3.gif
2007.03.27 20:53 B I:\My Webs\Photo 2\Partial hand\_vti_cnf\ankle4.gif --> ftp.kmomocha.com /www/Photo 2/Partial hand/_vti_cnf ankle4.gif
2007.03.27 20:53 B I:\My Webs\Photo 2\Partial hand\_vti_cnf\ankle5.gif --> ftp.kmomocha.com /www/Photo 2/Partial hand/_vti_cnf ankle5.gif
2007.03.27 20:53 B I:\My Webs\Photo 2\Partial hand\_vti_cnf\ankle6.gif --> ftp.kmomocha.com /www/Photo 2/Partial hand/_vti_cnf ankle6.gif
2007.03.27 20:53 B I:\My Webs\Photo 2\Partial hand\_vti_cnf\artery_lower_body1.gif --> ftp.kmomocha.com /www/Photo 2/Partial hand/_vti_cnf artery_lower_body1.gif
2007.03.27 20:53 B I:\My Webs\Photo 2\Partial hand\_vti_cnf\B10.jpg --> ftp.kmomocha.com /www/Photo 2/Partial hand/_vti_cnf B10.jpg
2007.03.27 20:53 B I:\My Webs\Photo 2\Partial hand\_vti_cnf\B11.jpg --> ftp.kmomocha.com /www/Photo 2/Partial hand/_vti_cnf B11.jpg
2007.03.27 20:53 B I:\My Webs\Photo 2\Partial hand\_vti_cnf\B12.jpg --> ftp.kmomocha.com /www/Photo 2/Partial hand/_vti_cnf B12.jpg
2007.03.27 20:53 B I:\My Webs\Photo 2\Partial hand\_vti_cnf\B13.jpg --> ftp.kmomocha.com /www/Photo 2/Partial hand/_vti_cnf B13.jpg
2007.03.27 20:53 B I:\My Webs\Photo 2\Partial hand\_vti_cnf\B14.jpg --> ftp.kmomocha.com /www/Photo 2/Partial hand/_vti_cnf B14.jpg
2007.03.27 20:53 B I:\My Webs\Photo 2\Partial hand\_vti_cnf\B15.jpg --> ftp.kmomocha.com /www/Photo 2/Partial hand/_vti_cnf B15.jpg
2007.03.27 20:53 B I:\My Webs\Photo 2\Partial hand\_vti_cnf\B16.jpg --> ftp.kmomocha.com /www/Photo 2/Partial hand/_vti_cnf B16.jpg
2007.03.27 20:53 B I:\My Webs\Photo 2\Partial hand\_vti_cnf\B17.jpg --> ftp.kmomocha.com /www/Photo 2/Partial hand/_vti_cnf B17.jpg
2007.03.27 20:53 B I:\My Webs\Photo 2\Partial hand\_vti_cnf\B6.jpg --> ftp.kmomocha.com /www/Photo 2/Partial hand/_vti_cnf B6.jpg
2007.03.27 20:53 B I:\My Webs\Photo 2\Partial hand\_vti_cnf\B7.jpg --> ftp.kmomocha.com /www/Photo 2/Partial hand/_vti_cnf B7.jpg
2007.03.27 20:53 B I:\My Webs\Photo 2\Partial hand\_vti_cnf\B8.jpg --> ftp.kmomocha.com /www/Photo 2/Partial hand/_vti_cnf B8.jpg
2007.03.27 20:53 B I:\My Webs\Photo 2\Partial hand\_vti_cnf\B9.jpg --> ftp.kmomocha.com /www/Photo 2/Partial hand/_vti_cnf B9.jpg
2007.03.27 20:53 B I:\My Webs\Photo 2\Partial hand\_vti_cnf\chestartery1.gif --> ftp.kmomocha.com /www/Photo 2/Partial hand/_vti_cnf chestartery1.gif
2007.03.27 20:53 B I:\My Webs\Photo 2\Partial hand\_vti_cnf\eye1.gif --> ftp.kmomocha.com /www/Photo 2/Partial hand/_vti_cnf eye1.gif
2007.03.27 20:53 B I:\My Webs\Photo 2\Partial hand\_vti_cnf\eye2.gif --> ftp.kmomocha.com /www/Photo 2/Partial hand/_vti_cnf eye2.gif
2007.03.27 20:54 B I:\My Webs\Photo 2\Partial hand\_vti_cnf\eye3.gif --> ftp.kmomocha.com /www/Photo 2/Partial hand/_vti_cnf eye3.gif
2007.03.27 20:54 B I:\My Webs\Photo 2\Partial hand\_vti_cnf\eye4.gif --> ftp.kmomocha.com /www/Photo 2/Partial hand/_vti_cnf eye4.gif
2007.03.27 20:54 B I:\My Webs\Photo 2\Partial hand\_vti_cnf\eye5.gif --> ftp.kmomocha.com /www/Photo 2/Partial hand/_vti_cnf eye5.gif
2007.03.27 20:54 B I:\My Webs\Photo 2\Partial hand\_vti_cnf\eye6.gif --> ftp.kmomocha.com /www/Photo 2/Partial hand/_vti_cnf eye6.gif
2007.03.27 20:54 B I:\My Webs\Photo 2\Partial hand\_vti_cnf\foot1.gif --> ftp.kmomocha.com /www/Photo 2/Partial hand/_vti_cnf foot1.gif
2007.03.27 20:54 B I:\My Webs\Photo 2\Partial hand\_vti_cnf\foot2.gif --> ftp.kmomocha.com /www/Photo 2/Partial hand/_vti_cnf foot2.gif
2007.03.27 20:55 B I:\My Webs\Photo 2\Partial hand\_vti_cnf\foot3.gif --> ftp.kmomocha.com /www/Photo 2/Partial hand/_vti_cnf foot3.gif
2007.03.27 20:55 B I:\My Webs\Photo 2\Partial hand\_vti_cnf\foot4.gif --> ftp.kmomocha.com /www/Photo 2/Partial hand/_vti_cnf foot4.gif
2007.03.27 20:55 B I:\My Webs\Photo 2\Partial hand\_vti_cnf\foot5.gif --> ftp.kmomocha.com /www/Photo 2/Partial hand/_vti_cnf foot5.gif
2007.03.27 20:55 B I:\My Webs\Photo 2\Partial hand\_vti_cnf\foot6.gif --> ftp.kmomocha.com /www/Photo 2/Partial hand/_vti_cnf foot6.gif
2007.03.27 20:55 B I:\My Webs\Photo 2\Partial hand\_vti_cnf\footartery1.gif --> ftp.kmomocha.com /www/Photo 2/Partial hand/_vti_cnf footartery1.gif
2007.03.27 20:55 B I:\My Webs\Photo 2\Partial hand\_vti_cnf\full_skeleton.gif --> ftp.kmomocha.com /www/Photo 2/Partial hand/_vti_cnf full_skeleton.gif
2007.03.27 20:55 B I:\My Webs\Photo 2\Partial hand\_vti_cnf\img0052.jpg --> ftp.kmomocha.com /www/Photo 2/Partial hand/_vti_cnf img0052.jpg
2007.03.27 20:55 B I:\My Webs\Photo 2\Partial hand\_vti_cnf\img0053.jpg --> ftp.kmomocha.com /www/Photo 2/Partial hand/_vti_cnf img0053.jpg
2007.03.27 20:55 B I:\My Webs\Photo 2\Partial hand\_vti_cnf\img0055.jpg --> ftp.kmomocha.com /www/Photo 2/Partial hand/_vti_cnf img0055.jpg
2007.03.27 20:55 B I:\My Webs\Photo 2\Partial hand\_vti_cnf\img0056.jpg --> ftp.kmomocha.com /www/Photo 2/Partial hand/_vti_cnf img0056.jpg
2007.03.27 20:55 B I:\My Webs\Photo 2\Partial hand\_vti_cnf\img0063.jpg --> ftp.kmomocha.com /www/Photo 2/Partial hand/_vti_cnf img0063.jpg
2007.03.27 20:55 B I:\My Webs\Photo 2\Partial hand\_vti_cnf\img0064.jpg --> ftp.kmomocha.com /www/Photo 2/Partial hand/_vti_cnf img0064.jpg
2007.03.27 20:55 B I:\My Webs\Photo 2\Partial hand\_vti_cnf\img0073.jpg --> ftp.kmomocha.com /www/Photo 2/Partial hand/_vti_cnf img0073.jpg
2007.03.27 20:55 B I:\My Webs\Photo 2\Partial hand\_vti_cnf\img0074.jpg --> ftp.kmomocha.com /www/Photo 2/Partial hand/_vti_cnf img0074.jpg
2007.03.27 20:55 B I:\My Webs\Photo 2\Partial hand\_vti_cnf\img0081.jpg --> ftp.kmomocha.com /www/Photo 2/Partial hand/_vti_cnf img0081.jpg
2007.03.27 20:55 B I:\My Webs\Photo 2\Partial hand\_vti_cnf\img0082.jpg --> ftp.kmomocha.com /www/Photo 2/Partial hand/_vti_cnf img0082.jpg
2007.03.27 20:55 B I:\My Webs\Photo 2\Partial hand\_vti_cnf\kidney1.gif --> ftp.kmomocha.com /www/Photo 2/Partial hand/_vti_cnf kidney1.gif
2007.03.27 20:55 B I:\My Webs\Photo 2\Partial hand\_vti_cnf\kidney2.gif --> ftp.kmomocha.com /www/Photo 2/Partial hand/_vti_cnf kidney2.gif
2007.03.27 20:55 B I:\My Webs\Photo 2\Partial hand\_vti_cnf\kidney4.gif --> ftp.kmomocha.com /www/Photo 2/Partial hand/_vti_cnf kidney4.gif
2007.03.27 20:55 B I:\My Webs\Photo 2\Partial hand\_vti_cnf\knee1.gif --> ftp.kmomocha.com /www/Photo 2/Partial hand/_vti_cnf knee1.gif
2007.03.27 20:56 B I:\My Webs\Photo 2\Partial hand\_vti_cnf\knee2.gif --> ftp.kmomocha.com /www/Photo 2/Partial hand/_vti_cnf knee2.gif
2007.03.27 20:56 B I:\My Webs\Photo 2\Partial hand\_vti_cnf\knee3.gif --> ftp.kmomocha.com /www/Photo 2/Partial hand/_vti_cnf knee3.gif
2007.03.27 20:56 B I:\My Webs\Photo 2\Partial hand\_vti_cnf\knee4.gif --> ftp.kmomocha.com /www/Photo 2/Partial hand/_vti_cnf knee4.gif
2007.03.27 20:56 B I:\My Webs\Photo 2\Partial hand\_vti_cnf\knee5.gif --> ftp.kmomocha.com /www/Photo 2/Partial hand/_vti_cnf knee5.gif
2007.03.27 20:56 B I:\My Webs\Photo 2\Partial hand\_vti_cnf\knee6.gif --> ftp.kmomocha.com /www/Photo 2/Partial hand/_vti_cnf knee6.gif
2007.03.27 20:56 B I:\My Webs\Photo 2\Partial hand\_vti_cnf\kneeartery2.gif --> ftp.kmomocha.com /www/Photo 2/Partial hand/_vti_cnf kneeartery2.gif
2007.03.27 20:56 B I:\My Webs\Photo 2\Partial hand\_vti_cnf\leg1.gif --> ftp.kmomocha.com /www/Photo 2/Partial hand/_vti_cnf leg1.gif
2007.03.27 20:56 B I:\My Webs\Photo 2\Partial hand\_vti_cnf\leg2.gif --> ftp.kmomocha.com /www/Photo 2/Partial hand/_vti_cnf leg2.gif
2007.03.27 20:56 B I:\My Webs\Photo 2\Partial hand\_vti_cnf\leg3.gif --> ftp.kmomocha.com /www/Photo 2/Partial hand/_vti_cnf leg3.gif
2007.03.27 20:56 B I:\My Webs\Photo 2\Partial hand\_vti_cnf\leg4.gif --> ftp.kmomocha.com /www/Photo 2/Partial hand/_vti_cnf leg4.gif
2007.03.27 20:56 B I:\My Webs\Photo 2\Partial hand\_vti_cnf\leg5.gif --> ftp.kmomocha.com /www/Photo 2/Partial hand/_vti_cnf leg5.gif
2007.03.27 20:56 B I:\My Webs\Photo 2\Partial hand\_vti_cnf\leg6.gif --> ftp.kmomocha.com /www/Photo 2/Partial hand/_vti_cnf leg6.gif
2007.03.27 20:56 B I:\My Webs\Photo 2\Partial hand\_vti_cnf\legartery1.gif --> ftp.kmomocha.com /www/Photo 2/Partial hand/_vti_cnf legartery1.gif
2007.03.27 20:56 B I:\My Webs\Photo 2\Partial hand\_vti_cnf\lung1.gif --> ftp.kmomocha.com /www/Photo 2/Partial hand/_vti_cnf lung1.gif
2007.03.27 20:56 B I:\My Webs\Photo 2\Partial hand\_vti_cnf\lung2.gif --> ftp.kmomocha.com /www/Photo 2/Partial hand/_vti_cnf lung2.gif
2007.03.27 20:56 B I:\My Webs\Photo 2\Partial hand\_vti_cnf\lung3.gif --> ftp.kmomocha.com /www/Photo 2/Partial hand/_vti_cnf lung3.gif
2007.03.27 20:56 B I:\My Webs\Photo 2\Partial hand\_vti_cnf\m1.jpg --> ftp.kmomocha.com /www/Photo 2/Partial hand/_vti_cnf m1.jpg
2007.03.27 20:56 B I:\My Webs\Photo 2\Partial hand\_vti_cnf\skeleton1.gif --> ftp.kmomocha.com /www/Photo 2/Partial hand/_vti_cnf skeleton1.gif
2007.03.27 20:56 B I:\My Webs\Photo 2\Partial hand\_vti_cnf\skeleton2.gif --> ftp.kmomocha.com /www/Photo 2/Partial hand/_vti_cnf skeleton2.gif
2007.03.27 20:56 B I:\My Webs\Photo 2\Partial hand\_vti_cnf\skull1.gif --> ftp.kmomocha.com /www/Photo 2/Partial hand/_vti_cnf skull1.gif
2007.03.27 20:56 B I:\My Webs\Photo 2\Partial hand\_vti_cnf\skull3.gif --> ftp.kmomocha.com /www/Photo 2/Partial hand/_vti_cnf skull3.gif
2007.03.27 20:56 B I:\My Webs\Photo 2\Partial hand\_vti_cnf\skull4.gif --> ftp.kmomocha.com /www/Photo 2/Partial hand/_vti_cnf skull4.gif
2007.03.27 20:56 B I:\My Webs\Photo 2\Partial hand\_vti_cnf\spacer.gif --> ftp.kmomocha.com /www/Photo 2/Partial hand/_vti_cnf spacer.gif
2007.03.27 20:56 B I:\My Webs\Photo 2\Partial hand\_vti_cnf\spine1.gif --> ftp.kmomocha.com /www/Photo 2/Partial hand/_vti_cnf spine1.gif
2007.03.27 20:56 B I:\My Webs\Photo 2\Partial hand\_vti_cnf\spine2.gif --> ftp.kmomocha.com /www/Photo 2/Partial hand/_vti_cnf spine2.gif
2007.03.27 20:56 B I:\My Webs\Photo 2\Partial hand\_vti_cnf\spine3.gif --> ftp.kmomocha.com /www/Photo 2/Partial hand/_vti_cnf spine3.gif
2007.03.27 20:56 B I:\My Webs\Photo 2\Partial hand\_vti_cnf\spine4.gif --> ftp.kmomocha.com /www/Photo 2/Partial hand/_vti_cnf spine4.gif
2007.03.27 20:56 B I:\My Webs\Photo 2\Partial hand\_vti_cnf\spine5.gif --> ftp.kmomocha.com /www/Photo 2/Partial hand/_vti_cnf spine5.gif
2007.03.27 20:56 B I:\My Webs\Photo 2\Partial hand\_vti_cnf\spine6.gif --> ftp.kmomocha.com /www/Photo 2/Partial hand/_vti_cnf spine6.gif
2007.03.27 20:56 B I:\My Webs\Photo 2\Partial hand\_vti_cnf\Thumbs.db --> ftp.kmomocha.com /www/Photo 2/Partial hand/_vti_cnf Thumbs.db
2007.03.27 20:56 B I:\My Webs\Photo 2\Partial hand\_vti_cnf\toppronat.gif --> ftp.kmomocha.com /www/Photo 2/Partial hand/_vti_cnf toppronat.gif
2007.03.27 20:56 B I:\My Webs\Photo 2\Partial hand\_vti_cnf\TotalHandProsthesisAfterFitting.jpg --> ftp.kmomocha.com /www/Photo 2/Partial hand/_vti_cnf TotalHandProsthesisAfterFitting.jpg
2007.03.27 20:56 B I:\My Webs\Photo 2\Partial hand\_vti_cnf\TotalHandProsthesisBeforeFitting.jpg --> ftp.kmomocha.com /www/Photo 2/Partial hand/_vti_cnf TotalHandProsthesisBeforeFitting.jpg
2007.03.27 20:56 B I:\My Webs\Photo 2\Partial hand\_vti_cnf\upper_artery.gif --> ftp.kmomocha.com /www/Photo 2/Partial hand/_vti_cnf upper_artery.gif
2007.03.27 20:56 B I:\My Webs\Photo 2\Partial hand\_vti_cnf\urinary1.gif --> ftp.kmomocha.com /www/Photo 2/Partial hand/_vti_cnf urinary1.gif
2007.03.27 20:56 B I:\My Webs\Photo 2\Partial hand\_vti_cnf\urinary2.gif --> ftp.kmomocha.com /www/Photo 2/Partial hand/_vti_cnf urinary2.gif
2007.03.27 20:56 B I:\My Webs\Photo 2\Partial hand\_vti_cnf\urinary3.gif --> ftp.kmomocha.com /www/Photo 2/Partial hand/_vti_cnf urinary3.gif
2007.03.27 20:57 B I:\My Webs\Photo 2\Partial hand\_vti_cnf\WS_FTP.LOG --> ftp.kmomocha.com /www/Photo 2/Partial hand/_vti_cnf WS_FTP.LOG
2009.02.04 12:01 B G:\WEB SITE details\4 My Webs currently used one 4\Photo 2\Partial hand\_vti_cnf\1.jpg --> 69.93.185.18 /www/4 My Webs currently used one 4/Photo 2/Partial hand/_vti_cnf 1.jpg
2009.02.04 12:01 B G:\WEB SITE details\4 My Webs currently used one 4\Photo 2\Partial hand\_vti_cnf\10.jpg --> 69.93.185.18 /www/4 My Webs currently used one 4/Photo 2/Partial hand/_vti_cnf 10.jpg
2009.02.04 12:01 B G:\WEB SITE details\4 My Webs currently used one 4\Photo 2\Partial hand\_vti_cnf\12.jpg --> 69.93.185.18 /www/4 My Webs currently used one 4/Photo 2/Partial hand/_vti_cnf 12.jpg
2009.02.04 12:01 B G:\WEB SITE details\4 My Webs currently used one 4\Photo 2\Partial hand\_vti_cnf\3.jpg --> 69.93.185.18 /www/4 My Webs currently used one 4/Photo 2/Partial hand/_vti_cnf 3.jpg
2009.02.04 12:01 B G:\WEB SITE details\4 My Webs currently used one 4\Photo 2\Partial hand\_vti_cnf\3v (1).jpg --> 69.93.185.18 /www/4 My Webs currently used one 4/Photo 2/Partial hand/_vti_cnf 3v (1).jpg
2009.02.04 12:01 B G:\WEB SITE details\4 My Webs currently used one 4\Photo 2\Partial hand\_vti_cnf\3v.jpg --> 69.93.185.18 /www/4 My Webs currently used one 4/Photo 2/Partial hand/_vti_cnf 3v.jpg
2009.02.04 12:01 B G:\WEB SITE details\4 My Webs currently used one 4\Photo 2\Partial hand\_vti_cnf\6.jpg --> 69.93.185.18 /www/4 My Webs currently used one 4/Photo 2/Partial hand/_vti_cnf 6.jpg
2009.02.04 12:01 B G:\WEB SITE details\4 My Webs currently used one 4\Photo 2\Partial hand\_vti_cnf\8.jpg --> 69.93.185.18 /www/4 My Webs currently used one 4/Photo 2/Partial hand/_vti_cnf 8.jpg
2009.02.04 12:01 B G:\WEB SITE details\4 My Webs currently used one 4\Photo 2\Partial hand\_vti_cnf\9.jpg --> 69.93.185.18 /www/4 My Webs currently used one 4/Photo 2/Partial hand/_vti_cnf 9.jpg
2009.02.04 12:01 B G:\WEB SITE details\4 My Webs currently used one 4\Photo 2\Partial hand\_vti_cnf\9a.jpg --> 69.93.185.18 /www/4 My Webs currently used one 4/Photo 2/Partial hand/_vti_cnf 9a.jpg
2009.02.04 12:01 B G:\WEB SITE details\4 My Webs currently used one 4\Photo 2\Partial hand\_vti_cnf\AE.jpg --> 69.93.185.18 /www/4 My Webs currently used one 4/Photo 2/Partial hand/_vti_cnf AE.jpg
2009.02.04 12:01 B G:\WEB SITE details\4 My Webs currently used one 4\Photo 2\Partial hand\_vti_cnf\Ahand.jpg --> 69.93.185.18 /www/4 My Webs currently used one 4/Photo 2/Partial hand/_vti_cnf Ahand.jpg
2009.02.04 12:01 B G:\WEB SITE details\4 My Webs currently used one 4\Photo 2\Partial hand\_vti_cnf\ankle1.gif --> 69.93.185.18 /www/4 My Webs currently used one 4/Photo 2/Partial hand/_vti_cnf ankle1.gif
2009.02.04 12:01 B G:\WEB SITE details\4 My Webs currently used one 4\Photo 2\Partial hand\_vti_cnf\ankle2.gif --> 69.93.185.18 /www/4 My Webs currently used one 4/Photo 2/Partial hand/_vti_cnf ankle2.gif
2009.02.04 12:01 B G:\WEB SITE details\4 My Webs currently used one 4\Photo 2\Partial hand\_vti_cnf\ankle3.gif --> 69.93.185.18 /www/4 My Webs currently used one 4/Photo 2/Partial hand/_vti_cnf ankle3.gif
2009.02.04 12:01 B G:\WEB SITE details\4 My Webs currently used one 4\Photo 2\Partial hand\_vti_cnf\ankle4.gif --> 69.93.185.18 /www/4 My Webs currently used one 4/Photo 2/Partial hand/_vti_cnf ankle4.gif
2009.02.04 12:01 B G:\WEB SITE details\4 My Webs currently used one 4\Photo 2\Partial hand\_vti_cnf\ankle5.gif --> 69.93.185.18 /www/4 My Webs currently used one 4/Photo 2/Partial hand/_vti_cnf ankle5.gif
2009.02.04 12:01 B G:\WEB SITE details\4 My Webs currently used one 4\Photo 2\Partial hand\_vti_cnf\ankle6.gif --> 69.93.185.18 /www/4 My Webs currently used one 4/Photo 2/Partial hand/_vti_cnf ankle6.gif
2009.02.04 12:01 B G:\WEB SITE details\4 My Webs currently used one 4\Photo 2\Partial hand\_vti_cnf\artery_lower_body1.gif --> 69.93.185.18 /www/4 My Webs currently used one 4/Photo 2/Partial hand/_vti_cnf artery_lower_body1.gif
2009.02.04 12:01 B G:\WEB SITE details\4 My Webs currently used one 4\Photo 2\Partial hand\_vti_cnf\B10.jpg --> 69.93.185.18 /www/4 My Webs currently used one 4/Photo 2/Partial hand/_vti_cnf B10.jpg
2009.02.04 12:01 B G:\WEB SITE details\4 My Webs currently used one 4\Photo 2\Partial hand\_vti_cnf\B11.jpg --> 69.93.185.18 /www/4 My Webs currently used one 4/Photo 2/Partial hand/_vti_cnf B11.jpg
2009.02.04 12:01 B G:\WEB SITE details\4 My Webs currently used one 4\Photo 2\Partial hand\_vti_cnf\B12.jpg --> 69.93.185.18 /www/4 My Webs currently used one 4/Photo 2/Partial hand/_vti_cnf B12.jpg
2009.02.04 12:01 B G:\WEB SITE details\4 My Webs currently used one 4\Photo 2\Partial hand\_vti_cnf\B13.jpg --> 69.93.185.18 /www/4 My Webs currently used one 4/Photo 2/Partial hand/_vti_cnf B13.jpg
2009.02.04 12:01 B G:\WEB SITE details\4 My Webs currently used one 4\Photo 2\Partial hand\_vti_cnf\B14.jpg --> 69.93.185.18 /www/4 My Webs currently used one 4/Photo 2/Partial hand/_vti_cnf B14.jpg
2009.02.04 12:01 B G:\WEB SITE details\4 My Webs currently used one 4\Photo 2\Partial hand\_vti_cnf\B15.jpg --> 69.93.185.18 /www/4 My Webs currently used one 4/Photo 2/Partial hand/_vti_cnf B15.jpg
2009.02.04 12:01 B G:\WEB SITE details\4 My Webs currently used one 4\Photo 2\Partial hand\_vti_cnf\B16.jpg --> 69.93.185.18 /www/4 My Webs currently used one 4/Photo 2/Partial hand/_vti_cnf B16.jpg
2009.02.04 12:01 B G:\WEB SITE details\4 My Webs currently used one 4\Photo 2\Partial hand\_vti_cnf\B17.jpg --> 69.93.185.18 /www/4 My Webs currently used one 4/Photo 2/Partial hand/_vti_cnf B17.jpg
2009.02.04 12:01 B G:\WEB SITE details\4 My Webs currently used one 4\Photo 2\Partial hand\_vti_cnf\B6.jpg --> 69.93.185.18 /www/4 My Webs currently used one 4/Photo 2/Partial hand/_vti_cnf B6.jpg
2009.02.04 12:01 B G:\WEB SITE details\4 My Webs currently used one 4\Photo 2\Partial hand\_vti_cnf\B7.jpg --> 69.93.185.18 /www/4 My Webs currently used one 4/Photo 2/Partial hand/_vti_cnf B7.jpg
2009.02.04 12:02 B G:\WEB SITE details\4 My Webs currently used one 4\Photo 2\Partial hand\_vti_cnf\B8.jpg --> 69.93.185.18 /www/4 My Webs currently used one 4/Photo 2/Partial hand/_vti_cnf B8.jpg
2009.02.04 12:02 B G:\WEB SITE details\4 My Webs currently used one 4\Photo 2\Partial hand\_vti_cnf\B9.jpg --> 69.93.185.18 /www/4 My Webs currently used one 4/Photo 2/Partial hand/_vti_cnf B9.jpg
2009.02.04 12:02 B G:\WEB SITE details\4 My Webs currently used one 4\Photo 2\Partial hand\_vti_cnf\chestartery1.gif --> 69.93.185.18 /www/4 My Webs currently used one 4/Photo 2/Partial hand/_vti_cnf chestartery1.gif
2009.02.04 12:02 B G:\WEB SITE details\4 My Webs currently used one 4\Photo 2\Partial hand\_vti_cnf\eye1.gif --> 69.93.185.18 /www/4 My Webs currently used one 4/Photo 2/Partial hand/_vti_cnf eye1.gif
2009.02.04 12:02 B G:\WEB SITE details\4 My Webs currently used one 4\Photo 2\Partial hand\_vti_cnf\eye2.gif --> 69.93.185.18 /www/4 My Webs currently used one 4/Photo 2/Partial hand/_vti_cnf eye2.gif
2009.02.04 12:02 B G:\WEB SITE details\4 My Webs currently used one 4\Photo 2\Partial hand\_vti_cnf\eye3.gif --> 69.93.185.18 /www/4 My Webs currently used one 4/Photo 2/Partial hand/_vti_cnf eye3.gif
2009.02.04 12:02 B G:\WEB SITE details\4 My Webs currently used one 4\Photo 2\Partial hand\_vti_cnf\eye4.gif --> 69.93.185.18 /www/4 My Webs currently used one 4/Photo 2/Partial hand/_vti_cnf eye4.gif
2009.02.04 12:02 B G:\WEB SITE details\4 My Webs currently used one 4\Photo 2\Partial hand\_vti_cnf\eye5.gif --> 69.93.185.18 /www/4 My Webs currently used one 4/Photo 2/Partial hand/_vti_cnf eye5.gif
2009.02.04 12:02 B G:\WEB SITE details\4 My Webs currently used one 4\Photo 2\Partial hand\_vti_cnf\eye6.gif --> 69.93.185.18 /www/4 My Webs currently used one 4/Photo 2/Partial hand/_vti_cnf eye6.gif
2009.02.04 12:02 B G:\WEB SITE details\4 My Webs currently used one 4\Photo 2\Partial hand\_vti_cnf\foot1.gif --> 69.93.185.18 /www/4 My Webs currently used one 4/Photo 2/Partial hand/_vti_cnf foot1.gif
2009.02.04 12:02 B G:\WEB SITE details\4 My Webs currently used one 4\Photo 2\Partial hand\_vti_cnf\foot2.gif --> 69.93.185.18 /www/4 My Webs currently used one 4/Photo 2/Partial hand/_vti_cnf foot2.gif
2009.02.04 12:02 B G:\WEB SITE details\4 My Webs currently used one 4\Photo 2\Partial hand\_vti_cnf\foot3.gif --> 69.93.185.18 /www/4 My Webs currently used one 4/Photo 2/Partial hand/_vti_cnf foot3.gif
2009.02.04 12:02 B G:\WEB SITE details\4 My Webs currently used one 4\Photo 2\Partial hand\_vti_cnf\foot4.gif --> 69.93.185.18 /www/4 My Webs currently used one 4/Photo 2/Partial hand/_vti_cnf foot4.gif
2009.02.04 12:02 B G:\WEB SITE details\4 My Webs currently used one 4\Photo 2\Partial hand\_vti_cnf\foot5.gif --> 69.93.185.18 /www/4 My Webs currently used one 4/Photo 2/Partial hand/_vti_cnf foot5.gif
2009.02.04 12:02 B G:\WEB SITE details\4 My Webs currently used one 4\Photo 2\Partial hand\_vti_cnf\foot6.gif --> 69.93.185.18 /www/4 My Webs currently used one 4/Photo 2/Partial hand/_vti_cnf foot6.gif
2009.02.04 12:02 B G:\WEB SITE details\4 My Webs currently used one 4\Photo 2\Partial hand\_vti_cnf\footartery1.gif --> 69.93.185.18 /www/4 My Webs currently used one 4/Photo 2/Partial hand/_vti_cnf footartery1.gif
2009.02.04 12:02 B G:\WEB SITE details\4 My Webs currently used one 4\Photo 2\Partial hand\_vti_cnf\full_skeleton.gif --> 69.93.185.18 /www/4 My Webs currently used one 4/Photo 2/Partial hand/_vti_cnf full_skeleton.gif
2009.02.04 12:02 B G:\WEB SITE details\4 My Webs currently used one 4\Photo 2\Partial hand\_vti_cnf\img0052.jpg --> 69.93.185.18 /www/4 My Webs currently used one 4/Photo 2/Partial hand/_vti_cnf img0052.jpg
2009.02.04 12:02 B G:\WEB SITE details\4 My Webs currently used one 4\Photo 2\Partial hand\_vti_cnf\img0053.jpg --> 69.93.185.18 /www/4 My Webs currently used one 4/Photo 2/Partial hand/_vti_cnf img0053.jpg
2009.02.04 12:02 B G:\WEB SITE details\4 My Webs currently used one 4\Photo 2\Partial hand\_vti_cnf\img0055.jpg --> 69.93.185.18 /www/4 My Webs currently used one 4/Photo 2/Partial hand/_vti_cnf img0055.jpg
2009.02.04 12:02 B G:\WEB SITE details\4 My Webs currently used one 4\Photo 2\Partial hand\_vti_cnf\img0056.jpg --> 69.93.185.18 /www/4 My Webs currently used one 4/Photo 2/Partial hand/_vti_cnf img0056.jpg
2009.02.04 12:02 B G:\WEB SITE details\4 My Webs currently used one 4\Photo 2\Partial hand\_vti_cnf\img0063.jpg --> 69.93.185.18 /www/4 My Webs currently used one 4/Photo 2/Partial hand/_vti_cnf img0063.jpg
2009.02.04 12:02 B G:\WEB SITE details\4 My Webs currently used one 4\Photo 2\Partial hand\_vti_cnf\img0064.jpg --> 69.93.185.18 /www/4 My Webs currently used one 4/Photo 2/Partial hand/_vti_cnf img0064.jpg
2009.02.04 12:02 B G:\WEB SITE details\4 My Webs currently used one 4\Photo 2\Partial hand\_vti_cnf\img0073.jpg --> 69.93.185.18 /www/4 My Webs currently used one 4/Photo 2/Partial hand/_vti_cnf img0073.jpg
2009.02.04 12:02 B G:\WEB SITE details\4 My Webs currently used one 4\Photo 2\Partial hand\_vti_cnf\img0074.jpg --> 69.93.185.18 /www/4 My Webs currently used one 4/Photo 2/Partial hand/_vti_cnf img0074.jpg
2009.02.04 12:02 B G:\WEB SITE details\4 My Webs currently used one 4\Photo 2\Partial hand\_vti_cnf\img0081.jpg --> 69.93.185.18 /www/4 My Webs currently used one 4/Photo 2/Partial hand/_vti_cnf img0081.jpg
2009.02.04 12:02 B G:\WEB SITE details\4 My Webs currently used one 4\Photo 2\Partial hand\_vti_cnf\img0082.jpg --> 69.93.185.18 /www/4 My Webs currently used one 4/Photo 2/Partial hand/_vti_cnf img0082.jpg
2009.02.04 12:02 B G:\WEB SITE details\4 My Webs currently used one 4\Photo 2\Partial hand\_vti_cnf\kidney1.gif --> 69.93.185.18 /www/4 My Webs currently used one 4/Photo 2/Partial hand/_vti_cnf kidney1.gif
2009.02.04 12:02 B G:\WEB SITE details\4 My Webs currently used one 4\Photo 2\Partial hand\_vti_cnf\kidney2.gif --> 69.93.185.18 /www/4 My Webs currently used one 4/Photo 2/Partial hand/_vti_cnf kidney2.gif
2009.02.04 12:02 B G:\WEB SITE details\4 My Webs currently used one 4\Photo 2\Partial hand\_vti_cnf\kidney4.gif --> 69.93.185.18 /www/4 My Webs currently used one 4/Photo 2/Partial hand/_vti_cnf kidney4.gif
2009.02.04 12:02 B G:\WEB SITE details\4 My Webs currently used one 4\Photo 2\Partial hand\_vti_cnf\knee1.gif --> 69.93.185.18 /www/4 My Webs currently used one 4/Photo 2/Partial hand/_vti_cnf knee1.gif
2009.02.04 12:02 B G:\WEB SITE details\4 My Webs currently used one 4\Photo 2\Partial hand\_vti_cnf\knee2.gif --> 69.93.185.18 /www/4 My Webs currently used one 4/Photo 2/Partial hand/_vti_cnf knee2.gif
2009.02.04 12:02 B G:\WEB SITE details\4 My Webs currently used one 4\Photo 2\Partial hand\_vti_cnf\knee3.gif --> 69.93.185.18 /www/4 My Webs currently used one 4/Photo 2/Partial hand/_vti_cnf knee3.gif
2009.02.04 12:02 B G:\WEB SITE details\4 My Webs currently used one 4\Photo 2\Partial hand\_vti_cnf\knee4.gif --> 69.93.185.18 /www/4 My Webs currently used one 4/Photo 2/Partial hand/_vti_cnf knee4.gif
2009.02.04 12:02 B G:\WEB SITE details\4 My Webs currently used one 4\Photo 2\Partial hand\_vti_cnf\knee5.gif --> 69.93.185.18 /www/4 My Webs currently used one 4/Photo 2/Partial hand/_vti_cnf knee5.gif
2009.02.04 12:02 B G:\WEB SITE details\4 My Webs currently used one 4\Photo 2\Partial hand\_vti_cnf\knee6.gif --> 69.93.185.18 /www/4 My Webs currently used one 4/Photo 2/Partial hand/_vti_cnf knee6.gif
2009.02.04 12:02 B G:\WEB SITE details\4 My Webs currently used one 4\Photo 2\Partial hand\_vti_cnf\kneeartery2.gif --> 69.93.185.18 /www/4 My Webs currently used one 4/Photo 2/Partial hand/_vti_cnf kneeartery2.gif
2009.02.04 12:02 B G:\WEB SITE details\4 My Webs currently used one 4\Photo 2\Partial hand\_vti_cnf\leg1.gif --> 69.93.185.18 /www/4 My Webs currently used one 4/Photo 2/Partial hand/_vti_cnf leg1.gif
2009.02.04 12:02 B G:\WEB SITE details\4 My Webs currently used one 4\Photo 2\Partial hand\_vti_cnf\leg2.gif --> 69.93.185.18 /www/4 My Webs currently used one 4/Photo 2/Partial hand/_vti_cnf leg2.gif
2009.02.04 12:02 B G:\WEB SITE details\4 My Webs currently used one 4\Photo 2\Partial hand\_vti_cnf\leg3.gif --> 69.93.185.18 /www/4 My Webs currently used one 4/Photo 2/Partial hand/_vti_cnf leg3.gif
2009.02.04 12:02 B G:\WEB SITE details\4 My Webs currently used one 4\Photo 2\Partial hand\_vti_cnf\leg4.gif --> 69.93.185.18 /www/4 My Webs currently used one 4/Photo 2/Partial hand/_vti_cnf leg4.gif
2009.02.04 12:02 B G:\WEB SITE details\4 My Webs currently used one 4\Photo 2\Partial hand\_vti_cnf\leg5.gif --> 69.93.185.18 /www/4 My Webs currently used one 4/Photo 2/Partial hand/_vti_cnf leg5.gif
2009.02.04 12:02 B G:\WEB SITE details\4 My Webs currently used one 4\Photo 2\Partial hand\_vti_cnf\leg6.gif --> 69.93.185.18 /www/4 My Webs currently used one 4/Photo 2/Partial hand/_vti_cnf leg6.gif
2009.02.04 12:02 B G:\WEB SITE details\4 My Webs currently used one 4\Photo 2\Partial hand\_vti_cnf\legartery1.gif --> 69.93.185.18 /www/4 My Webs currently used one 4/Photo 2/Partial hand/_vti_cnf legartery1.gif
2009.02.04 12:02 B G:\WEB SITE details\4 My Webs currently used one 4\Photo 2\Partial hand\_vti_cnf\lung1.gif --> 69.93.185.18 /www/4 My Webs currently used one 4/Photo 2/Partial hand/_vti_cnf lung1.gif
2009.02.04 12:02 B G:\WEB SITE details\4 My Webs currently used one 4\Photo 2\Partial hand\_vti_cnf\lung2.gif --> 69.93.185.18 /www/4 My Webs currently used one 4/Photo 2/Partial hand/_vti_cnf lung2.gif
2009.02.04 12:02 B G:\WEB SITE details\4 My Webs currently used one 4\Photo 2\Partial hand\_vti_cnf\lung3.gif --> 69.93.185.18 /www/4 My Webs currently used one 4/Photo 2/Partial hand/_vti_cnf lung3.gif
2009.02.04 12:02 B G:\WEB SITE details\4 My Webs currently used one 4\Photo 2\Partial hand\_vti_cnf\m1.jpg --> 69.93.185.18 /www/4 My Webs currently used one 4/Photo 2/Partial hand/_vti_cnf m1.jpg
2009.02.04 12:02 B G:\WEB SITE details\4 My Webs currently used one 4\Photo 2\Partial hand\_vti_cnf\skeleton1.gif --> 69.93.185.18 /www/4 My Webs currently used one 4/Photo 2/Partial hand/_vti_cnf skeleton1.gif
2009.02.04 12:02 B G:\WEB SITE details\4 My Webs currently used one 4\Photo 2\Partial hand\_vti_cnf\skeleton2.gif --> 69.93.185.18 /www/4 My Webs currently used one 4/Photo 2/Partial hand/_vti_cnf skeleton2.gif
2009.02.04 12:02 B G:\WEB SITE details\4 My Webs currently used one 4\Photo 2\Partial hand\_vti_cnf\skull1.gif --> 69.93.185.18 /www/4 My Webs currently used one 4/Photo 2/Partial hand/_vti_cnf skull1.gif
2009.02.04 12:02 B G:\WEB SITE details\4 My Webs currently used one 4\Photo 2\Partial hand\_vti_cnf\skull3.gif --> 69.93.185.18 /www/4 My Webs currently used one 4/Photo 2/Partial hand/_vti_cnf skull3.gif
2009.02.04 12:02 B G:\WEB SITE details\4 My Webs currently used one 4\Photo 2\Partial hand\_vti_cnf\skull4.gif --> 69.93.185.18 /www/4 My Webs currently used one 4/Photo 2/Partial hand/_vti_cnf skull4.gif
2009.02.04 12:02 B G:\WEB SITE details\4 My Webs currently used one 4\Photo 2\Partial hand\_vti_cnf\spacer.gif --> 69.93.185.18 /www/4 My Webs currently used one 4/Photo 2/Partial hand/_vti_cnf spacer.gif
2009.02.04 12:02 B G:\WEB SITE details\4 My Webs currently used one 4\Photo 2\Partial hand\_vti_cnf\spine1.gif --> 69.93.185.18 /www/4 My Webs currently used one 4/Photo 2/Partial hand/_vti_cnf spine1.gif
2009.02.04 12:03 B G:\WEB SITE details\4 My Webs currently used one 4\Photo 2\Partial hand\_vti_cnf\spine2.gif --> 69.93.185.18 /www/4 My Webs currently used one 4/Photo 2/Partial hand/_vti_cnf spine2.gif
2009.02.04 12:03 B G:\WEB SITE details\4 My Webs currently used one 4\Photo 2\Partial hand\_vti_cnf\spine3.gif --> 69.93.185.18 /www/4 My Webs currently used one 4/Photo 2/Partial hand/_vti_cnf spine3.gif
2009.02.04 12:03 B G:\WEB SITE details\4 My Webs currently used one 4\Photo 2\Partial hand\_vti_cnf\spine4.gif --> 69.93.185.18 /www/4 My Webs currently used one 4/Photo 2/Partial hand/_vti_cnf spine4.gif
2009.02.04 12:03 B G:\WEB SITE details\4 My Webs currently used one 4\Photo 2\Partial hand\_vti_cnf\spine5.gif --> 69.93.185.18 /www/4 My Webs currently used one 4/Photo 2/Partial hand/_vti_cnf spine5.gif
2009.02.04 12:03 B G:\WEB SITE details\4 My Webs currently used one 4\Photo 2\Partial hand\_vti_cnf\spine6.gif --> 69.93.185.18 /www/4 My Webs currently used one 4/Photo 2/Partial hand/_vti_cnf spine6.gif
2009.02.04 12:03 B G:\WEB SITE details\4 My Webs currently used one 4\Photo 2\Partial hand\_vti_cnf\Thumbs.db --> 69.93.185.18 /www/4 My Webs currently used one 4/Photo 2/Partial hand/_vti_cnf Thumbs.db
2009.02.04 12:03 B G:\WEB SITE details\4 My Webs currently used one 4\Photo 2\Partial hand\_vti_cnf\toppronat.gif --> 69.93.185.18 /www/4 My Webs currently used one 4/Photo 2/Partial hand/_vti_cnf toppronat.gif
2009.02.04 12:03 B G:\WEB SITE details\4 My Webs currently used one 4\Photo 2\Partial hand\_vti_cnf\TotalHandProsthesisAfterFitting.jpg --> 69.93.185.18 /www/4 My Webs currently used one 4/Photo 2/Partial hand/_vti_cnf TotalHandProsthesisAfterFitting.jpg
2009.02.04 12:03 B G:\WEB SITE details\4 My Webs currently used one 4\Photo 2\Partial hand\_vti_cnf\TotalHandProsthesisBeforeFitting.jpg --> 69.93.185.18 /www/4 My Webs currently used one 4/Photo 2/Partial hand/_vti_cnf TotalHandProsthesisBeforeFitting.jpg
2009.02.04 12:03 B G:\WEB SITE details\4 My Webs currently used one 4\Photo 2\Partial hand\_vti_cnf\upper_artery.gif --> 69.93.185.18 /www/4 My Webs currently used one 4/Photo 2/Partial hand/_vti_cnf upper_artery.gif
2009.02.04 12:03 B G:\WEB SITE details\4 My Webs currently used one 4\Photo 2\Partial hand\_vti_cnf\urinary1.gif --> 69.93.185.18 /www/4 My Webs currently used one 4/Photo 2/Partial hand/_vti_cnf urinary1.gif
2009.02.04 12:03 B G:\WEB SITE details\4 My Webs currently used one 4\Photo 2\Partial hand\_vti_cnf\urinary2.gif --> 69.93.185.18 /www/4 My Webs currently used one 4/Photo 2/Partial hand/_vti_cnf urinary2.gif
2009.02.04 12:03 B G:\WEB SITE details\4 My Webs currently used one 4\Photo 2\Partial hand\_vti_cnf\urinary3.gif --> 69.93.185.18 /www/4 My Webs currently used one 4/Photo 2/Partial hand/_vti_cnf urinary3.gif
2009.02.04 12:03 B G:\WEB SITE details\4 My Webs currently used one 4\Photo 2\Partial hand\_vti_cnf\WS_FTP.LOG --> 69.93.185.18 /www/4 My Webs currently used one 4/Photo 2/Partial hand/_vti_cnf WS_FTP.LOG
2009.05.28 14:39 B G:\WEB SITE details\5 Web site  currently used one 5\Photo 2\Partial hand\_vti_cnf\ankle1.gif --> ftp.kmomocha.com /www/Photo 2/Partial hand/_vti_cnf ankle1.gif
2009.05.28 14:39 B G:\WEB SITE details\5 Web site  currently used one 5\Photo 2\Partial hand\_vti_cnf\ankle2.gif --> ftp.kmomocha.com /www/Photo 2/Partial hand/_vti_cnf ankle2.gif
2009.05.28 14:39 B G:\WEB SITE details\5 Web site  currently used one 5\Photo 2\Partial hand\_vti_cnf\ankle3.gif --> ftp.kmomocha.com /www/Photo 2/Partial hand/_vti_cnf ankle3.gif
2009.05.28 14:39 B G:\WEB SITE details\5 Web site  currently used one 5\Photo 2\Partial hand\_vti_cnf\ankle4.gif --> ftp.kmomocha.com /www/Photo 2/Partial hand/_vti_cnf ankle4.gif
2009.05.28 14:39 B G:\WEB SITE details\5 Web site  currently used one 5\Photo 2\Partial hand\_vti_cnf\ankle5.gif --> ftp.kmomocha.com /www/Photo 2/Partial hand/_vti_cnf ankle5.gif
2009.05.28 14:39 B G:\WEB SITE details\5 Web site  currently used one 5\Photo 2\Partial hand\_vti_cnf\ankle6.gif --> ftp.kmomocha.com /www/Photo 2/Partial hand/_vti_cnf ankle6.gif
2009.05.28 14:39 B G:\WEB SITE details\5 Web site  currently used one 5\Photo 2\Partial hand\_vti_cnf\artery_lower_body1.gif --> ftp.kmomocha.com /www/Photo 2/Partial hand/_vti_cnf artery_lower_body1.gif
2009.05.28 14:39 B G:\WEB SITE details\5 Web site  currently used one 5\Photo 2\Partial hand\_vti_cnf\chestartery1.gif --> ftp.kmomocha.com /www/Photo 2/Partial hand/_vti_cnf chestartery1.gif
2009.05.28 14:39 B G:\WEB SITE details\5 Web site  currently used one 5\Photo 2\Partial hand\_vti_cnf\eye1.gif --> ftp.kmomocha.com /www/Photo 2/Partial hand/_vti_cnf eye1.gif
2009.05.28 14:39 B G:\WEB SITE details\5 Web site  currently used one 5\Photo 2\Partial hand\_vti_cnf\eye2.gif --> ftp.kmomocha.com /www/Photo 2/Partial hand/_vti_cnf eye2.gif
2009.05.28 14:39 B G:\WEB SITE details\5 Web site  currently used one 5\Photo 2\Partial hand\_vti_cnf\eye3.gif --> ftp.kmomocha.com /www/Photo 2/Partial hand/_vti_cnf eye3.gif
2009.05.28 14:39 B G:\WEB SITE details\5 Web site  currently used one 5\Photo 2\Partial hand\_vti_cnf\eye4.gif --> ftp.kmomocha.com /www/Photo 2/Partial hand/_vti_cnf eye4.gif
2009.05.28 14:39 B G:\WEB SITE details\5 Web site  currently used one 5\Photo 2\Partial hand\_vti_cnf\eye5.gif --> ftp.kmomocha.com /www/Photo 2/Partial hand/_vti_cnf eye5.gif
2009.05.28 14:39 B G:\WEB SITE details\5 Web site  currently used one 5\Photo 2\Partial hand\_vti_cnf\eye6.gif --> ftp.kmomocha.com /www/Photo 2/Partial hand/_vti_cnf eye6.gif
2009.05.28 14:39 B G:\WEB SITE details\5 Web site  currently used one 5\Photo 2\Partial hand\_vti_cnf\foot1.gif --> ftp.kmomocha.com /www/Photo 2/Partial hand/_vti_cnf foot1.gif
2009.05.28 14:39 B G:\WEB SITE details\5 Web site  currently used one 5\Photo 2\Partial hand\_vti_cnf\foot2.gif --> ftp.kmomocha.com /www/Photo 2/Partial hand/_vti_cnf foot2.gif
2009.05.28 14:39 B G:\WEB SITE details\5 Web site  currently used one 5\Photo 2\Partial hand\_vti_cnf\foot3.gif --> ftp.kmomocha.com /www/Photo 2/Partial hand/_vti_cnf foot3.gif
2009.05.28 14:39 B G:\WEB SITE details\5 Web site  currently used one 5\Photo 2\Partial hand\_vti_cnf\foot4.gif --> ftp.kmomocha.com /www/Photo 2/Partial hand/_vti_cnf foot4.gif
2009.05.28 14:39 B G:\WEB SITE details\5 Web site  currently used one 5\Photo 2\Partial hand\_vti_cnf\foot5.gif --> ftp.kmomocha.com /www/Photo 2/Partial hand/_vti_cnf foot5.gif
2009.05.28 14:39 B G:\WEB SITE details\5 Web site  currently used one 5\Photo 2\Partial hand\_vti_cnf\foot6.gif --> ftp.kmomocha.com /www/Photo 2/Partial hand/_vti_cnf foot6.gif
2009.05.28 14:39 B G:\WEB SITE details\5 Web site  currently used one 5\Photo 2\Partial hand\_vti_cnf\footartery1.gif --> ftp.kmomocha.com /www/Photo 2/Partial hand/_vti_cnf footartery1.gif
2009.05.28 14:39 B G:\WEB SITE details\5 Web site  currently used one 5\Photo 2\Partial hand\_vti_cnf\full_skeleton.gif --> ftp.kmomocha.com /www/Photo 2/Partial hand/_vti_cnf full_skeleton.gif
2009.05.28 14:39 B G:\WEB SITE details\5 Web site  currently used one 5\Photo 2\Partial hand\_vti_cnf\kidney1.gif --> ftp.kmomocha.com /www/Photo 2/Partial hand/_vti_cnf kidney1.gif
2009.05.28 14:39 B G:\WEB SITE details\5 Web site  currently used one 5\Photo 2\Partial hand\_vti_cnf\kidney2.gif --> ftp.kmomocha.com /www/Photo 2/Partial hand/_vti_cnf kidney2.gif
2009.05.28 14:39 B G:\WEB SITE details\5 Web site  currently used one 5\Photo 2\Partial hand\_vti_cnf\kidney4.gif --> ftp.kmomocha.com /www/Photo 2/Partial hand/_vti_cnf kidney4.gif
2009.05.28 14:39 B G:\WEB SITE details\5 Web site  currently used one 5\Photo 2\Partial hand\_vti_cnf\knee1.gif --> ftp.kmomocha.com /www/Photo 2/Partial hand/_vti_cnf knee1.gif
2009.05.28 14:39 B G:\WEB SITE details\5 Web site  currently used one 5\Photo 2\Partial hand\_vti_cnf\knee2.gif --> ftp.kmomocha.com /www/Photo 2/Partial hand/_vti_cnf knee2.gif
2009.05.28 14:40 B G:\WEB SITE details\5 Web site  currently used one 5\Photo 2\Partial hand\_vti_cnf\knee3.gif --> ftp.kmomocha.com /www/Photo 2/Partial hand/_vti_cnf knee3.gif
2009.05.28 14:40 B G:\WEB SITE details\5 Web site  currently used one 5\Photo 2\Partial hand\_vti_cnf\knee4.gif --> ftp.kmomocha.com /www/Photo 2/Partial hand/_vti_cnf knee4.gif
2009.05.28 14:40 B G:\WEB SITE details\5 Web site  currently used one 5\Photo 2\Partial hand\_vti_cnf\knee5.gif --> ftp.kmomocha.com /www/Photo 2/Partial hand/_vti_cnf knee5.gif
2009.05.28 14:40 B G:\WEB SITE details\5 Web site  currently used one 5\Photo 2\Partial hand\_vti_cnf\knee6.gif --> ftp.kmomocha.com /www/Photo 2/Partial hand/_vti_cnf knee6.gif
2009.05.28 14:40 B G:\WEB SITE details\5 Web site  currently used one 5\Photo 2\Partial hand\_vti_cnf\kneeartery2.gif --> ftp.kmomocha.com /www/Photo 2/Partial hand/_vti_cnf kneeartery2.gif
2009.05.28 14:40 B G:\WEB SITE details\5 Web site  currently used one 5\Photo 2\Partial hand\_vti_cnf\legartery1.gif --> ftp.kmomocha.com /www/Photo 2/Partial hand/_vti_cnf legartery1.gif
2009.05.28 14:40 B G:\WEB SITE details\5 Web site  currently used one 5\Photo 2\Partial hand\_vti_cnf\lung1.gif --> ftp.kmomocha.com /www/Photo 2/Partial hand/_vti_cnf lung1.gif
2009.05.28 14:40 B G:\WEB SITE details\5 Web site  currently used one 5\Photo 2\Partial hand\_vti_cnf\lung2.gif --> ftp.kmomocha.com /www/Photo 2/Partial hand/_vti_cnf lung2.gif
2009.05.28 14:40 B G:\WEB SITE details\5 Web site  currently used one 5\Photo 2\Partial hand\_vti_cnf\lung3.gif --> ftp.kmomocha.com /www/Photo 2/Partial hand/_vti_cnf lung3.gif
2009.05.28 14:40 B G:\WEB SITE details\5 Web site  currently used one 5\Photo 2\Partial hand\_vti_cnf\skeleton1.gif --> ftp.kmomocha.com /www/Photo 2/Partial hand/_vti_cnf skeleton1.gif
2009.05.28 14:40 B G:\WEB SITE details\5 Web site  currently used one 5\Photo 2\Partial hand\_vti_cnf\skeleton2.gif --> ftp.kmomocha.com /www/Photo 2/Partial hand/_vti_cnf skeleton2.gif
2009.05.28 14:40 B G:\WEB SITE details\5 Web site  currently used one 5\Photo 2\Partial hand\_vti_cnf\skull1.gif --> ftp.kmomocha.com /www/Photo 2/Partial hand/_vti_cnf skull1.gif
2009.05.28 14:40 B G:\WEB SITE details\5 Web site  currently used one 5\Photo 2\Partial hand\_vti_cnf\skull3.gif --> ftp.kmomocha.com /www/Photo 2/Partial hand/_vti_cnf skull3.gif
2009.05.28 14:40 B G:\WEB SITE details\5 Web site  currently used one 5\Photo 2\Partial hand\_vti_cnf\skull4.gif --> ftp.kmomocha.com /www/Photo 2/Partial hand/_vti_cnf skull4.gif
2009.05.28 14:40 B G:\WEB SITE details\5 Web site  currently used one 5\Photo 2\Partial hand\_vti_cnf\spacer.gif --> ftp.kmomocha.com /www/Photo 2/Partial hand/_vti_cnf spacer.gif
2009.05.28 14:40 B G:\WEB SITE details\5 Web site  currently used one 5\Photo 2\Partial hand\_vti_cnf\spine1.gif --> ftp.kmomocha.com /www/Photo 2/Partial hand/_vti_cnf spine1.gif
2009.05.28 14:40 B G:\WEB SITE details\5 Web site  currently used one 5\Photo 2\Partial hand\_vti_cnf\spine2.gif --> ftp.kmomocha.com /www/Photo 2/Partial hand/_vti_cnf spine2.gif
2009.05.28 14:40 B G:\WEB SITE details\5 Web site  currently used one 5\Photo 2\Partial hand\_vti_cnf\spine3.gif --> ftp.kmomocha.com /www/Photo 2/Partial hand/_vti_cnf spine3.gif
2009.05.28 14:40 B G:\WEB SITE details\5 Web site  currently used one 5\Photo 2\Partial hand\_vti_cnf\spine4.gif --> ftp.kmomocha.com /www/Photo 2/Partial hand/_vti_cnf spine4.gif
2009.05.28 14:40 B G:\WEB SITE details\5 Web site  currently used one 5\Photo 2\Partial hand\_vti_cnf\spine5.gif --> ftp.kmomocha.com /www/Photo 2/Partial hand/_vti_cnf spine5.gif
2009.05.28 14:40 B G:\WEB SITE details\5 Web site  currently used one 5\Photo 2\Partial hand\_vti_cnf\spine6.gif --> ftp.kmomocha.com /www/Photo 2/Partial hand/_vti_cnf spine6.gif
2009.05.28 14:40 B G:\WEB SITE details\5 Web site  currently used one 5\Photo 2\Partial hand\_vti_cnf\upper_artery.gif --> ftp.kmomocha.com /www/Photo 2/Partial hand/_vti_cnf upper_artery.gif
2009.05.28 14:40 B G:\WEB SITE details\5 Web site  currently used one 5\Photo 2\Partial hand\_vti_cnf\urinary1.gif --> ftp.kmomocha.com /www/Photo 2/Partial hand/_vti_cnf urinary1.gif
2009.05.28 14:40 B G:\WEB SITE details\5 Web site  currently used one 5\Photo 2\Partial hand\_vti_cnf\urinary2.gif --> ftp.kmomocha.com /www/Photo 2/Partial hand/_vti_cnf urinary2.gif
2009.05.28 14:40 B G:\WEB SITE details\5 Web site  currently used one 5\Photo 2\Partial hand\_vti_cnf\urinary3.gif --> ftp.kmomocha.com /www/Photo 2/Partial hand/_vti_cnf urinary3.gif
2009.05.28 14:40 B G:\WEB SITE details\5 Web site  currently used one 5\Photo 2\Partial hand\_vti_cnf\WS_FTP.LOG --> ftp.kmomocha.com /www/Photo 2/Partial hand/_vti_cnf WS_FTP.LOG
